0.0   0   -0.31925605048573874   0.22674003514733554
0.5   1   -0.992596642316626   0.1161782827462493
1.0   2   -1.0017396778443741   0.030648512553031085
1.65   3   -1.0026771657243296   0.03185800491163182
2.66   4   -1.0133738978013678   0.06708137905010403
3.17   5   -1.0151012859904958   0.035500114343171046
4.47   6   -1.0192279354665852   0.027917017842553394
4.98   7   -1.0201653647013973   0.00809492228926851
5.47   8   -1.0202240457546763   0.003748795256278009
6.44   9   -1.0203329046323362   0.009100038198727265
7.2   10   -1.0206946497272242   0.004011753812247893
7.96   11   -1.0207202567980744   0.0008770232001838218
8.71   12   -1.0207255320331476   0.0017740562347575905
9.69   13   -1.0207542764716235   0.002450583726834887
10.42   14   -1.0207694041575648   0.000165963807907005
11.1   15   -1.0207694343864704   0.00010326028160733058
12.43   16   -1.0207714211235321   0.001004006863007897
13.38   17   -1.020781881317542   0.00015395747813677112
14.07   18   -1.0207823455732155   0.0002887827196830729
14.95   19   -1.0207838045751856   0.0001254508114730624
15.61   20   -1.0207839145595228   7.27834739150211e-6
16.48   21   -1.0207839159322245   3.022317977779542e-5
0.0   0   -1.0207839159322243   0.0008671798297662568
2.09   1   -1.0207835895831563   0.0005606932690635807
5.23   2   -1.0207838495086459   0.0002860390488544206
