0.0   0   -0.9624200339401712   0.18073505082859537
0.5   1   -0.9797980108938097   0.18894264746203665
1.26   2   -1.0182582912826568   0.1246506892268157
2.59   3   -1.0941830681637719   0.18370626117707503
8.52   4   -1.1104424634671355   0.24678166668021811
9.4   5   -1.141148446060446   0.384057062158772
10.79   6   -1.1772316776628997   0.12992907179272029
11.32   7   -1.1852484542483404   0.024238623977709328
12.1   8   -1.185810181851359   0.0358081507467689
13.24   9   -1.1884420695758098   0.012806803303540077
14.02   10   -1.188837331582687   0.006823939848934604
14.82   11   -1.1890701845938727   0.007046315020666406
15.87   12   -1.1894562010615823   0.015224545548386554
16.71   13   -1.190020040971288   0.0027868469399454526
17.51   14   -1.1900636740881727   0.002188997768594464
18.3   15   -1.190138569292569   0.0022154027625054203
19.09   16   -1.1901499017221218   0.0010128062044446199
19.83   17   -1.1901545448788369   0.0015101562562064117
20.61   18   -1.1901626068093762   0.0011622843972174165
21.6   19   -1.1901702258224744   0.000899316286127245
22.39   20   -1.1901751096711757   0.00032598783911690863
23.37   21   -1.190180823091743   0.0015836135920762806
24.47   22   -1.1902020443634211   0.0001770025405437491
25.15   23   -1.190202159400697   4.366405986287958e-5
26.36   24   -1.190202380921373   0.000164701133825894
0.0   0   -1.1902023809213729   0.07623060802011054
18.58   1   -1.1902023809582662   0.00023925462691701222
27.62   2   -1.1902023897149911   9.597447401559238e-5
