0.0   0   -0.5036821790624862   0.04395276629568926
3.11   1   -0.5580419410958184   0.10474407266816653
10.01   2   -0.6406765951621022   0.007537756115895402
14.33   3   -0.6460460718872475   0.005214618853994705
16.52   4   -0.6515275255646001   0.0014965875547754423
21.17   5   -0.6537393416454276   0.00288662292222531
22.82   6   -0.6580926549415161   0.0010926050967577897
24.4   7   -0.6593150656879714   0.0013032048698362567
25.91   8   -0.6603007769288227   0.001566185340117424
27.33   9   -0.6610337804227758   0.00040157097547119467
28.83   10   -0.6612246862552493   0.00037483643935150583
32.05   11   -0.6613035587754923   0.00015066586598088132
35.42   12   -0.6613463766763372   0.00018507312700383102
37.39   13   -0.6615272284616853   0.0002694957482128923
38.92   14   -0.6616005859759699   0.00011951207987401858
40.81   15   -0.6616320322383573   9.941832513174981e-5
42.71   16   -0.6616966789016696   8.626585579262761e-5
44.12   17   -0.6617458537038006   4.926216881394812e-5
45.55   18   -0.6617498294912247   1.1444625941117617e-5
46.97   19   -0.6617506165974533   5.975059308862437e-6
48.32   20   -0.6617507840352497   5.2407810339109035e-6
50.13   21   -0.6617519159996341   1.1993059368014487e-5
51.56   22   -0.6617529450718709   9.091095355588307e-6
53.04   23   -0.6617533221603245   3.7001962430401373e-6
72.2   24   -0.6617431704655179   0.0010537223271346193
73.47   25   -0.6617432286497753   1.4582557642496373e-5
76.18   26   -0.6617434818352205   1.1980354276723813e-5
