0.0   0   -0.9624200339401711   0.18073505900535775
0.25   1   -0.9797980088547102   0.18894265223505544
0.63   2   -1.0182582914109115   0.12465068101440237
1.37   3   -1.09418307130109   0.18370595158650915
3.8   4   -1.1104423610854972   0.24678047171301246
4.3   5   -1.1411470154708685   0.3840561215440226
5.06   6   -1.1772320108901801   0.1299257413476256
5.33   7   -1.1852484131920034   0.024238341433971994
5.73   8   -1.1858101543877906   0.0358099745217655
6.67   9   -1.188442066122862   0.012806119070083678
7.09   10   -1.1888373237849672   0.0068243849335391646
7.53   11   -1.1890701818868437   0.0070460877420772715
8.06   12   -1.1894562278280212   0.015226171979728781
8.53   13   -1.1900200309303333   0.00278688537127992
9.14   14   -1.1900636528582529   0.002188827332315374
9.62   15   -1.1901385707129006   0.0022145450931630134
10.02   16   -1.1901499050636362   0.0010131614311022833
10.37   17   -1.190154551070567   0.001509646651424372
10.77   18   -1.1901626077570433   0.0011625844974334344
11.27   19   -1.190170238992857   0.00090053896226967
11.68   20   -1.190175109380991   0.00032667416987272737
12.19   21   -1.1901807809666858   0.0015849535861161064
12.86   22   -1.190202042490674   0.00017615834899033258
13.23   23   -1.1902021597870518   4.397688049525553e-5
13.84   24   -1.190202378409825   0.00016116187202025562
