0.0   0   -0.5011749575801672   0.004939875173825344
48.52   1   -0.6349543450362575   0.02888835458602451
69.86   2   -0.6436494877575376   0.02511713630613062
81.89   3   -0.6601468990276627   0.0015249959741933388
94.17   4   -0.6602250632902386   0.0003109892826891995
110.48   5   -0.6602361213207795   0.0006944100117977499
154.97   6   -0.660266377509902   0.0014969032687054064
251.95   7   -0.6611886808654515   0.004058161680365075
320.98   8   -0.6612132271858254   0.004336386564062275
356.45   9   -0.6616277924106507   0.005210616207675478
394.45   10   -0.6625452020908951   0.003281829381476491
449.35   11   -0.6635053851314815   0.006044347303723117
505.18   12   -0.6649754118445796   0.005894228123558494
558.84   13   -0.6665950594395064   0.0039568330139895455
595.83   14   -0.667362853415946   0.002085447923961354
651.72   15   -0.6676462955729476   0.001979838409249266
708.72   16   -0.6680052689329864   0.002117064358253481
746.16   17   -0.6681825731870112   0.001625119417393599
802.13   18   -0.6682570626271145   0.0010251836792425284
859.01   19   -0.668329108093616   0.0013361753584083776
911.64   20   -0.6683786848814866   0.0012825346865795685
967.07   21   -0.6684308212626583   0.0017504299639462544
1022.49   22   -0.6684755772038499   0.0008238226999888187
1078.8   23   -0.6685202932867452   0.000677905676926641
1135.88   24   -0.6685801875238471   0.001360191875408022
1192.52   25   -0.6686940165243859   0.0010766923962732178
1249.84   26   -0.6687354469643009   0.0009170561584269937
1302.24   27   -0.6687957796619349   0.001189816124138919
1359.21   28   -0.6688359686567077   0.0005075039419020247
1415.75   29   -0.6688551291288936   0.000582443697394383
1472.73   30   -0.6688730901465749   0.0004867058235023821
1529.24   31   -0.6688936848037046   0.000342652161679182
1586.19   32   -0.6689180013324182   0.0004578577720643982
1642.57   33   -0.6689252747868147   0.00015412398607042363
1699.48   34   -0.6689281849883927   0.00012894996729460526
1755.74   35   -0.6689340286764037   0.00020754212306347376
1812.5   36   -0.6689367480098218   0.0001735720180947077
1868.68   37   -0.6689413112773305   0.00016738015995488957
1925.59   38   -0.6689449858446915   0.00016721342673160506
1981.82   39   -0.6689464404713852   0.00014751884951979665
2038.66   40   -0.668948402270768   0.00020807491842313595
2093.46   41   -0.6689493676982533   7.414906031946722e-5
2144.09   42   -0.6689503181061673   6.1921384807654e-5
2171.13   43   -0.6689507323723565   9.121071451186707e-5
2225.93   44   -0.6689511358579062   6.544279014489285e-5
0.0   0   -0.6689511358570349   0.03746102060371515
260.78   1   -0.6689509521362086   0.00034527667837808346
299.05   2   -0.6689511569890825   0.00011400188828188107
