0.0   0   -0.5036817432558345   0.04394599102860578
0.0   0   -0.5056787817696512   0.04370129928741258
0.0   0   -0.5056787817696512   0.04370129928741258
0.0   0   -0.5056787817696512   0.04370129928741258
0.0   0   -0.5056787817696512   0.04370129928741258
0.0   0   -0.5056787817696512   0.04370129928741258
0.0   0   -0.5056787817696512   0.04370129928741258
0.0   0   -0.5056787817696402   0.04370129928773468
0.0   0   -0.5056787817696513   0.04370129929284582
0.0   0   -0.5056787817696511   0.04370129929064929
0.0   0   -0.5056787817696604   0.04370129930291966
0.0   0   -0.5056787817696567   0.04370129927818465
0.0   0   -0.5056787817696495   0.04370129929203242
0.0   0   -0.5056787817696508   0.04370129929965004
0.0   0   -0.5056787817696602   0.0437012992815681
0.0   0   -0.5056787817696528   0.043701299287347596
0.0   0   -0.5056787817696524   0.04370129929104633
0.0   0   -0.505678781769649   0.043701299297332664
0.0   0   -0.505678781769651   0.043701299319403794
0.0   0   -0.5056787817696521   0.043701299305447396
0.0   0   -0.5056787817696522   0.04370129929421012
0.0   0   -0.5056787817696523   0.04370129931058821
0.0   0   -0.5056787817696513   0.043701299294223006
0.0   0   -0.5056787817696531   0.04370129930228147
0.0   0   -0.5056787817696531   0.04370129927629561
0.0   0   -0.5056787817696514   0.04370129929285681
0.0   0   -0.5056787817696525   0.04370129927474853
0.0   0   -0.5056787817696525   0.043701299294106905
0.0   0   -0.5056787817696528   0.04370129930293608
0.0   0   -0.5056787817696538   0.04370129928949537
0.0   0   -0.505678781769653   0.043701299358741535
0.0   0   -0.505678781769652   0.04370129928716343
0.0   0   -0.5056787817696531   0.04370129928201082
0.0   0   -0.5056787817696509   0.04370129927029592
0.0   0   -0.5056787817696528   0.04370129929259427
0.0   0   -0.505678781769652   0.04370129929691284
0.0   0   -0.5056787817696571   0.043701299303271816
0.0   0   -0.5056787817696534   0.043701299271480226
0.0   0   -0.5056787817696523   0.04370129929870318
0.0   0   -0.5056787817696508   0.04370129929891697
0.0   0   -0.5056787817696471   0.04370129927509617
0.0   0   -0.5056787817696529   0.04370129928001213
0.0   0   -0.505678781769654   0.04370129929866838
0.0   0   -0.5056787817696535   0.043701299295755405
0.0   0   -0.5056787817696548   0.043701299291103446
0.0   0   -0.5056787817696441   0.043701299288990546
0.0   0   -0.5056787817696528   0.04370129930665296
0.0   0   -0.5056787817696529   0.043701299298848646
0.0   0   -0.5056787817696514   0.04370129930460665
0.0   0   -0.5056787817696664   0.04370129930202466
