0.0   0   -0.5094316002163638   0.05838156583634894
0.0   0   -0.5012846719749074   0.02329369378264022
0.0   0   -0.5012846719749074   0.023293693794996427
0.0   0   -0.5012846719741356   0.023293693786394024
0.0   0   -0.5012846719730287   0.023293693797499983
0.0   0   -0.5012846719749071   0.02329369379086811
0.0   0   -0.5012846719749071   0.023293693781284958
0.0   0   -0.5012846719746803   0.02329369379539666
0.0   0   -0.5012846719742169   0.023293693776727804
0.0   0   -0.5012846719744543   0.023293693777142303
0.0   0   -0.5012846719741069   0.023293693771771595
0.0   0   -0.5012846719743367   0.023293693786838994
0.0   0   -0.5012846719749073   0.02329369378057005
0.0   0   -0.5012846719738366   0.023293693779521486
0.0   0   -0.5012846719719147   0.023293693793348027
0.0   0   -0.5012846719714716   0.023293693791176035
0.0   0   -0.5012846719742539   0.02329369379136416
0.0   0   -0.5012846719744963   0.023293693796044353
0.0   0   -0.5012846719744917   0.023293693858090447
0.0   0   -0.5012846719745676   0.023293693793077098
0.0   0   -0.5012846719741169   0.023293693824324026
0.0   0   -0.5012846719749071   0.023293693796978165
0.0   0   -0.5012846719749071   0.023293693791496203
0.0   0   -0.5012846719744393   0.02329369378917409
0.0   0   -0.501284671973919   0.02329369379399582
0.0   0   -0.5012846719749072   0.02329369378931038
0.0   0   -0.5012846719748049   0.023293693805318056
0.0   0   -0.5012846719745101   0.023293693792672186
0.0   0   -0.5012846719731316   0.02329369378436668
0.0   0   -0.5012846719745502   0.023293693796755752
0.0   0   -0.5012846719739712   0.02329369378866785
0.0   0   -0.5012846719749074   0.02329369379170311
0.0   0   -0.5012846719746   0.02329369379404698
0.0   0   -0.5012846719749072   0.023293693804222967
0.0   0   -0.5012846719736739   0.023293693789332246
0.0   0   -0.5012846719741644   0.02329369379482254
0.0   0   -0.5012846719749071   0.023293693794720308
0.0   0   -0.5012846719746477   0.023293693794163108
0.0   0   -0.5012846719744285   0.023293693785691173
