0.0   0   -0.5036817432559993   0.04394597131444906
1.33   1   -0.5572756767339202   0.100486490031202
0.0   0   -0.5572756767338958   0.23218977629868456
3.41   1   -0.6044845684285827   0.11482445035883067
4.67   2   -0.6306804087156447   0.1305486385275554
5.76   3   -0.6498288234571052   0.028327449625024308
6.49   4   -0.6524744390588777   0.02572996862117919
7.11   5   -0.6540787328868428   0.014862774928464629
7.54   6   -0.6578307616733569   0.0052712288629308615
7.95   7   -0.6587383051283382   0.016284645074362388
8.36   8   -0.6596824324343566   0.006543296095616076
8.75   9   -0.6598810282338348   0.001807335291113498
9.13   10   -0.6599248648295455   0.0017961362853684334
9.52   11   -0.659976498592274   0.0018506670939172592
9.94   12   -0.6600596683691647   0.0019513238645317529
10.32   13   -0.6601209966103512   0.0008033301143235139
10.7   14   -0.6601565526298564   0.0009536304594283347
11.06   15   -0.6602006214116446   0.0011006989888681516
11.46   16   -0.6602271233092647   0.0008565594025318465
11.8   17   -0.6602294418660003   9.018924840717034e-5
12.18   18   -0.6602297365087489   4.2076204021671615e-5
12.66   19   -0.6602301423225039   0.0001631059893999955

0.0   0   -0.5036817432559992   0.04401826001501261
2.85   1   -0.5571798591629272   0.1040208662661678
6.54   2   -3.246035121931464   0.08541619477327508
0.0   0   -0.5036817432559993   0.04401826001501261
4.46   1   -0.5571802770407738   0.10010596386545684
15.04   2   -0.6372464287353459   0.009033765725701389
19.46   3   -0.6435458616932851   0.005936894536220971
23.64   4   -0.6503374217826647   0.0021934940544591002
28.3   5   -0.6515553247532039   0.0038786144309587737
32.3   6   -0.6553176111358961   0.0020264013763368386
36.18   7   -0.6566981331034777   0.0006309588148503591
38.41   8   -0.6575762731435424   0.001606722840149704
41.28   9   -0.6592843250743372   0.0007202893652572913
45.72   10   -0.6596690095455033   0.0002457350172665385
50.24   11   -0.6597692962309165   0.00041433230829388825
54.72   12   -0.6598406134341143   0.00012451704714309605
59.18   13   -0.6599173659870373   0.00024435854386471316
63.5   14   -0.6599852886790359   0.00023434531747089078
65.52   15   -0.660032877730384   0.0001971843979683557
68.0   16   -0.6600741022265653   4.5596914189629795e-5
69.97   17   -0.6600897148548701   0.00013561777693330555
73.54   18   -0.6601735262784066   0.0002571794142541945
75.4   19   -0.6602238914777151   0.00013805572899260241
82.49   20   -0.6602233038741573   8.516840580546212e-5
94.93   21   -0.6602226436604373   7.23602870425944e-5
0.0   0   -0.503681743255999   0.04339667835848947
3.83   1   -0.5571196684984389   0.09740153528624453
11.54   2   -0.6382764732490802   0.007088983889298928
18.92   3   -0.6433195046993816   0.008089820370749932
20.55   4   -0.647879890744486   0.002448537740523161
25.01   5   -0.6533133796307571   0.002930801342287793
55.86   6   -0.653312884921364   0.0008415612624612608
61.04   7   -0.6536337932237501   0.0030530014704685227
63.44   8   -0.6556677075538113   0.002549245412980058
65.54   9   -0.6584051444951939   0.001001272324252781
97.98   10   -0.6584044860900481   0.0005294608581983711
140.28   11   -0.6584038276855633   0.0004276438255147554
141.74   12   -0.6584778278730014   0.00047015045415835314
145.86   13   -0.6590616597392986   0.0013622764688378006
206.92   14   -0.6590610006783328   0.0013851474668634307
234.68   15   -0.6590603876070391   0.0004458385589140874
0.0   0   -0.6590603876073637   0.036057861949973735
0.0   0   -0.503681743255999   0.043940154541020744
4.0   1   -0.5569883697579557   0.10019479102228317
36.56   2   -0.5924450156929247   0.03093040783386384
42.9   3   -0.6034304155443704   0.08546754392199411
46.94   4   -0.6510799374400149   0.025870252937705125
50.93   5   -0.6538770650896973   0.014674725039025045
53.77   6   -0.6558323971442102   0.008580588350452653
55.23   7   -0.656572029323479   0.01893552808019022
57.27   8   -0.6567939858854265   0.016337003139660702
59.02   9   -0.6578532512761239   0.007911790478309838
61.96   10   -0.6586049723430145   0.01224674028298835
65.39   11   -0.6588570015806664   0.008038775614634836
68.77   12   -0.6591994997219763   0.012025746373741854
75.3   13   -0.6592062094517177   0.003050538186641177
78.63   14   -0.6593202394710169   0.002993463755213709
84.12   15   -0.6598884204436628   0.01837090064126501
88.04   16   -0.6600066061530363   0.0010379227833517274
91.29   17   -0.6600458039478335   0.01413328442906904
121.55   18   -0.6600451439021402   0.0147039648638245
162.59   19   -0.6600444838569923   0.011138251303934081
200.9   20   -0.660043823812511   0.010307539159609946
240.82   21   -0.660043163768688   0.009278376011308329
282.48   22   -0.6600425037255185   0.009791263389107548
311.68   23   -0.6600418436830262   0.003946282736844096
314.17   24   -0.6600792833058521   0.00972429035676532
332.75   25   -0.6600786232418372   0.003341015868358468
334.39   26   -0.6600788111360912   0.009638822079838886
0.0   0   -0.503681743255999   0.043940154541020744
3.94   1   -0.5569883697579557   0.10019479102228317
21.64   2   -0.5924450156929247   0.03093040783386384
25.18   3   -0.6034304155443704   0.08546754392199411
27.49   4   -0.6510799374400149   0.025870252937705125
29.79   5   -0.6538770650896973   0.014674725039025045
31.45   6   -0.6558323971442102   0.008580588350452653
32.27   7   -0.656572029323479   0.01893552808019022
33.48   8   -0.6567939858854265   0.016337003139660702
34.5   9   -0.6578532512761239   0.007911790478309838
36.24   10   -0.6586049723430145   0.01224674028298835
38.2   11   -0.6588570015806664   0.008038775614634836
40.68   12   -0.6591994997219763   0.012025746373741854
44.43   13   -0.6592062094517177   0.003050538186641177
46.37   14   -0.6593202394710169   0.002993463755213709
49.62   15   -0.6598884204436628   0.01837090064126501
51.85   16   -0.6600066061530363   0.0010379227833517274
53.77   17   -0.6600458039478335   0.01413328442906904
72.47   18   -0.6600451439021402   0.0147039648638245
98.23   19   -0.6600444838569923   0.011138251303934081
122.76   20   -0.660043823812511   0.010307539159609946
149.22   21   -0.660043163768688   0.009278376011308329
178.2   22   -0.6600425037255185   0.009791263389107548
199.01   23   -0.6600418436830262   0.003946282736844096
200.77   24   -0.6600792833058521   0.00972429035676532
0.0   0   -0.503681743255999   0.043940154541020744
2.9   1   -0.5569883697579557   0.10019479102228317
26.08   2   -0.5924450156929247   0.03093040783386384
30.88   3   -0.6034304155443704   0.08546754392199411
34.04   4   -0.6510799374400149   0.025870252937705125
37.63   5   -0.6538770650896973   0.014674725039025045
40.02   6   -0.6558323971442102   0.008580588350452653
41.09   7   -0.656572029323479   0.01893552808019022
42.6   8   -0.6567939858854265   0.016337003139660702
43.93   9   -0.6578532512761239   0.007911790478309838
46.17   10   -0.6586049723430145   0.01224674028298835
48.64   11   -0.6588570015806664   0.008038775614634836
51.21   12   -0.6591994997219763   0.012025746373741854
56.06   13   -0.6592062094517177   0.003050538186641177
58.54   14   -0.6593202394710169   0.002993463755213709
62.68   15   -0.6598884204436628   0.01837090064126501
65.6   16   -0.6600066061530363   0.0010379227833517274
68.08   17   -0.6600458039478335   0.01413328442906904
91.26   18   -0.6600451439021402   0.0147039648638245
123.15   19   -0.6600444838569923   0.011138251303934081
152.62   20   -0.660043823812511   0.010307539159609946
183.72   21   -0.660043163768688   0.009278376011308329
216.31   22   -0.6600425037255185   0.009791263389107548
239.42   23   -0.6600418436830262   0.003946282736844096
241.33   24   -0.6600792833058521   0.00972429035676532
255.95   25   -0.6600786232418372   0.003341015868358468
257.22   26   -0.6600788111360912   0.009638822079838886
0.0   0   -0.6600788111360862   0.023065989943466782
