0.0   0   -0.5036817432559988   0.04394598779634738
5.48   1   -0.5572757271920913   0.10048685136186493
25.78   2   -0.6373482821958271   0.008918644998676381
29.99   3   -0.6436329257800517   0.005927306486194781
34.37   4   -0.6503305841297372   0.0015207131886449902
38.83   5   -0.652318077159732   0.0031351501013000605
44.55   6   -0.6566327738442558   0.0009042295629836516
48.59   7   -0.658081279196554   0.0011823715046482813
52.73   8   -0.6590636896580527   0.0014333845195322703
56.92   9   -0.6595737736146113   0.00023207799682539476
61.37   10   -0.6597708191083977   0.00029159910257999953
65.92   11   -0.6598895499118531   0.0003825533762720471
70.53   12   -0.659994243803066   9.64105083907145e-5
74.73   13   -0.6600554603718127   8.396025347587308e-5
78.85   14   -0.6601070929722606   0.00015782319872029008
84.42   15   -0.6601805051121833   6.048322927069829e-5
88.71   16   -0.6602272879705876   4.5170127636486717e-5
93.15   17   -0.6602303163234885   1.0243831395238263e-5
97.79   18   -0.6602304658798333   3.622253251559896e-6
102.43   19   -0.6602305300847472   2.854219272433138e-6
0.0   0   -0.4771367044858318   0.05364955275551285
6.08   1   -0.5316409017445689   0.039713229766871645
12.49   2   -0.569042832479192   0.028539783562835534
15.64   3   -0.5749510916085021   0.01796524468004916
20.16   4   -0.5808061456123724   0.015791454232432674
24.88   5   -0.6159298646686046   0.030225747044725547
31.47   6   -0.6205160644479173   0.03748239970978666
36.38   7   -0.6456010197251427   0.017475308731588573
39.65   8   -0.6505985535667667   0.013593765555431497
44.56   9   -0.65436275918026   0.00759340721590042
49.51   10   -0.6582253564229188   0.003540511428822262
54.45   11   -0.659135835992448   0.004033844347990319
59.41   12   -0.6595698220767652   0.002060619894605796
64.42   13   -0.6597524508655929   0.0011581573449732474
69.44   14   -0.6599523006182564   0.0010076105033501688
74.58   15   -0.6600716242251647   0.0009223930906765202
79.63   16   -0.6601513734079243   0.0007710124693038074
84.81   17   -0.660182850359095   0.00030368030589017015
89.45   18   -0.6601891328935539   0.00026458314980940586
95.68   19   -0.6602024913307813   0.00024849808675047767
100.42   20   -0.6602119019202785   0.00018950149455856284
105.24   21   -0.6602166392213391   0.00012711260199171556
110.13   22   -0.6602206196581129   0.00012498198730769212
115.05   23   -0.6602271173666554   9.563639401786311e-5
119.97   24   -0.6602282470372766   8.0257612440703e-5
126.61   25   -0.6602300948042636   0.00010429327166084674
131.67   26   -0.6602306350996954   2.600039635744858e-5
136.7   27   -0.6602307497125328   1.9332201775212584e-5
0.0   0   -0.4771367044858318   0.05364955275551285
6.48   1   -0.5316409017445689   0.039713229766871645
13.26   2   -0.569042832479192   0.028539783562835534
16.63   3   -0.5749510916085021   0.01796524468004916
21.56   4   -0.5808061456123724   0.015791454232432674
26.8   5   -0.6159298646686046   0.030225747044725547
33.72   6   -0.6205160644479173   0.03748239970978666
38.6   7   -0.6456010197251427   0.017475308731588573
41.8   8   -0.6505985535667667   0.013593765555431497
46.68   9   -0.65436275918026   0.00759340721590042
51.63   10   -0.6582253564229188   0.003540511428822262
56.66   11   -0.659135835992448   0.004033844347990319
61.67   12   -0.6595698220767652   0.002060619894605796
66.71   13   -0.6597524508655929   0.0011581573449732474
71.77   14   -0.6599523006182564   0.0010076105033501688
76.91   15   -0.6600716242251647   0.0009223930906765202
81.98   16   -0.6601513734079243   0.0007710124693038074
87.06   17   -0.660182850359095   0.00030368030589017015
92.06   18   -0.6601891328935539   0.00026458314980940586
98.82   19   -0.6602024913307813   0.00024849808675047767
103.89   20   -0.6602119019202785   0.00018950149455856284
109.08   21   -0.6602166392213391   0.00012711260199171556
114.75   22   -0.6602206196581129   0.00012498198730769212
119.61   23   -0.6602271173666554   9.563639401786311e-5
124.46   24   -0.6602282470372766   8.0257612440703e-5
131.01   25   -0.6602300948042636   0.00010429327166084674
136.01   26   -0.6602306350996954   2.600039635744858e-5
140.93   27   -0.6602307497125328   1.9332201775212584e-5
0.0   0   -0.4771367044858328   0.05364955275551285
6.07   1   -0.5316409009210225   0.03971325216602254
22.86   2   -0.5697561668125127   0.026547837573939255
25.94   3   -0.5752253550214257   0.01981878310635806
30.58   4   -0.5809454586991512   0.01639700596357481
35.7   5   -0.6166583971663827   0.0295249323234546
42.58   6   -0.6215224268479471   0.03634187480380819
47.7   7   -0.643230400664606   0.028395533366038967
51.05   8   -0.6507258510986871   0.013472818123760728
56.15   9   -0.6547454871354998   0.007020155595734719
61.5   10   -0.6583843948072171   0.005803934662993232
65.92   11   -0.6593271702460957   0.00265330712064858
70.29   12   -0.6595995024922596   0.0013051996019325884
74.77   13   -0.6598085607585067   0.0016084392720546205
79.13   14   -0.6599670900143898   0.0011099337057249108
83.64   15   -0.660074236824366   0.0010609439188282112
87.97   16   -0.6601508216206082   0.0006379678560712865
92.37   17   -0.6601822511769702   0.0003315118569725082
96.75   18   -0.6601885854163035   0.0003082958416127956
102.76   19   -0.6601995639405673   0.00017975590558890614
107.27   20   -0.660210798468307   0.00014721462373324268
112.12   21   -0.6602175649675044   0.00014309404733524122
116.87   22   -0.660222224224529   0.00016378059977253468
121.79   23   -0.660227072371326   6.854554492778512e-5
126.48   24   -0.660229327067924   7.492513896228611e-5
131.08   25   -0.6602303869795361   4.7286936871738074e-5
136.38   26   -0.6602307083129537   1.5437516506004723e-5
140.62   27   -0.6602308329929832   2.4481260884313228e-5
