0.0   0   -0.47713670448575374   0.05364958010278928
1.68   1   -0.5316409404131098   0.03971263210085853
3.71   2   -0.5711812925596665   0.019726211779487926
4.64   3   -0.5767256832577278   0.02309939098400588
5.95   4   -0.581570314688408   0.0182438646412517
7.92   5   -0.6196833446250729   0.035085663409939224
11.75   6   -0.6256755694815896   0.03381791878635341
13.53   7   -0.6446517692424982   0.019085695535519243
14.96   8   -0.6534866405191759   0.007823291389241862
16.49   9   -0.6573219807998874   0.006948016988748144
17.89   10   -0.6588166381947513   0.004935715426231563
19.3   11   -0.6595214123343351   0.0015115838251006483
20.45   12   -0.6597073602629476   0.0016631957353758105
21.67   13   -0.6598954190896342   0.0013046800331786607
22.97   14   -0.6600321868589409   0.0008010379924221055
24.15   15   -0.6601425797010597   0.00089656625108316
25.4   16   -0.6601798594613736   0.00029121600100079294
26.58   17   -0.660191657095024   0.0002113324028956056
27.76   18   -0.6602000102298908   0.00020102113754619016
28.87   19   -0.6602129518892939   0.0002903829224118453
30.07   20   -0.6602180379232553   0.00010512884544260298
31.16   21   -0.6602203079045565   0.00023449455274628244
32.33   22   -0.6602246549065449   0.00011977164223733305
33.45   23   -0.6602275458709925   0.00011982796932658696
34.18   24   -0.660228015426356   0.00010676031248412214
35.31   25   -0.6602285547825857   0.000179495079050049
