0.0   0   -1.0023197462582458   0.04014453848904712
1.67   1   -1.7521987304032676   1.3195518393070136
2.76   2   -2.103185553260258   0.2077163133338799
3.57   3   -2.108762515393915   0.11694591879524288
4.63   4   -2.125601031633204   0.01210245081658092
5.37   5   -2.1256468144974336   0.0004707265802530928
6.37   6   -2.125649771963378   0.00017854355075873628
7.28   7   -2.1256505079598593   0.0009718033316216941
8.31   8   -2.125659361507059   0.0005761507726437499
9.06   9   -2.125660705451972   0.00041714455828967056
9.83   10   -2.12566089724671   2.9713948900164686e-5
0.0   0   -2.1256608972467097   0.00047434749832345196
2.11   1   -2.125660840199103   0.0005247358063562222
5.27   2   -2.125660897907722   2.5130800486662793e-5
0.0   0   -2.125660897907722   0.00045749925618895703
0.46   1   -2.1256608224000444   0.0005828831321564229
0.91   2   -2.12566089666754   2.4610054726097565e-5
0.0   0   -2.1256608966675397   0.00045546935800548687
2.01   1   -2.1256608207430685   0.0005664901577324274
4.14   2   -2.1256608941625528   2.7879169136916765e-5
