0.0   0   -0.5011749575801671   0.004940161294125883
27.93   1   -0.6354225325822012   0.028783065523322132
40.01   2   -0.6435183116837263   0.025080745460776217
46.1   3   -0.6601594734663265   0.0014057282293796968
52.65   4   -0.6602247827062983   0.0003120143966221319
61.01   5   -0.6602365583550629   0.0007106867308389122
85.89   6   -0.6602720302000805   0.0018962730975918688
144.5   7   -0.6612400161746451   0.004141720779484501
171.98   8   -0.6612641529178616   0.004385760697066228
193.01   9   -0.6619109847406861   0.005396525820346962
216.47   10   -0.662909832881985   0.0025518782963277606
249.4   11   -0.6637958528058214   0.005705586502813374
335.03   12   -0.6662327224046962   0.010407229864742712
367.56   13   -0.6672797513116452   0.004964503885416688
389.44   14   -0.6675432937668669   0.002391129805896501
422.52   15   -0.6677049906582082   0.0017109930083162462
456.09   16   -0.6680827388267797   0.0027839028230443796
478.54   17   -0.6682219141900245   0.0019061657139576532
512.01   18   -0.6683007290485148   0.0015820003892022807
545.18   19   -0.6683666147357405   0.0012805903261332442
578.68   20   -0.6684051878458451   0.0009552595365491136
612.1   21   -0.6684684522416565   0.0011675421288570922
645.56   22   -0.6685731704274717   0.0016378742947306157
679.21   23   -0.6686782698355095   0.0006185328081347326
713.58   24   -0.6687193992992172   0.0008709609792773893
748.66   25   -0.6687676211438676   0.0011307718159921073
787.18   26   -0.6687952365226532   0.0004456462589452626
820.17   27   -0.6688430277502129   0.00040041027425308587
842.2   28   -0.6688634335955201   0.0004400234976706663
875.56   29   -0.6688968368028184   0.0002627655039541647
908.46   30   -0.6689177933503015   0.00025859668654573887
941.9   31   -0.6689287865318274   0.00015307060722551482
975.02   32   -0.6689329370073817   0.00013790334295282896
1008.1   33   -0.6689366126668361   0.0002026884770691198
1041.54   34   -0.6689405962437105   0.0003631924182442348
1074.66   35   -0.6689432685647205   0.00011864810153331198
1107.72   36   -0.668944379572483   9.842907131383554e-5
1151.98   37   -0.6689467254865676   0.0001465588606969203
1184.92   38   -0.668949166743796   6.755374972330816e-5
1204.41   39   -0.6689498877167913   0.00015061829397849559
1236.64   40   -0.6689507323950329   9.751295409762828e-5
1266.12   41   -0.6689519735603294   5.428486105054726e-5
1297.41   42   -0.66895270993631   0.00011675526668310465
1329.31   43   -0.6689531588317722   6.067210568449204e-5
1362.19   44   -0.668953495179644   3.37303087517375e-5
