0.0   0   -0.5001658122244655   0.0013531867061286939
324.28   1   -0.5869000204185344   0.006116124100766851
657.22   2   -0.647366589840159   0.007019081229916331
943.38   3   -0.6529518784048504   0.001659697443933069
1092.07   4   -0.6546101940942004   0.0018069956492728911
1338.83   5   -0.6588725518941209   0.0009569622004162297
1452.48   6   -0.6596181764568555   0.0007003174227717063
1598.77   7   -0.6598798566201082   0.0004772000239055215
1747.35   8   -0.660017881324657   0.00047390671952746426
1879.45   9   -0.6601240568631179   0.00026070674684799884
2017.43   10   -0.6602683415801207   0.00037676380216553925
2207.01   11   -0.6604838972205248   0.00029183656464660656
2461.82   12   -0.661252512963962   0.00047767816199940655
2577.48   13   -0.6615887532200335   0.0005571678750119881
2847.95   14   -0.6630983168562367   0.0009691872478736312
3050.67   15   -0.6652869887823969   0.0007005128370870937
3243.91   16   -0.6659616156739064   0.0007758213073643157
3441.36   17   -0.6667070303545827   0.0005324442926387073
3636.5   18   -0.6672293676459198   0.0003313075474604742
3836.28   19   -0.6675892642920133   0.000687552438996855
4036.4   20   -0.6679390707748648   0.000398533328511295
4171.51   21   -0.6682123367573047   0.00026270095609345163
4305.77   22   -0.6683491774734832   0.00016689516345784705
4411.76   23   -0.6683955663389224   0.00017423276802684277
4610.53   24   -0.6684421833159032   0.00015167680853991764
4783.55   25   -0.6684892065863334   0.00017102489431952434
4959.81   26   -0.6685595045497523   0.00012380621274947338
5149.02   27   -0.6686269510954242   0.00011655037538823437
5349.6   28   -0.6686749819326672   7.66754674251008e-5
5552.04   29   -0.6687491922581972   0.000170396617413377
5761.01   30   -0.6687959469403659   9.436914199828679e-5
5961.12   31   -0.6688093645645268   5.144732913080685e-5
6164.83   32   -0.6688333472169817   6.064876332765711e-5
6375.35   33   -0.6688463423794341   0.000125963395205583
6578.87   34   -0.6688652476457034   6.77008403419119e-5
6785.33   35   -0.6689096457771114   9.947506942379135e-5
6993.94   36   -0.6689249369738438   4.3097301776046776e-5
7193.87   37   -0.6689299536975818   1.5604669862848857e-5
7395.58   38   -0.6689326690015509   4.646284130712728e-5
7603.87   39   -0.668936163809096   3.5458286158878696e-5
7802.8   40   -0.6689395921244401   2.873316068257382e-5
8002.33   41   -0.66894235337606   2.8036577645699015e-5
8208.36   42   -0.6689464993635529   3.847006274808747e-5
8411.0   43   -0.6689496480548814   2.533651491222199e-5
8613.48   44   -0.6689512594643887   1.1008762920968195e-5
8796.43   45   -0.6689519586784383   1.0904648260044226e-5
8970.48   46   -0.6689530178513665   1.0415325644439529e-5
9159.31   47   -0.6689540083910172   1.9903507707509723e-5
9272.9   48   -0.668954740524476   1.0260386886807303e-5
9463.46   49   -0.6689556254084685   1.2843869668127672e-5
9664.71   50   -0.6689571998909947   3.5775317737235945e-5
9865.73   51   -0.6689597954690354   3.6203288206794034e-5
10064.96   52   -0.6689617739384328   1.3221109198398914e-5
10197.98   53   -0.6689629026767004   2.812251328527231e-5
10332.75   54   -0.6689640642223752   2.766922197918053e-5
10536.77   55   -0.6689655411709144   2.6984214026340434e-5
10737.41   56   -0.6689675947041085   3.6392697920092304e-5
10938.87   57   -0.6689732792372154   5.2593846470898044e-5
11209.68   58   -0.6689761512682365   0.00010115918724453357
11410.09   59   -0.668986698615358   0.0001960046648461051
11610.5   60   -0.6689995639743875   0.00011843175669975936
11740.08   61   -0.6690074102621019   0.00017379478339262213
11923.99   62   -0.6690235524305767   0.00010533277704225723
12118.03   63   -0.6690436484454303   0.00022265271698778844
12318.08   64   -0.669078863375329   0.0001835869601095052
12517.89   65   -0.6691175447511211   0.00016174975096091066
12654.3   66   -0.6691342731135288   0.00016637888869548654
12791.04   67   -0.6691397873458163   0.00014142842738916906
12912.24   68   -0.6691594237490178   5.371953390963507e-5
13122.69   69   -0.669169203207137   5.260850417251103e-5
13253.84   70   -0.6691798035686952   0.00014572217372949445
13448.06   71   -0.6692012174363611   7.65227987844239e-5
13567.01   72   -0.6692159803998976   0.0001295786060212659
13779.35   73   -0.6692321530991118   0.00017267499773534887
13968.89   74   -0.6692504724476755   0.00010988098973959554
14173.22   75   -0.6692614304495565   5.323009970559689e-5
14375.94   76   -0.669266670062716   5.753658864936911e-5
14561.99   77   -0.6692707260620929   5.8525077774794e-5
14761.21   78   -0.6692771041829577   5.035922313830619e-5
14954.37   79   -0.6692821008599827   3.474856375024725e-5
15143.6   80   -0.6692843686082036   3.859134044995552e-5
15334.26   81   -0.6692860227510132   1.560646467851809e-5
15519.32   82   -0.6692867739347979   1.9466840309526545e-5
15690.06   83   -0.6692887712359312   3.580425043100001e-5
15877.14   84   -0.6692905901912785   3.1414347416479944e-5
16067.41   85   -0.6692922928215863   2.5109304203333252e-5
16240.12   86   -0.669295745361066   2.03686451340855e-5
16428.14   87   -0.6692974749313101   1.984403849959476e-5
16548.42   88   -0.6692981588580362   2.8194182791351596e-5
16749.48   89   -0.6692993088210961   2.0419930704008286e-5
16926.32   90   -0.6693007148713448   2.9187445658471227e-5
17094.6   91   -0.6693028926688441   3.357430230200422e-5
17268.61   92   -0.6693045804095187   2.133578043159829e-5
17453.29   93   -0.6693059674214535   4.781158070535333e-5
17636.01   94   -0.6693084065836975   1.9741746734516584e-5
17845.57   95   -0.6693096125415899   3.118313116574182e-5
18052.5   96   -0.6693107212840843   1.7734432121730837e-5
18259.95   97   -0.6693112613574209   1.646658672386017e-5
18410.59   98   -0.669311687949105   2.2582243989924505e-5
18597.97   99   -0.6693122934468118   1.2269057909470632e-5
18805.59   100   -0.6693129525034812   1.9852364873704058e-5
19014.89   101   -0.6693140292723659   9.331610121067942e-6
19222.77   102   -0.6693150007310099   1.6485866965686635e-5
19359.38   103   -0.6693156306303869   9.733345399347629e-6
19574.96   104   -0.6693164143933363   1.9688276065858133e-5
19695.78   105   -0.6693169647590603   1.4596599875153424e-5
19888.72   106   -0.6693173853125507   2.022003688431783e-5
20044.53   107   -0.6693180367355285   1.5456375121515945e-5
20218.63   108   -0.6693190781035794   1.9693363668123355e-5
20424.98   109   -0.6693201867322504   4.9159689145233204e-5
20625.37   110   -0.669321909082003   9.966546500899797e-6
20824.21   111   -0.6693227119933949   2.0235134588756137e-5
21004.76   112   -0.669323450909174   2.4080671593648034e-5
21104.61   113   -0.6693238713582638   8.673826924762013e-6
21278.33   114   -0.6693244339915334   3.1041229282465345e-5
21449.44   115   -0.6693253976600249   2.028303691538129e-5
21617.8   116   -0.6693259264440309   1.354346058194664e-5
21783.23   117   -0.6693261573656261   8.885704329788212e-6
21934.52   118   -0.6693265807205274   9.916364711478882e-6
22118.35   119   -0.669326965733226   1.1051896541059203e-5
22220.26   120   -0.6693273540848211   1.405998826853501e-5
22301.38   121   -0.6693276110342468   2.0286919824525692e-5
22461.42   122   -0.6693278558444521   4.92426657545497e-6
22614.51   123   -0.6693279762717399   1.4408166430154677e-5
22765.3   124   -0.6693283686880671   8.719554433849769e-6
22937.53   125   -0.6693286688433838   9.257002290221372e-6
23051.69   126   -0.669328776642161   1.2632617357735024e-5
23212.38   127   -0.6693288950330758   1.113526443981604e-5
23375.72   128   -0.6693290788200722   5.173822747709163e-6
23476.47   129   -0.6693292316479602   1.2930704040172612e-5
23637.36   130   -0.6693294268948714   1.2138111491219299e-5
23741.62   131   -0.6693294850335254   1.1971209303711325e-5
23914.91   132   -0.6693295663221708   7.788268544310403e-6
24048.84   133   -0.6693296672742528   1.4190841129567942e-5
24203.55   134   -0.6693297834958164   8.443536811425872e-6
24343.11   135   -0.6693298209814149   4.989097652666562e-6
24549.15   136   -0.6693299368458611   7.796050959074101e-6
24717.15   137   -0.6693301747762562   6.071294023500553e-6
24886.28   138   -0.669330397904637   6.50429111031409e-6
25042.35   139   -0.6693304907881936   5.307457986668134e-6
25195.7   140   -0.6693306338957021   9.63622512852854e-6
25357.1   141   -0.6693307460226735   8.059615706644237e-6
25513.07   142   -0.6693308666090871   7.851911279397187e-6
25685.78   143   -0.6693309136835541   3.952589001134533e-6
25824.15   144   -0.6693309872901863   8.124796843357139e-6
25975.36   145   -0.6693312562479347   6.484447381738445e-6
26138.93   146   -0.6693314394387696   7.583097168547339e-6
26277.47   147   -0.6693315780694328   7.92660082344493e-6
26426.87   148   -0.6693318747134765   6.357597706429105e-6
26534.41   149   -0.6693319069006649   6.495414614168476e-6
26686.27   150   -0.6693319528283656   5.252574659478008e-6
26886.87   151   -0.6693321153617224   1.0436832797493833e-5
27059.38   152   -0.6693322349777562   1.1090182012968383e-5
27152.22   153   -0.6693322779418525   7.5388192498000095e-6
27253.55   154   -0.6693323272013914   5.418185301733023e-6
27398.13   155   -0.6693323584285593   6.864667808020909e-6
27527.88   156   -0.6693323969659619   3.491216270287819e-6
27678.28   157   -0.6693324953497984   6.7236346120648345e-6
27770.13   158   -0.6693325284757127   4.253154246531229e-6
27908.44   159   -0.6693326114363435   8.972607866541414e-6
28054.22   160   -0.6693327234948852   8.38171821118165e-6
28140.56   161   -0.6693327973690909   6.237772754075884e-6
28283.45   162   -0.6693328939370129   7.65320752892512e-6
28371.67   163   -0.6693329500985892   5.06459823713266e-6
28515.42   164   -0.6693330016984763   4.940478498027498e-6
28667.98   165   -0.6693330525060825   4.8465668391192826e-6
28810.41   166   -0.6693331129639711   6.485124412860456e-6
28946.85   167   -0.6693331903608808   3.3044314227910863e-6
29091.32   168   -0.669333282364843   6.462028933246811e-6
29238.49   169   -0.6693333337431681   6.49420174332672e-6
29380.72   170   -0.6693333944329963   3.825991342693681e-6
29529.28   171   -0.6693334980325468   9.084286188239766e-6
29621.79   172   -0.6693335624996855   3.361340422038334e-6
29748.77   173   -0.6693335994048   5.136910741589852e-6
29877.76   174   -0.6693336271549714   4.981687261753839e-6
30005.83   175   -0.6693336571570057   2.286431322258073e-6
30075.52   176   -0.6693336699141615   4.081659993350299e-6
30214.48   177   -0.6693337022047523   4.061758431952306e-6
30353.58   178   -0.6693337279625738   4.2846745106452535e-6
30493.03   179   -0.6693337482705406   5.9376872877298375e-6
30629.89   180   -0.6693337849974073   2.700229247714964e-6
30807.29   181   -0.6693338603860352   5.424651905760677e-6
30956.26   182   -0.6693339111781117   7.767089725493742e-6
31102.0   183   -0.6693339903384568   3.7646618074462104e-6
31245.26   184   -0.669334042356393   4.660206508191983e-6
31331.94   185   -0.6693340744250833   3.8181802457610756e-6
31460.42   186   -0.6693341243029931   2.521283137969137e-6
31547.15   187   -0.6693341531154358   5.132205370176796e-6
31679.87   188   -0.6693341800742724   2.557276304906074e-6
31851.1   189   -0.6693342724497984   3.902265756847207e-6
31988.68   190   -0.6693343637932271   9.544449572257298e-6
32076.41   191   -0.6693344110468654   6.260991389922962e-6
32206.6   192   -0.669334455356496   5.17401771516807e-6
32292.57   193   -0.6693345238908507   3.976727890226796e-6
32378.23   194   -0.6693345634868038   3.1822327630250113e-6
32464.58   195   -0.6693345875526805   6.058324330161052e-6
32590.19   196   -0.6693346382569906   3.844960571092529e-6
32725.03   197   -0.6693346959779655   3.4094905057580283e-6
32855.38   198   -0.6693348069961902   7.985124787500761e-6
32945.69   199   -0.6693348454230759   5.715019452982514e-6
33083.57   200   -0.6693348931933032   4.825627763955831e-6
33221.64   201   -0.6693349422650805   6.7857136445149165e-6
33312.08   202   -0.6693349659172277   2.652226346740519e-6
33432.63   203   -0.6693350073499403   2.201544766319619e-6
33587.77   204   -0.6693350749700864   5.103109730695816e-6
33662.15   205   -0.6693351206293728   3.491808124855906e-6
33802.29   206   -0.6693351452376329   4.73966523459395e-6
33940.75   207   -0.669335182027975   4.930957891208467e-6
34080.67   208   -0.6693352446731246   3.870790801723152e-6
34213.76   209   -0.6693353269010399   5.695412943763754e-6
34299.7   210   -0.6693353655654394   2.987745698146231e-6
34441.25   211   -0.6693354077822833   7.358755988137462e-6
34517.99   212   -0.669335451290577   7.1227231306629425e-6
34655.87   213   -0.6693355200441864   2.5029580390160245e-6
34789.85   214   -0.6693355328156951   2.588916101968139e-6
34968.99   215   -0.669335575495281   3.949502320600608e-6
35122.25   216   -0.6693356009867062   5.075922758990708e-6
35259.97   217   -0.6693356199331916   3.126307404790613e-6
35389.89   218   -0.6693356449892871   3.5602867766047416e-6
35570.87   219   -0.669335712160362   5.993309063911056e-6
35731.25   220   -0.6693357412966554   6.5384196112168794e-6
35812.51   221   -0.6693357567763485   2.0518486622119955e-6
35906.28   222   -0.6693357721995576   5.925453288260509e-6
36000.44   223   -0.6693357683132207   3.6928488015071706e-6
36156.15   224   -0.6693357848702558   1.733703912366323e-6
36286.97   225   -0.6693358368204589   6.850751690676752e-6
36377.93   226   -0.6693358706540323   4.759567592957314e-6
36521.12   227   -0.6693358932247623   3.230756999553121e-6
36721.51   228   -0.669335936700864   2.5248359786468264e-6
36862.08   229   -0.6693359651163491   2.296030336406109e-6
37017.17   230   -0.6693359902600398   6.3485533068810035e-6
37157.45   231   -0.6693360158943215   5.607825723652792e-6
37292.18   232   -0.6693360702580102   1.978959175324372e-6
37445.04   233   -0.6693361042778067   7.194906822714134e-6
37543.53   234   -0.6693361212461597   2.8933187676861982e-6
37689.89   235   -0.6693361411801757   4.4054895541795104e-6
37833.14   236   -0.6693361780944247   3.05273369163514e-6
38001.76   237   -0.6693362316222207   7.326881098260919e-6
38101.77   238   -0.6693362670912791   5.0881675375713704e-6
38232.54   239   -0.6693363161480466   7.829418090398201e-6
38395.35   240   -0.669336357200226   3.944168179580436e-6
38564.03   241   -0.6693363863927844   2.8443245945065487e-6
38647.06   242   -0.6693363992932091   5.9830818423131425e-6
38797.95   243   -0.6693364205418293   3.120047262215414e-6
38946.82   244   -0.6693364573632281   2.858380899187767e-6
39048.69   245   -0.6693364755681969   3.3612128577438674e-6
39269.26   246   -0.669336524651016   3.5256697154531155e-6
39452.19   247   -0.6693365620534024   4.068077153828027e-6
39536.87   248   -0.6693365754486486   3.886412327163529e-6
39685.45   249   -0.669336607363076   2.8595144796987653e-6
39846.13   250   -0.669336652315937   2.8299730810750697e-6
40015.34   251   -0.6693366764306993   2.8590286797038573e-6
40154.94   252   -0.6693367042881063   3.1089870437157885e-6
40251.69   253   -0.6693367201752931   3.2468148906171164e-6
40439.36   254   -0.6693367298150255   1.7277953655801367e-6
40548.97   255   -0.6693367349563316   3.6430891900616893e-6
40703.7   256   -0.6693367499625663   1.914675844557831e-6
40845.93   257   -0.6693367581155502   2.4439960882461503e-6
41001.13   258   -0.6693367744454412   2.920742530606018e-6
41172.32   259   -0.6693367893986688   3.626922600041685e-6
41322.03   260   -0.669336802855751   1.931200834671314e-6
41417.67   261   -0.6693368171823953   4.235280130873815e-6
41533.64   262   -0.6693368121690683   6.764273014549812e-6
41689.33   263   -0.6693368200909453   1.5393155360269105e-6
41855.72   264   -0.6693368288162628   2.0531817960785764e-6
42067.69   265   -0.6693368567918413   2.6778033896451205e-6
42174.75   266   -0.6693368700777649   4.708834195078435e-6
42332.54   267   -0.6693369040767934   3.5244035679919336e-6
42494.37   268   -0.669336937449417   2.7620774992794667e-6
42671.76   269   -0.6693369605208779   4.967043164018364e-6
42870.48   270   -0.6693369815855196   3.034693814117221e-6
43026.42   271   -0.6693370029285182   1.9005076043506885e-6
43191.09   272   -0.6693370274119269   2.1799809451353958e-6
43355.67   273   -0.669337061881849   2.871889505554054e-6
43461.66   274   -0.6693370777949779   1.6836656925675556e-6
43684.31   275   -0.66933711436326   2.1086534476610195e-6
43799.54   276   -0.6693371241337326   5.3160744784731846e-6
43994.31   277   -0.6693371399610589   5.710094653790058e-6
44131.99   278   -0.6693371525481292   2.6687583896393446e-6
44322.03   279   -0.6693371655570273   2.245977595526777e-6
44514.55   280   -0.6693371746697612   4.155261994760504e-6
44686.88   281   -0.6693371927463466   1.949676534665843e-6
44836.95   282   -0.6693372075871495   2.3335838983591977e-6
45009.78   283   -0.6693372409589297   2.764227545614135e-6
45213.87   284   -0.6693372632658662   4.5581913788348565e-6
45335.12   285   -0.669337273604135   1.997678027645589e-6
45591.49   286   -0.6693372898083939   3.015224533525083e-6
45794.14   287   -0.6693373086647133   1.8244948581619174e-6
45991.39   288   -0.6693373140510028   2.8899692353633866e-6
46257.76   289   -0.6693373283440889   2.8151672410069993e-6
46444.84   290   -0.6693373583809347   2.423406793980107e-6
46638.28   291   -0.6693373735029725   2.0676080532818983e-6
46839.8   292   -0.6693373834599537   2.151509987982983e-6
47008.48   293   -0.6693374040246998   2.5660194264080476e-6
47212.14   294   -0.6693374189627114   2.1016791646056437e-6
47413.34   295   -0.6693374420431173   2.8425320679839447e-6
47611.01   296   -0.6693374636992142   2.8413781104769063e-6
47813.84   297   -0.6693374738660822   2.7745931527156592e-6
47948.1   298   -0.6693374770678812   2.2025938543777985e-6
48127.4   299   -0.6693374799437694   1.4334892708855183e-6
48383.86   300   -0.6693374978512192   4.067029934012588e-6
48496.52   301   -0.669337503246261   2.109402501989785e-6
48698.48   302   -0.6693375084287906   1.7984463213357046e-6
48874.08   303   -0.6693375192346043   2.9196053652836885e-6
49076.7   304   -0.6693375358067146   1.4925955242784013e-6
49281.02   305   -0.6693375445255223   1.4040212743544783e-6
49459.3   306   -0.6693375523146121   3.122072802751806e-6
49660.33   307   -0.6693375640999182   3.142628037832977e-6
49861.08   308   -0.6693375763020172   1.497092313435504e-6
50064.94   309   -0.6693375922307463   2.0841165190826047e-6
50266.54   310   -0.6693376005711833   3.2006605664773132e-6
50379.96   311   -0.6693376062222763   1.8808384715373784e-6
50528.94   312   -0.6693376148898047   1.4606770902278552e-6
50725.59   313   -0.6693376231591159   2.4845172921465673e-6
50893.22   314   -0.6693376394111656   2.3170597279664052e-6
51096.86   315   -0.6693376584685569   1.4604449094168196e-6
51263.94   316   -0.6693376723272529   1.4282381021017698e-6
51443.01   317   -0.6693376881126398   1.8444825253672738e-6
51631.82   318   -0.6693377086914678   2.0378245330745018e-6
51755.89   319   -0.6693377123086971   3.5796150275454066e-6
51932.2   320   -0.6693377216019717   1.3256952216839785e-6
52074.05   321   -0.6693377270305736   1.8656977605521866e-6
52239.65   322   -0.6693377341217288   2.85524488747319e-6
52405.55   323   -0.6693377434600125   2.5609951862267903e-6
52570.39   324   -0.6693377503012465   2.7834450162132652e-6
52723.77   325   -0.6693377575866983   1.929274352022341e-6
52974.82   326   -0.6693377698993442   1.250578032720162e-6
53176.24   327   -0.6693377818732056   1.4473563765395217e-6
53313.22   328   -0.669337795829313   3.7722479975486745e-6
53511.84   329   -0.6693378099088648   3.228960951389807e-6
53712.59   330   -0.6693378226253518   1.3207739504465582e-6
53910.11   331   -0.6693378314868703   1.7891629426679073e-6
54086.33   332   -0.6693378427783544   1.764217947408512e-6
54274.0   333   -0.6693378562068921   1.480229813425658e-6
54449.47   334   -0.6693378648116406   3.3860421185617014e-6
54639.71   335   -0.6693378743154811   2.3825635094985525e-6
54837.31   336   -0.6693378796811386   1.800457135876614e-6
54991.03   337   -0.669337885635034   2.1402800277306016e-6
55178.62   338   -0.6693378940515535   1.0233257445005535e-6
55378.77   339   -0.6693378986520611   1.4859436268937442e-6
55549.65   340   -0.6693379024853949   2.0894722319913308e-6
55736.35   341   -0.6693379070980496   1.6581602129087797e-6
55893.05   342   -0.6693379115433574   1.794542489138274e-6
56077.89   343   -0.6693379184245339   1.9225118780494006e-6
56261.04   344   -0.6693379260955636   2.332857528925012e-6
56448.74   345   -0.6693379306360149   1.8032051124583107e-6
56525.39   346   -0.6693379332925046   1.2773696744542682e-6
56668.49   347   -0.6693379363729334   9.074952918996762e-7
56840.99   348   -0.6693379512273645   1.7265491778528517e-6
57041.51   349   -0.6693379613066748   3.4234351242484734e-6
57226.21   350   -0.6693379739241146   1.6501633891092757e-6
57420.2   351   -0.6693379841320809   3.658387448190641e-6
57626.97   352   -0.6693379904027416   2.293500115035041e-6
57830.3   353   -0.6693379988392755   3.035737373337463e-6
58000.15   354   -0.6693380177441022   1.1784834376433323e-6
