0.0   0   -0.5000543242906917   0.0009721001923132123
96.66   1   -0.6303729451657415   0.022378422640212697
166.86   2   -0.6595930169369679   0.0037345866989017
186.86   3   -0.6602019498595982   0.0009601800845128669
210.7   4   -0.6602429066010973   0.0005413078321830887
244.25   5   -0.6602532762620495   0.0002391033002856872
266.96   6   -0.6602615555567743   0.00043857722060784655
335.04   7   -0.6603689829710494   0.0010546146962516492
403.93   8   -0.6604904335862014   0.00317346394564025
448.17   9   -0.6606271624551062   0.004582381238046968
494.27   10   -0.660852124923334   0.005593193537466801
543.11   11   -0.6612006876066138   0.006432257311934772
592.4   12   -0.6619504838574293   0.007327900978598282
664.35   13   -0.6633738160225575   0.005434691884572931
709.47   14   -0.6644363467677259   0.0025652826278188524
778.27   15   -0.6647546715475692   0.0019057193223805508
842.78   16   -0.6651754499687534   0.0027482600298777125
914.94   17   -0.6659938622306308   0.002736932360524018
985.68   18   -0.6667802656200108   0.002245060471863236
1054.72   19   -0.6674866348087185   0.0018523963195500488
1124.08   20   -0.6679564659484983   0.0036830677133705167
1193.6   21   -0.6681925775649626   0.0013131685487140117
1261.83   22   -0.6682497825117174   0.0006116501593151551
1338.38   23   -0.6683337978104452   0.0012825567600923253
1410.07   24   -0.6683831292303376   0.0003780358726799848
1481.56   25   -0.6684211322183552   0.0005107968111428102
1554.7   26   -0.6684917958368758   0.0009155235817880688
1627.18   27   -0.6685868555277973   0.0006508178968602533
1698.07   28   -0.6686427877765031   0.0008497458681213449
1770.21   29   -0.6687334580162044   0.0012790512895842546
1845.12   30   -0.6688045135490848   0.00024049198628724438
1918.0   31   -0.6688246998550733   0.0002941059061244006
1987.71   32   -0.6688706491292148   0.00046994102454802527
2074.22   33   -0.6688921297624693   0.00038130264557700177
2147.63   34   -0.6689004113202746   0.00024737498504029
2202.29   35   -0.6689128011685546   0.0005004306603114891
2268.89   36   -0.6689280194445666   0.00033339843206157244
2341.78   37   -0.6689312948667903   8.682465908421136e-5
2399.29   38   -0.6689335506109574   8.488653010509713e-5
2461.48   39   -0.6689400516279909   0.00012589410775575935
2532.71   40   -0.6689431492359095   8.134024647431237e-5
2605.17   41   -0.6689462480690737   0.00027010976745190903
2678.88   42   -0.6689498387362621   6.542386284894355e-5
2746.58   43   -0.6689509247887819   8.338934179351792e-5
2815.06   44   -0.6689532408975393   9.686413282336281e-5
2863.6   45   -0.6689537120284642   5.546498708819348e-5
2937.08   46   -0.6689543385974621   7.229671259092483e-5
0.0   0   -0.6689543385970766   0.00014607198603885607
47.58   1   -0.6689544198265874   0.00017636253714898832
134.68   2   -0.6689546652767151   0.0001379834997347113
203.84   3   -0.6689552342539686   9.146717020967797e-5
275.96   4   -0.668955515763194   9.607858299128452e-5
371.25   5   -0.6689562558877094   8.10155586823399e-5
435.22   6   -0.6689572979305428   9.521506726080398e-5
508.55   7   -0.6689581679598982   8.683051083991505e-5
580.49   8   -0.6689589964200838   8.043028909439365e-5
648.4   9   -0.6689599615353898   7.235304171867988e-5
717.51   10   -0.6689609727813779   0.00015440089649803126
785.1   11   -0.6689632786471711   0.00022365451351862668
851.96   12   -0.6689655298346826   0.00018990840537060175
927.44   13   -0.6689666591012602   0.00010780044057369742
1000.71   14   -0.668968377204691   0.00026610724337345487
1068.12   15   -0.6689690800029701   5.225688417724242e-5
1146.53   16   -0.6689692639874827   7.065426013432106e-5
1239.77   17   -0.6689719956135446   0.0001817533061915883
1312.13   18   -0.6689767972296746   0.00024048999571670137
1358.1   19   -0.668979736673765   0.00015975606596661438
1404.75   20   -0.6689826447164582   0.0002777472765673429
1479.78   21   -0.6689875158370482   0.0006243934615974139
1528.19   22   -0.6689949791005514   0.0007086376417093888
1596.94   23   -0.6690059108946663   0.0014395565530072245
1644.68   24   -0.6690113478354185   0.0009827172951567043
1691.59   25   -0.6690163981719695   0.00058571296146415
1740.83   26   -0.6690233321828047   0.0006470409973554775
1812.98   27   -0.6690332452425548   0.0012735749227379915
1886.19   28   -0.6690530554232287   0.0013614097315380223
1939.93   29   -0.6690745540661037   0.001319600719524495
1989.11   30   -0.6690919590682866   0.0011279568687595602
2064.05   31   -0.6691081233146672   0.0006502654112677987
2112.9   32   -0.6691197958609685   0.0015349318693227369
2161.75   33   -0.6691292296954299   0.0012608016193322233
2242.39   34   -0.6691460596980585   0.0008513547727287554
2291.83   35   -0.6691581983113879   0.00046563720132681587
2366.97   36   -0.6691732431268876   0.0008315671302698852
2445.72   37   -0.6691853458335988   0.0005481641594382522
2493.78   38   -0.6691983860655129   0.00083056347878715
2567.07   39   -0.6692093014574368   0.0005901874493511255
2636.94   40   -0.6692230686570824   0.0006828614788621792
2707.96   41   -0.6692408429078379   0.000588967723228806
2779.2   42   -0.6692515080936555   0.0004198991437869558
2827.76   43   -0.6692571686473859   0.000312043037215267
2875.3   44   -0.6692566023411091   0.00035975096950445246
2946.3   45   -0.6692614679617241   0.0002646068256590081
2993.43   46   -0.6692639475186255   0.00039501001854379297
3068.4   47   -0.6692671782604825   0.0006616816469278815
3137.47   48   -0.6692709217617208   0.0003884293882987777
3208.48   49   -0.6692729875657547   0.0002602366779173983
3287.74   50   -0.6692757136633439   0.00022312395172513543
3360.11   51   -0.6692787684125281   0.00024767310764223926
3408.86   52   -0.6692800996734155   0.0002963197113075534
3478.65   53   -0.6692808656165904   0.000253359817447318
3551.49   54   -0.6692816592094333   0.000243458087831155
3624.12   55   -0.6692826944547268   0.00028917858670342815
3699.78   56   -0.669285617941797   0.00035021497176170036
3778.29   57   -0.6692887216218635   0.00028990425277019394
3826.48   58   -0.6692904234598949   0.0003280654237296893
3899.3   59   -0.6692919013185438   0.00035131966545510904
3969.89   60   -0.6692936282958192   0.0003111258272175273
4046.43   61   -0.6692956952399627   0.0002409857607702355
4121.65   62   -0.6692973040517164   0.0003589499372231813
4197.23   63   -0.6692988202450204   0.0001947814827350624
4276.64   64   -0.6692995067682794   0.00028276956413217813
4374.95   65   -0.6693016311582245   0.0003393690714089045
4446.03   66   -0.6693040074260951   5.9783807326491134e-5
4517.98   67   -0.6693048071628969   0.0001250863107257296
4590.11   68   -0.6693060940362993   0.00044580857483678116
4639.11   69   -0.6693068033734403   0.00013743384390125924
4710.74   70   -0.6693079203793136   0.00011562632521554667
4783.01   71   -0.6693116175441169   0.0004640099426703272
4860.45   72   -0.6693134985857491   0.0003237240526229164
4937.9   73   -0.6693147093537193   0.00029279935635757317
4977.83   74   -0.6693153909609464   0.00020124747799518436
5010.67   75   -0.6693159097155007   0.00012889594618604658
5082.77   76   -0.6693162923084729   0.00011314553997174732
5147.87   77   -0.6693177642652037   0.00016890060181642982
5226.49   78   -0.6693189674205632   0.0001666736287817236
5273.65   79   -0.6693194600254587   0.000183438415535276
5345.62   80   -0.6693201022297237   0.00016380929723260076
5413.37   81   -0.6693209533919303   0.00028106654644149406
5446.45   82   -0.6693214711733313   0.000262478919639776
5507.74   83   -0.6693220983822114   0.00012727541409250642
5572.55   84   -0.6693226395780616   0.0002089937433038929
5637.47   85   -0.6693231620542174   0.00012969341045024132
5695.29   86   -0.6693233748664401   6.06991717517096e-5
5753.32   87   -0.6693237246257364   9.218199579445375e-5
5812.38   88   -0.6693241186143881   8.19699849995079e-5
5874.74   89   -0.6693245936970982   0.00025879474496318594
5902.49   90   -0.6693250136630791   0.0001425882107300852
5962.19   91   -0.6693253529934856   7.915190079654799e-5
6015.02   92   -0.6693256127766987   5.786714978115517e-5
6071.89   93   -0.6693260283548297   0.00013693920803284758
6132.88   94   -0.6693265739613259   8.654346259885301e-5
6187.4   95   -0.6693270220551316   0.0001331967871970768
6224.78   96   -0.6693271881064122   0.00014370586657265645
6280.92   97   -0.6693274230211621   8.727897698070275e-5
6330.99   98   -0.6693276643403645   0.00011863664262434918
6389.17   99   -0.6693279152836642   8.550523300999195e-5
6441.16   100   -0.6693279899900807   5.165341756371785e-5
6495.38   101   -0.6693280644509965   6.8415427931697e-5
6556.18   102   -0.669328214922538   0.00012983825692592976
6616.16   103   -0.6693284106354995   7.614439514254783e-5
6652.77   104   -0.6693284818164685   6.648202302203151e-5
6713.7   105   -0.6693286447273502   0.00012244037410411143
6748.16   106   -0.6693287289732412   6.898283572918926e-5
6800.52   107   -0.669328835364832   8.262216318905002e-5
6856.59   108   -0.6693290565381729   2.4980095111972953e-5
6914.71   109   -0.6693291383564464   5.6335869508620746e-5
6972.66   110   -0.6693292421910545   5.35065509363053e-5
7023.38   111   -0.6693293775011726   8.930384290160748e-5
7076.97   112   -0.6693294808532552   6.741801284196638e-5
7134.63   113   -0.6693296467671133   3.082759717762222e-5
7192.67   114   -0.6693298382058964   0.00011348464140194528
7226.59   115   -0.6693299280986664   4.78035518875746e-5
7303.22   116   -0.6693300216669892   6.400400246323963e-5
7336.91   117   -0.6693301258239558   9.162692522520982e-5
7394.17   118   -0.6693302154630031   4.812970512459158e-5
7443.03   119   -0.6693303127531901   4.0461611245747286e-5
7504.31   120   -0.6693303833432211   6.387353714870647e-5
7536.6   121   -0.669330434793686   7.979858236771473e-5
7578.53   122   -0.6693305460454516   8.413356985590216e-5
7635.22   123   -0.6693306389778887   3.9473088276069485e-5
7687.99   124   -0.6693307525898922   3.39502932562287e-5
7744.0   125   -0.6693309208872098   8.937925713639516e-5
7779.47   126   -0.669330972915796   2.9932024467507756e-5
7834.63   127   -0.669331005874889   3.1619652769517385e-5
7863.89   128   -0.6693310425268372   8.435869095412946e-5
7914.71   129   -0.6693311860096265   4.880427763762074e-5
7963.49   130   -0.6693312439999793   6.285179490447776e-5
8015.25   131   -0.6693313084271831   6.0256854075830106e-5
8069.84   132   -0.669331338353587   3.387027368894832e-5
8116.94   133   -0.669331367807156   4.5271683975431354e-5
8188.62   134   -0.6693314802531699   5.126887118935236e-5
8244.95   135   -0.6693315947713467   3.746519847871388e-5
8294.05   136   -0.6693316388440209   4.971345646515889e-5
8345.35   137   -0.669331723933613   4.8173311899233174e-5
8396.72   138   -0.6693318596873167   4.113169504011324e-5
8431.23   139   -0.6693318863707246   5.365007513364783e-5
8482.57   140   -0.669331940282307   1.866491721704643e-5
8533.86   141   -0.6693319761945699   3.9803956102550665e-5
8567.33   142   -0.6693320063826379   5.1319090035154e-5
8618.05   143   -0.6693320488405529   2.9424495491017192e-5
8665.58   144   -0.6693320720802887   4.171614582056584e-5
8712.11   145   -0.6693321013839811   4.3944393622728783e-5
8779.68   146   -0.66933215855727   6.577417431171613e-5
8810.34   147   -0.6693322074553454   9.043582983469563e-5
8861.54   148   -0.6693322805590667   2.2812097154386842e-5
8909.06   149   -0.6693323173351217   2.5272427372361253e-5
8956.73   150   -0.6693323484306712   2.8775955418014023e-5
8988.2   151   -0.6693323603270475   1.9630135638784574e-5
9032.23   152   -0.6693323780221522   4.08679715530128e-5
9085.85   153   -0.6693324099335392   4.208600710363464e-5
9141.1   154   -0.669332483337726   3.096133167213022e-5
9193.58   155   -0.6693325104747827   1.9818135362648566e-5
9259.37   156   -0.6693325449639319   3.367497891774779e-5
9285.66   157   -0.6693325598428919   2.633508099936289e-5
9337.31   158   -0.6693325738520575   3.766890434904811e-5
9404.59   159   -0.6693326237377578   4.180879549109012e-5
9455.83   160   -0.6693326671199995   1.702699803728374e-5
9505.24   161   -0.6693327090363949   2.475665760731737e-5
9531.92   162   -0.6693327158097296   2.48838669715198e-5
9577.56   163   -0.6693327226916519   1.601054938175743e-5
9618.26   164   -0.6693327290628783   1.5607693338944365e-5
9675.68   165   -0.6693327518322115   2.6746180186703467e-5
9725.9   166   -0.6693327724248528   3.440850711600183e-5
9770.43   167   -0.6693327842156274   2.0739635502612705e-5
9794.02   168   -0.6693327942144636   2.8363273032386884e-5
9841.72   169   -0.6693328114658521   2.8812412678161325e-5
9890.27   170   -0.6693328485923948   3.665773890385995e-5
9937.52   171   -0.6693328703232619   2.598144283767756e-5
9976.95   172   -0.6693329090925771   4.200973514989492e-5
10028.53   173   -0.6693329334681815   1.9376627809166337e-5
10069.64   174   -0.669332961487551   2.368805394673586e-5
10098.11   175   -0.6693329741844155   3.65369164844856e-5
10144.22   176   -0.6693329981351848   1.545189533321615e-5
10185.18   177   -0.66933301190295   2.098233258385901e-5
10231.75   178   -0.6693330362256258   2.305839316395556e-5
10281.49   179   -0.669333058687167   2.6230398286252745e-5
10328.31   180   -0.6693330975939533   1.7114897277292762e-5
10374.93   181   -0.6693331361865185   2.187321861085077e-5
10422.68   182   -0.6693331619584506   2.8879935202464263e-5
10452.71   183   -0.6693331738730153   4.324669332374162e-5
10500.44   184   -0.6693331833919011   1.7443359260623653e-5
10539.94   185   -0.6693331909922215   1.6436564316616544e-5
10599.25   186   -0.6693332032171181   2.2579229000945138e-5
10647.62   187   -0.669333216295949   3.6716390392134275e-5
10674.65   188   -0.6693332241096573   1.2270185867661715e-5
10713.83   189   -0.6693332315760414   2.1771472017621755e-5
10756.87   190   -0.6693332530262234   2.253169209780151e-5
10800.12   191   -0.6693332595118208   2.8618321213270398e-5
10835.74   192   -0.6693332723356908   2.2117109213126707e-5
10881.5   193   -0.6693332908052293   1.528112182716531e-5
10930.6   194   -0.6693332999653351   1.7833977257908362e-5
10978.82   195   -0.6693333217299481   1.8141682972496318e-5
11027.55   196   -0.6693333399172254   2.2432480693386318e-5
11061.7   197   -0.6693333489498676   1.870628812534804e-5
11105.45   198   -0.6693333579001371   2.9163058106637518e-5
11149.05   199   -0.6693333799109928   1.854400998169202e-5
11197.44   200   -0.6693333906243133   3.086139067277116e-5
11240.91   201   -0.6693334199631925   1.0741591250399091e-5
11279.11   202   -0.6693334349028921   1.9997877454980967e-5
11322.01   203   -0.6693334445927674   1.806547273968074e-5
11363.0   204   -0.6693334506706198   2.1585928917322404e-5
11386.41   205   -0.669333455263785   3.391022952160259e-5
11422.86   206   -0.6693334693002523   1.8299673749542426e-5
11478.1   207   -0.6693334841677053   2.3372252407198765e-5
11498.96   208   -0.6693334932079829   1.1844339507238733e-5
11542.96   209   -0.6693334982747579   2.0403277209660176e-5
11576.18   210   -0.6693335133204825   2.5337525527179823e-5
11622.17   211   -0.6693335209575872   1.4674182848586866e-5
11661.14   212   -0.6693335256122287   2.230783527053855e-5
11701.56   213   -0.669333528799738   1.6977424480723737e-5
11738.09   214   -0.6693335357636557   1.5227179411186897e-5
11778.66   215   -0.6693335431401402   2.4207980787313304e-5
11819.56   216   -0.6693335514440802   7.615595665489902e-6
11863.18   217   -0.6693335583634106   2.4851171631894352e-5
11905.49   218   -0.6693335682372429   3.911777259622764e-5
11949.62   219   -0.6693335736324247   1.9785118943815058e-5
12007.23   220   -0.6693335846223927   3.165503136722848e-5
12051.79   221   -0.6693336104327638   1.4392626123406732e-5
12075.54   222   -0.6693336127549333   1.1501908697822416e-5
12116.66   223   -0.66933361720396   1.1601876616089856e-5
12160.79   224   -0.6693336227992353   2.1328537661933685e-5
12207.38   225   -0.6693336314978157   1.3266572838951246e-5
12243.26   226   -0.6693336374474358   3.135835634277449e-5
12280.29   227   -0.6693336430573235   3.052443278489994e-5
12324.58   228   -0.6693336496925401   8.330238386743908e-6
12359.95   229   -0.669333654871915   1.7111718308021966e-5
12400.12   230   -0.669333660232778   9.931079308394696e-6
12440.32   231   -0.6693336676255223   1.0505837804510726e-5
12466.02   232   -0.6693336716738805   1.3522598880886467e-5
12500.81   233   -0.6693336776562975   1.2024954094025375e-5
12543.88   234   -0.6693336889782296   1.776004803594203e-5
12586.53   235   -0.6693336956599929   1.1753935851911364e-5
12622.61   236   -0.6693337043907072   9.219549304094113e-6
12660.98   237   -0.6693337095022166   1.976789254730841e-5
12705.6   238   -0.6693337149406259   7.617376574025448e-6
12742.9   239   -0.6693337187312405   1.4690354248797729e-5
12767.99   240   -0.6693337214738786   2.1154988605482197e-5
12806.32   241   -0.6693337278342056   9.488948887880748e-6
12868.49   242   -0.6693337392809849   2.163859087438439e-5
12888.77   243   -0.6693337432339065   1.034007227350377e-5
12925.62   244   -0.6693337461628056   9.67887123506609e-6
12966.43   245   -0.6693337495428264   8.636478501897193e-6
13003.74   246   -0.6693337564359986   1.2942597916704157e-5
13026.59   247   -0.6693337610433664   2.9396023939467827e-5
13048.02   248   -0.6693337655122192   1.3629053525128151e-5
13082.44   249   -0.669333768583116   1.4204444255355854e-5
13135.32   250   -0.6693337796052383   1.3148139534204729e-5
13181.17   251   -0.6693337940352027   1.2337631767789132e-5
13223.36   252   -0.6693337987964654   1.2281773716737172e-5
13276.43   253   -0.6693338077833989   1.2939333514051245e-5
13298.38   254   -0.6693338107372001   1.3981662211239402e-5
13336.59   255   -0.6693338153756083   1.280408395843973e-5
13379.79   256   -0.669333822816454   8.111438901226009e-6
13421.43   257   -0.6693338266598148   5.73294695137283e-6
13466.84   258   -0.6693338301985758   2.2053584379347962e-5
13507.53   259   -0.6693338355756054   2.093801041421828e-5
13538.54   260   -0.6693338459670465   1.784868286058384e-5
13564.72   261   -0.6693338487584997   1.1844772738797e-5
13601.77   262   -0.6693338513346926   1.5993393729557463e-5
13642.05   263   -0.669333854109011   2.311041076365151e-5
13681.62   264   -0.669333857617008   1.2785143986814029e-5
13720.72   265   -0.6693338601507932   1.0019671063798351e-5
13760.85   266   -0.6693338633222974   1.4397686822287977e-5
13796.05   267   -0.6693338652160684   1.0402524930009253e-5
13829.15   268   -0.6693338710360811   1.6693612791974737e-5
13856.32   269   -0.6693338724607433   1.3843394482723759e-5
13892.67   270   -0.669333876188604   1.4347585473222361e-5
13930.34   271   -0.6693338807220934   1.788719000634138e-5
13956.03   272   -0.6693338826668664   7.067204951971551e-6
13988.24   273   -0.6693338836514737   1.2806152130701036e-5
14023.5   274   -0.6693338846121569   7.831891917747802e-6
14073.52   275   -0.6693338887749611   1.0647278207160796e-5
14112.19   276   -0.6693338914870781   1.2328500522474066e-5
14150.33   277   -0.6693338940736565   1.1729078715893798e-5
14185.55   278   -0.6693338990842225   8.556484783747753e-6
14220.9   279   -0.6693339008489664   1.0560897091296197e-5
14272.27   280   -0.6693339052622772   1.3320116223486389e-5
14310.76   281   -0.6693339117277697   1.4599201511613533e-5
14350.79   282   -0.6693339155719269   5.498296626452507e-6
14386.32   283   -0.6693339171108275   1.1241758178184282e-5
14425.65   284   -0.6693339204880185   9.426644278149258e-6
14466.18   285   -0.6693339222662358   9.145304658044855e-6
14499.34   286   -0.6693339240257922   5.838462281915202e-6
14534.17   287   -0.6693339256264269   1.1279826812727855e-5
14568.31   288   -0.6693339288947412   9.118852050286781e-6
14606.94   289   -0.6693339304764898   5.76552504510941e-6
14630.37   290   -0.6693339317393816   8.861605766033454e-6
14665.48   291   -0.6693339352946635   7.631743439309867e-6
14703.57   292   -0.6693339371926991   6.1005175286191204e-6
14738.48   293   -0.6693339383054648   4.7751500663571755e-6
14776.82   294   -0.6693339391718114   1.17308815289412e-5
14822.63   295   -0.669333940511033   8.358255296705282e-6
14862.58   296   -0.6693339422407426   9.241061882385421e-6
14903.02   297   -0.6693339436337677   1.0994389102112526e-5
14936.24   298   -0.6693339457843219   6.425197356435789e-6
14974.22   299   -0.6693339491530126   6.972146246103248e-6
15010.2   300   -0.6693339514651837   1.0267787099606856e-5
15042.76   301   -0.6693339546498378   9.217507558598181e-6
15081.46   302   -0.6693339568801853   6.056598432901853e-6
15112.99   303   -0.6693339575983932   5.857342858714873e-6
15149.45   304   -0.6693339583444997   9.77874681756697e-6
15186.15   305   -0.6693339596987748   4.310704506127872e-6
15226.79   306   -0.6693339605619223   7.451179601305621e-6
15261.02   307   -0.6693339617528479   4.992178647425516e-6
15291.43   308   -0.6693339632807525   9.220086095767305e-6
15333.04   309   -0.669333964583698   8.914078502859144e-6
15367.19   310   -0.6693339667721095   6.788881269466795e-6
15409.82   311   -0.6693339683414787   6.205630141869147e-6
15450.91   312   -0.6693339695490538   4.096255573591413e-6
15484.5   313   -0.6693339703057422   2.9936394842864505e-6
15516.71   314   -0.6693339714034194   1.3568147538815921e-5
15545.3   315   -0.6693339745020406   5.4495852878356674e-6
15567.57   316   -0.6693339752784467   9.131984785258766e-6
15601.85   317   -0.6693339770575436   7.18892367908904e-6
15640.4   318   -0.6693339794987123   1.0817128271720572e-5
15680.79   319   -0.6693339819201489   6.533197565617918e-6
15719.71   320   -0.6693339837421979   3.6902493481295873e-6
15754.5   321   -0.6693339858352312   1.0973036096547151e-5
15781.57   322   -0.669333987370115   8.91999620004913e-6
15820.83   323   -0.6693339909806829   1.192448131939265e-5
15861.53   324   -0.669333993052516   1.4227077084754783e-5
15909.8   325   -0.6693339947542216   5.108371909045423e-6
15944.63   326   -0.6693339958035064   1.2868876862465704e-5
15981.37   327   -0.6693339970242109   9.981106802568623e-6
16027.77   328   -0.6693339982515224   6.409066130960164e-6
16063.78   329   -0.6693339996532085   6.795012970829684e-6
16100.89   330   -0.6693340014775447   7.293676071874474e-6
16153.31   331   -0.6693340051541861   5.842474888534218e-6
16172.68   332   -0.6693340072670745   4.650463994629317e-6
16200.23   333   -0.669334007846603   5.941048518768108e-6
16220.01   334   -0.6693340086090895   3.584573075855052e-6
16252.91   335   -0.6693340093684492   7.330614708731986e-6
16281.42   336   -0.6693340107296236   7.148607242484565e-6
16317.72   337   -0.6693340118571078   1.198960893409251e-5
16357.91   338   -0.6693340130376148   5.706611636083214e-6
16389.76   339   -0.6693340141939595   6.420579591762491e-6
16424.36   340   -0.6693340163705145   3.0492381703071157e-6
16447.38   341   -0.6693340168946429   7.918235339677627e-6
16484.82   342   -0.6693340179996818   6.853094526505018e-6
16518.73   343   -0.6693340191799351   5.555652264046358e-6
16555.51   344   -0.6693340198612261   5.286251538776929e-6
16591.48   345   -0.6693340211305702   4.717742189253782e-6
16631.25   346   -0.6693340223350449   5.216859243661193e-6
16672.35   347   -0.6693340234612913   1.2495142322266629e-5
16712.22   348   -0.669334024047127   1.1967010948718026e-5
16759.35   349   -0.6693340257138648   9.113410693819689e-6
16791.59   350   -0.6693340268146512   7.42710648063416e-6
16825.58   351   -0.6693340277913779   4.378258045050459e-6
16861.22   352   -0.6693340291782963   4.743791223141322e-6
16900.58   353   -0.6693340316643888   8.829076771335592e-6
16941.82   354   -0.669334033693122   6.967613674087849e-6
16986.84   355   -0.6693340360898236   1.3094073399951322e-5
17027.63   356   -0.669334038254222   1.035476400415517e-5
17060.82   357   -0.6693340402445406   8.44219057173546e-6
17102.64   358   -0.6693340409784917   6.797721190019863e-6
17138.08   359   -0.6693340416659258   6.917581874887331e-6
17168.89   360   -0.6693340422125899   4.85412258391465e-6
17215.6   361   -0.6693340450449349   5.899264388114974e-6
17237.81   362   -0.6693340461483231   1.0074228542627411e-5
17278.78   363   -0.6693340471537715   4.05921887153498e-6
17331.42   364   -0.669334049553679   4.517356454070423e-6
17355.45   365   -0.6693340510951052   1.1607862166712356e-5
17397.21   366   -0.6693340531139044   4.162574013307635e-6
17455.02   367   -0.669334055134649   1.631641722538311e-5
17491.76   368   -0.6693340567615118   6.7903158404679365e-6
17528.65   369   -0.6693340578999747   1.0168248450048507e-5
17552.12   370   -0.6693340586235674   8.892175137838382e-6
17606.28   371   -0.6693340602669059   5.017442700194898e-6
17645.36   372   -0.6693340612632677   8.84950551452434e-6
17678.63   373   -0.6693340627304863   3.2207998682635963e-6
17718.02   374   -0.6693340642202812   4.623550872065452e-6
17752.23   375   -0.6693340665961127   5.960501648057902e-6
17772.48   376   -0.6693340675073589   9.109315006823078e-6
17810.79   377   -0.6693340685331707   6.2108463054871435e-6
17839.19   378   -0.669334070770574   2.9334564718360593e-6
17863.26   379   -0.669334071262915   6.322292199184474e-6
17888.94   380   -0.6693340716475231   4.86153057589279e-6
17924.73   381   -0.6693340719557092   3.561534788754095e-6
17957.86   382   -0.6693340736161206   8.389963022738659e-6
17981.64   383   -0.6693340741057834   4.877664114123816e-6
18016.8   384   -0.6693340745863847   5.697461640483172e-6
18052.77   385   -0.6693340753788385   9.940346578070221e-6
18084.46   386   -0.6693340771634587   9.343124446977397e-6
18124.06   387   -0.6693340782130163   9.239713642798458e-6
18159.46   388   -0.6693340791072322   3.942126008027051e-6
18193.98   389   -0.6693340805709254   1.4830021526337567e-5
18233.93   390   -0.6693340813915251   7.450015529596102e-6
18270.73   391   -0.6693340819071163   8.113995070940798e-6
18305.77   392   -0.669334082371648   7.601665053526539e-6
18351.89   393   -0.6693340834689177   1.4043171277216433e-5
18389.94   394   -0.6693340843464939   5.028031801060968e-6
18440.2   395   -0.6693340852420211   9.069011587812286e-6
18498.37   396   -0.6693340880761385   5.700781847467311e-6
18535.81   397   -0.6693340898288097   8.237850176458728e-6
18573.33   398   -0.6693340909507947   5.040086296174462e-6
18611.2   399   -0.6693340920717273   1.045627030763074e-5
18640.2   400   -0.6693340936488322   8.597978570762844e-6
18676.47   401   -0.6693340941328769   2.8520905461528234e-6
18710.58   402   -0.6693340944372836   5.748865042742287e-6
18760.65   403   -0.6693340961575233   2.950798549256365e-6
18782.75   404   -0.66933409679949   8.459168977248189e-6
18825.07   405   -0.6693340972429044   3.7662243982420844e-6
18870.49   406   -0.669334097921854   3.618762164223717e-6
18908.25   407   -0.6693340987375431   4.628524913410925e-6
18948.9   408   -0.669334099706652   7.7394008189437e-6
18969.65   409   -0.669334100429659   3.6433551084784355e-6
19000.02   410   -0.6693341009472507   4.444322875680906e-6
19022.38   411   -0.6693341010942342   7.4855534231771765e-6
19057.96   412   -0.6693341013490488   3.158123701659564e-6
19103.68   413   -0.6693341019996041   8.715511334140442e-6
19139.72   414   -0.6693341029495655   8.688490313050491e-6
19175.03   415   -0.6693341033155416   5.3855685881152055e-6
19207.83   416   -0.66933410343707   3.2330222352890226e-6
19234.96   417   -0.6693341038692826   2.8207628816681596e-6
19275.36   418   -0.6693341043486737   5.642803299079485e-6
19309.54   419   -0.6693341049189288   2.3157980429970173e-6
19341.38   420   -0.6693341056156289   7.577031643534239e-6
19376.09   421   -0.6693341061201747   2.9068056599160807e-6
19422.99   422   -0.6693341069191194   4.571531210757335e-6
19445.63   423   -0.6693341075064094   1.0017214216031472e-5
19483.12   424   -0.6693341080016428   2.3546802345713463e-6
19511.81   425   -0.6693341083452767   3.839409429525317e-6
19552.6   426   -0.6693341085711283   5.7674106130640945e-6
19581.83   427   -0.6693341090953245   3.5243080207837674e-6
19612.9   428   -0.6693341099927413   7.870727575446611e-6
19649.65   429   -0.6693341106923761   5.4391429583092665e-6
19687.32   430   -0.6693341114545783   2.61601584164852e-6
19708.36   431   -0.6693341117450027   5.101380419687354e-6
19742.48   432   -0.6693341118723246   3.4962452908744813e-6
19774.2   433   -0.6693341122455748   6.16462192650335e-6
19802.31   434   -0.6693341126711652   6.692150551589097e-6
19834.82   435   -0.6693341128026633   5.5947018640347605e-6
19852.29   436   -0.6693341133766593   9.091745905711498e-6
19890.55   437   -0.6693341135521984   3.6056674701332586e-6
19929.58   438   -0.6693341138424714   4.533900849038725e-6
19965.84   439   -0.6693341141598781   3.1981901461767865e-6
20013.15   440   -0.6693341144397883   7.84025198216424e-6
20046.98   441   -0.6693341147613995   4.451650786496675e-6
20078.43   442   -0.669334114972343   3.969364026914403e-6
20108.15   443   -0.6693341152403081   5.866108465902382e-6
20138.41   444   -0.6693341155349448   3.860577481279338e-6
20169.77   445   -0.6693341157107413   6.821142067428288e-6
20204.95   446   -0.6693341163074177   4.986807697414267e-6
20227.48   447   -0.6693341164697225   4.570457416648357e-6
20265.16   448   -0.6693341169479101   1.421016910196915e-6
20296.77   449   -0.6693341174774543   5.605103163705087e-6
20333.04   450   -0.669334117814125   5.50973122113354e-6
20369.53   451   -0.6693341187913924   8.420480395120006e-6
20413.96   452   -0.6693341193008424   2.5246961392610956e-6
20444.31   453   -0.6693341196375651   2.9794514906865854e-6
20474.61   454   -0.6693341198977536   2.354260266734798e-6
20497.87   455   -0.6693341202676226   3.9834788702660885e-6
20531.23   456   -0.6693341207873339   4.816959351725163e-6
20566.21   457   -0.6693341213592519   2.916032207009521e-6
20602.5   458   -0.6693341215550649   3.841925034781519e-6
20633.12   459   -0.6693341218682596   3.5028772514905144e-6
20665.33   460   -0.6693341220321571   2.184688700669922e-6
20697.72   461   -0.6693341221201397   2.273007666833955e-6
20731.58   462   -0.6693341223812626   2.7407958470307235e-6
20758.59   463   -0.6693341227785196   2.3495081610603913e-5
20804.52   464   -0.669334122777014   3.146936338203549e-6
20843.11   465   -0.6693341228041507   3.3018683732276143e-6
