0.0   0   -0.31925605048574657   0.22674003442500287
0.16   1   -0.992596642375544   0.1161782820761291
0.33   2   -1.0017396778202166   0.030648512089903615
0.59   3   -1.0026771656695685   0.03185800503227675
0.9   4   -1.0133738973510387   0.06708137837985191
1.07   5   -1.0151012854777621   0.03550011733870128
1.44   6   -1.019227935661678   0.027917023287116996
1.59   7   -1.0201653669594193   0.008094615708129771
1.74   8   -1.0202240446298538   0.0037488198704661237
2.02   9   -1.0203329013127163   0.009099965279384378
2.21   10   -1.0206946486821162   0.00401196086700862
2.41   11   -1.0207202570476492   0.0008770073169333651
2.61   12   -1.0207255318694637   0.0017739535465423498
2.9   13   -1.0207542764292161   0.0024508455366549615
3.11   14   -1.0207694041524098   0.00016594677297500072
3.32   15   -1.020769434391293   0.00010327969456860262
3.75   16   -1.0207714271365185   0.0010087599979027018
4.03   17   -1.0207818816876923   0.00015364614830463996
4.22   18   -1.0207823348619125   0.0002914123162023994
4.49   19   -1.0207837909789192   0.0001270514905160145
4.69   20   -1.020783914564496   7.426140837498581e-6
4.94   21   -1.0207839160920122   2.8640931929745698e-5
