0.0   0   -0.5013470147537145   0.0132029762420016
8.1   1   -0.6089534745045138   0.07398422635374596
19.0   2   -0.6114827572200535   0.018133066551544966
31.04   3   -0.6536074746071474   0.020978631465539084
36.47   4   -0.6551547475967093   0.01632156758503317
41.48   5   -0.6594311744896859   0.008158016147834023
44.09   6   -0.6599216382621264   0.002271527427497094
48.38   7   -0.6600709197295069   0.003914452932722759
52.71   8   -0.6602361213602068   0.0010975899610403516
57.93   9   -0.6602704441310079   0.0008131962004648472
65.62   10   -0.6603062980323829   0.0022295691368171854
83.21   11   -0.6607938013940913   0.02013617086160373
90.0   12   -0.6614563614805684   0.004508615617980232
94.75   13   -0.6622527826851063   0.004342784228759012
100.09   14   -0.6628949561817377   0.006366211730806451
105.27   15   -0.663271316476572   0.005678869662672449
114.59   16   -0.6637541827812692   0.003779352301137887
124.17   17   -0.6638975099178692   0.0022971155684289295
133.1   18   -0.6641995553569106   0.0018768116874909885
141.0   19   -0.6643151740037441   0.0009748561238339902
148.3   20   -0.6643719671074737   0.0014464361464829561
157.01   21   -0.6644205136351591   0.0011579209156991352
166.41   22   -0.6644353758343475   0.0004704164191415793
175.78   23   -0.6644425607276079   0.0007246175301146198
186.81   24   -0.6644965099991929   0.000889192116580134
193.82   25   -0.6645480692978738   0.0011168906323601308
199.55   26   -0.6645792957816875   0.0007249761506010379
205.05   27   -0.6646083107996503   0.0006036205059235106
212.5   28   -0.6646696614940748   0.0017504711502292658
224.76   29   -0.6646934787586631   0.0020511019062621977
232.44   30   -0.6647735098636902   0.001153065384685344
239.19   31   -0.6648107224910111   0.000666635178393316
246.03   32   -0.6649515845744784   0.0017714619427946902
248.61   33   -0.665035663254004   0.003271204329006224
252.24   34   -0.665134483557722   0.0017020269819155683
256.03   35   -0.6652051503545047   0.0013593889515086817
259.72   36   -0.6652541176052842   0.001999918103929658
263.56   37   -0.6653391388711649   0.0024043053518290345
265.98   38   -0.6654081901311542   0.0008684644203071472
269.68   39   -0.6654511943470361   0.0012486046980307397
273.58   40   -0.6654787621370961   0.001038193395956764
278.38   41   -0.6656202576057524   0.0015253822811212238
284.46   42   -0.6657358264706674   0.002220444791812372
287.86   43   -0.6657989975167592   0.0015438890967015807
290.87   44   -0.6659345793091374   0.0021887037004464736
296.81   45   -0.6660849816998284   0.0009443050279165221
301.25   46   -0.6661389948000553   0.0012188528673515268
306.32   47   -0.6662109291435852   0.0016959970109929584
310.77   48   -0.666400435601308   0.002406282427831402
320.22   49   -0.6665462438520611   0.0034000882936162918
323.46   50   -0.6667115804583776   0.0008903492886022481
326.19   51   -0.6667482044804045   0.002455532798680738
328.68   52   -0.6667792324343714   0.0009687300600844967
333.26   53   -0.6668058778081987   0.0006375580165173826
337.07   54   -0.6668284905351236   0.0007969684436641935
341.52   55   -0.6668412553365628   0.0008987391086827219
346.63   56   -0.6668681003171704   0.0012595581206352596
351.45   57   -0.6668901166125647   0.0006680171922738154
355.8   58   -0.6669106768773729   0.0010242094271000852
361.04   59   -0.6669413721409759   0.0007283000265449496
366.48   60   -0.6669747244521327   0.0008723499480741649
371.82   61   -0.667020037959222   0.0013361634981798396
376.94   62   -0.6670545672975139   0.0005972659860262134
380.73   63   -0.6670693209543815   0.0005961768025416641
386.99   64   -0.6670815192506057   0.00047291288595603144
392.01   65   -0.6670906377008993   0.0004894324654646895
397.82   66   -0.6671054454387502   0.0003795002385198727
405.3   67   -0.6671273955358248   0.0005961890220744269
413.13   68   -0.6671417310901586   0.0002633344390526001
421.02   69   -0.6671512008573488   0.0005689698123098514
429.14   70   -0.6671566215082061   0.0003213885715078477
437.02   71   -0.6671651205004783   0.0004877241887174579
444.93   72   -0.6671823131872068   0.0007987087893935115
452.96   73   -0.6671934715685954   0.0003834119857552092
458.24   74   -0.6671952344460153   0.00019541357377871052
466.33   75   -0.6671960210206799   0.00010806643509651996
474.38   76   -0.6671978642696423   0.00018599750359529386
479.54   77   -0.6671993660373433   0.0005114334639039159
487.58   78   -0.6672060301589364   0.0006289861639812972
495.54   79   -0.6672146343925176   0.0001739331516963415
503.63   80   -0.6672183383379648   0.0003429378742033915
508.98   81   -0.6672206264749191   0.00018245061001317936
517.11   82   -0.6672211712696716   0.00010123246307985988
524.88   83   -0.6672221869008712   0.0001858686407062095
532.99   84   -0.6672238188842081   0.0003379778297868895
541.1   85   -0.6672255545659611   0.0001716058051671578
549.35   86   -0.6672266983534524   0.0001921646035680521
557.73   87   -0.6672286571570233   0.00017703266905061792
563.24   88   -0.6672298131469259   8.682329068811727e-5
571.48   89   -0.6672304319300351   0.00012472034785428228
582.41   90   -0.6672322989413815   0.0002504632981649686
590.49   91   -0.6672372438847   0.00044532897044256424
598.55   92   -0.6672411026187541   0.00026576011973812244
606.96   93   -0.6672434720994722   0.0003236164874086058
615.74   94   -0.6672446871547639   0.00011037331292257747
624.17   95   -0.6672454609922355   0.00012328289743484598
632.45   96   -0.6672467879728523   0.00010280780516914066
640.73   97   -0.667247707583837   0.00017543866819590714
646.19   98   -0.6672482398343758   0.00021544244944177938
654.64   99   -0.6672508180216086   0.0001461289660453628
661.78   100   -0.6672528506586957   0.00020686948163440888
670.04   101   -0.6672543943442752   8.720438863320186e-5
678.36   102   -0.6672552679096113   0.0001291067315798991
682.16   103   -0.6672560304571129   0.00016033177486401472
690.55   104   -0.6672573790799035   0.00011952081840042091
699.09   105   -0.6672589463016996   0.00015246612242670194
707.5   106   -0.6672617057619359   0.0003427506389573252
715.88   107   -0.667263658139694   0.00034379440841638136
724.5   108   -0.6672657960321078   0.00016992867701094792
732.99   109   -0.6672667357852339   0.00021693994470961417
741.48   110   -0.6672678818216589   0.00028361907087022964
750.1   111   -0.6672706377947466   0.0002270552491780001
755.72   112   -0.6672738877639202   0.0003317346163549726
0.0   0   -0.6672167895516011   0.024064678434013213
