0.0   0   -0.503681743255999   0.043945991146866134
1.6   1   -0.5572757419755633   0.10048686027446829
8.18   2   -0.6373482430651649   0.008918514842898724
10.13   3   -0.6436328695301039   0.005927211501725353
11.77   4   -0.6503305933723187   0.0015207473592556847
13.76   5   -0.6523181757040781   0.0031350636449324477
16.15   6   -0.6566327939547624   0.0009042739092990682
16.97   7   -0.6580806722953377   0.001182782272939108
17.86   8   -0.6590634679142592   0.001433711382764288
18.63   9   -0.6595735905526942   0.00023213902215253653
19.44   10   -0.6597707553532276   0.00029171752126179814
20.22   11   -0.6598894144058282   0.0003823454582027728
21.29   12   -0.6599941346263831   9.635652295065423e-5
22.06   13   -0.6600554416478494   8.406602080908822e-5
22.82   14   -0.6601071338100248   0.00015789482057041446
23.97   15   -0.6601804808084453   6.043171204660062e-5
24.75   16   -0.6602272788885214   4.544232591828782e-5
25.53   17   -0.6602303162956306   1.0236952937576684e-5
26.21   18   -0.6602304651330592   3.6393749620756687e-6
26.87   19   -0.6602305292509204   2.8542660076831795e-6
0.0   0   -0.6602305292509203   0.07577333557676406
2.36   1   -0.6602305313227693   8.382989897696199e-5
4.18   2   -0.6602305569354076   0.00011646020269591194
0.0   0   -0.6602305569354073   0.0757684872077003
2.86   1   -0.6602299532057091   0.0011732210349753446
3.98   2   -0.6602305715942113   5.72005108484754e-5
