0.0   0   -0.503681743255999   0.043945991146866134
1.92   1   -0.5572757416891805   0.10048685865389578
7.53   2   -0.6373482757379093   0.008918649881436012
10.59   3   -0.6436329694895215   0.005927259145611461
13.02   4   -0.650330654702889   0.001520716753535746
16.68   5   -0.6523181062289961   0.0031350015485308693
19.54   6   -0.6566328396246733   0.0009041378857704539
20.4   7   -0.6580816839434875   0.0011822718549252896
21.27   8   -0.6590640741185155   0.0014329403412359212
22.07   9   -0.6595739751309968   0.00023185775314226267
23.99   10   -0.6597708815280783   0.0002914471723082299
24.83   11   -0.6598896632883233   0.00038270244803606225
25.92   12   -0.6599944133851788   9.625328569757041e-5
26.71   13   -0.660055480742028   8.382544225482722e-5
27.47   14   -0.6601071407324691   0.00015777695858398187
28.55   15   -0.6601805109501141   6.048146134773858e-5
29.34   16   -0.6602272680680985   4.532695538841298e-5
30.17   17   -0.6602303176339587   1.0149990386408343e-5
30.9   18   -0.6602304667551011   3.600239689454082e-6
31.56   19   -0.6602305312834583   2.787939513747479e-6
