0.0   0   -0.5013470147540527   0.013203001557113
4.84   1   -0.6089535400917473   0.07399553768299202
11.36   2   -0.6114831444710161   0.018132031116832373
17.51   3   -0.6536116934934598   0.020934884257589197
20.91   4   -0.6551762846849707   0.016330185512235078
23.65   5   -0.6594165214106241   0.008266064953701309
24.66   6   -0.659921640820112   0.002280071182514393
28.62   7   -0.6600705971698206   0.0038943729133608354
33.62   8   -0.6602360078174339   0.0010949287778602504
37.74   9   -0.6602705646954361   0.000817525366976937
39.16   10   -0.6603056457574723   0.0021779736919357653
50.06   11   -0.6608669611908647   0.013011243618133918
60.38   12   -0.660918124655324   0.0163816477516326
68.35   13   -0.6619071729745419   0.00894265611101253
74.91   14   -0.6628430643741267   0.0032977869920267186
78.56   15   -0.6630772297299419   0.004713012005522844
83.07   16   -0.6634076038332577   0.0030097864577099988
87.79   17   -0.6637324661776908   0.003107087928961582
92.53   18   -0.6642006360973353   0.0012371109859247592
95.9   19   -0.664340155758841   0.00168007745828319
100.99   20   -0.6643726697860933   0.0007032203928900513
106.32   21   -0.6644033816313354   0.0009555310343741695
111.81   22   -0.6644337388900675   0.00046556252162552504
115.67   23   -0.6644497843551563   0.0009035075608323991
122.27   24   -0.6645137861169298   0.002022161001720234
126.38   25   -0.6645353028680816   0.000696807607142961
129.15   26   -0.664540719108899   0.0007237678627543987
135.6   27   -0.6645708599221763   0.0007026132208169572
139.98   28   -0.6646553598362988   0.0017152073513630444
145.35   29   -0.6647513419264452   0.0012511679159810237
150.55   30   -0.6648063947069671   0.0008827170733389463
155.86   31   -0.664900089306016   0.001441696249505015
161.0   32   -0.6649689340848114   0.0016782735841708385
165.93   33   -0.6650632426966752   0.0018428145018802174
171.54   34   -0.665149323181255   0.0016630687811309125
177.8   35   -0.6652501274813515   0.0016707901391743907
183.82   36   -0.6653204423800965   0.0025341194611425677
190.18   37   -0.6653661818455388   0.0013906322236508202
192.92   38   -0.6653933398045272   0.000572968444988199
198.12   39   -0.6654489671341018   0.0014908965783734858
203.45   40   -0.6655073853046943   0.002265362570566856
209.02   41   -0.6655830265131455   0.0011624758729785328
214.64   42   -0.6657011241044732   0.0016279529257925691
220.25   43   -0.6658398612549921   0.0025741438280342905
225.92   44   -0.6659415384395564   0.0035056062494663626
231.97   45   -0.6660396967988569   0.0014045619609884864
237.89   46   -0.6660931255649954   0.0020745902308539946
243.86   47   -0.6661793133314917   0.0023955444208735898
250.03   48   -0.6662558509522893   0.002276360280938082
255.28   49   -0.6663471268803326   0.002208012396174425
260.35   50   -0.6665078482766598   0.0028901010138849856
263.9   51   -0.6666567773010563   0.0015037797284922505
269.16   52   -0.6667228730695776   0.0010487819205589471
274.24   53   -0.6667885260879289   0.0017260838456356548
279.74   54   -0.66685002214212   0.0011608391313962002
285.43   55   -0.6669070360554523   0.0006250336199892243
291.52   56   -0.6669277331679879   0.0005909807980541321
297.54   57   -0.6669428699164376   0.0009236384683959073
303.87   58   -0.6669928576131084   0.001109646851247741
310.42   59   -0.6670570029415048   0.0006438396611275904
314.2   60   -0.6670793037233618   0.001436926494096501
317.88   61   -0.6671059353335954   0.000708636950153683
323.27   62   -0.6671150646187846   0.0004905335212051433
328.8   63   -0.6671279283912136   0.0006044554730172556
334.28   64   -0.66714919513334   0.0005058655872227777
339.8   65   -0.667189469613567   0.0009053330081332773
343.62   66   -0.6672021386943083   0.0009352044158149976
349.71   67   -0.6672209865598133   0.0014572152921824243
355.89   68   -0.6672400359904777   0.0005380347837085631
362.71   69   -0.6672457238573608   0.00040040006329505884
370.04   70   -0.6672650354868979   0.0005306905875010081
375.5   71   -0.667287346269634   0.00037144482149827074
380.96   72   -0.6672971499377587   0.00047359803934792855
386.45   73   -0.6673069270323404   0.000497208446358052
392.0   74   -0.6673135954913536   0.0002480122961456416
397.45   75   -0.6673197657233535   0.00036028171263703445
403.11   76   -0.6673365843912504   0.0008215079399952813
408.77   77   -0.6673467909864378   0.00043985071437015384
414.67   78   -0.6673518069269444   0.000628179164408851
420.79   79   -0.6673581260811764   0.00020152949020028015
427.17   80   -0.6673615334567525   0.0002163034040455348
433.73   81   -0.6673660572247136   0.0004717652988047175
440.25   82   -0.6673790115987703   0.000413778097000477
444.0   83   -0.6673846209867766   0.0003846942580833389
449.8   84   -0.6673879152893762   0.0002603695820367472
455.62   85   -0.6673897989207737   0.0001550785462660776
461.62   86   -0.667390664860409   0.00024414371256649696
467.4   87   -0.6673933007470126   0.0004583690017028682
471.29   88   -0.6673960591527327   0.00047840147366681686
477.19   89   -0.6673988794852592   8.575528803497175e-5
483.33   90   -0.6674001982902226   9.945212361970872e-5
489.69   91   -0.667400866329639   0.0001260162527674056
496.05   92   -0.6674012275939312   8.590939520993792e-5
502.98   93   -0.6674015665140578   8.52636915473267e-5
0.0   0   -0.6674015664301521   0.0002236390308612557
4.45   1   -0.6674016554675606   0.00029371398238493216
9.89   2   -0.6674018085826231   0.0006872205109578877
15.47   3   -0.667402040264635   0.00034530779899140683
21.13   4   -0.667402459621655   0.0003364627986221382
28.74   5   -0.6674033713360786   0.0002712587924348269
34.6   6   -0.6674045136108939   0.0003582893831767055
40.57   7   -0.6674066087960817   0.0002837739080519704
46.55   8   -0.6674076710015484   0.00031997152968533824
52.49   9   -0.6674099943687224   0.00021771705121907317
58.49   10   -0.6674113389228628   0.00022900296567635468
66.68   11   -0.667413530161692   0.0006337193504016067
73.08   12   -0.6674145511341871   0.00045402459707693133
82.51   13   -0.6674174024830137   0.0011702165510765255
88.25   14   -0.667421185154376   0.0004370521241379204
93.78   15   -0.6674226047570718   0.000661462250419609
97.38   16   -0.6674256250532647   0.0007174087002021041
102.84   17   -0.6674389642095281   0.0012656518692799675
106.5   18   -0.6674423216412388   0.0011257967865735497
112.16   19   -0.6674436994339503   0.0011141157634744355
115.88   20   -0.6674582123328376   0.0014215201338546742
121.48   21   -0.6674720528737056   0.0024170081428075774
127.29   22   -0.6674836163616942   0.001445742090983972
133.31   23   -0.6674964551361345   0.0027421656299227277
137.37   24   -0.6675041078538917   0.003630314451102378
143.79   25   -0.6675266355767612   0.0010745789125444546
150.76   26   -0.6675321213550583   0.0016944739201149627
157.87   27   -0.6675383254592149   0.0011304661527692511
166.12   28   -0.6675453367456985   0.0017729379217114902
172.21   29   -0.6675521598844932   0.002351318574138574
178.47   30   -0.6675629285760681   0.0008869770263963721
184.56   31   -0.6675950914630776   0.002125108002917029
190.55   32   -0.6676177555133862   0.002055701473979354
196.52   33   -0.667628282779084   0.0014087388957679324
202.62   34   -0.6676348536962186   0.0010156291812009654
208.71   35   -0.6676392002180848   0.0007834690685180421
214.74   36   -0.6676443698759764   0.0007670301850014855
220.91   37   -0.6676541328554892   0.0021044622613062653
227.44   38   -0.6676611488898712   0.0014420087103140036
231.68   39   -0.6676697558837237   0.0016293538262551188
237.88   40   -0.6676742291844995   0.001242523034752956
244.23   41   -0.6676774852680969   0.0005393763286068946
251.22   42   -0.6676787553833226   0.001938160704402055
280.19   43   -0.6676697128469129   0.11957685157656597
0.0   0   -0.6676697128469132   0.1271608041614514
18.99   1   -0.6676700451818103   0.0013021473855738869
30.9   2   -0.6676704058944177   0.0002618027365951293
39.22   3   -0.6676709193557686   0.0006775300811844886
47.78   4   -0.6676724345201294   0.000517791096365045
56.61   5   -0.6676747301745506   0.0017403417375307937
63.48   6   -0.6676770904788472   0.0009507176064997831
71.99   7   -0.6676812832524011   0.002774673262632246
77.71   8   -0.6676844171900039   0.0004653055560460456
85.18   9   -0.6676878401107752   0.0006871584008046583
91.25   10   -0.6676918802077697   0.0007863013082586433
97.25   11   -0.667694821324494   0.0005741265842809265
103.31   12   -0.6676957166166299   0.0002839630143833694
111.38   13   -0.667697765390097   0.0004816649678694073
117.55   14   -0.6676994453540052   0.0003782149316300378
125.72   15   -0.6677011885513517   0.0013656614984984996
132.21   16   -0.6677031811073982   0.00025284898718981336
139.0   17   -0.6677038133929343   0.0003761927870646798
145.97   18   -0.6677054422511467   0.0002743069795708359
153.38   19   -0.6677071180446975   0.00040882408037325006
159.42   20   -0.6677091090102691   0.0010388087747608106
165.34   21   -0.6677137577028286   0.0007771313013078237
171.59   22   -0.6677164017687921   0.0005389168047940974
175.53   23   -0.6677174545514132   0.00039939091937128186
181.39   24   -0.667719022321906   0.00043778717049080445
187.19   25   -0.6677205085621005   0.001044937975468081
193.01   26   -0.6677214656401785   0.0010425897177252835
198.89   27   -0.6677224116827681   0.0003295093531791017
202.23   28   -0.6677225647782193   0.00032834142060463473
208.3   29   -0.6677226764738856   0.00013989301529598953
216.64   30   -0.6677236553532054   0.0003283355696171565
220.94   31   -0.6677241571615788   0.0006821994614414666
225.28   32   -0.6677246329565445   0.00036776194293208704
231.91   33   -0.6677250551859502   0.0002051513170085047
241.37   34   -0.6677260026370274   0.0005187385670349872
247.16   35   -0.6677269934069815   0.0005368145017580024
252.95   36   -0.667727398420251   0.00027019008401280524
258.66   37   -0.6677277200882551   9.766069002491694e-5
264.32   38   -0.6677283962528241   0.00013922751673914324
270.06   39   -0.6677291390142949   0.00022802049179105967
275.9   40   -0.6677294183130498   0.00031252800808704017
283.87   41   -0.6677298798400031   0.0003940291713959661
289.57   42   -0.6677301297995292   8.153118802252023e-5
295.51   43   -0.6677302481289346   8.702167562781283e-5
301.89   44   -0.6677305126871999   0.00024615282598214403
308.27   45   -0.6677307774063437   0.0002534445469342956
314.51   46   -0.6677309713483651   0.000140057086549214
321.08   47   -0.6677312470347799   0.00071314871015988
325.65   48   -0.6677313659043734   0.00014319103390470308
332.59   49   -0.6677314315946539   0.0001600353940596338
336.06   50   -0.6677314839557444   0.00023095998023253407
341.45   51   -0.6677315791023719   0.0001189790504594077
346.55   52   -0.6677317104942033   6.371148957742823e-5
352.26   53   -0.6677319196095355   0.00026243588846582033
358.02   54   -0.6677320629005474   8.343507511576017e-5
363.82   55   -0.667732124990925   5.868210374793884e-5
369.69   56   -0.6677321982505793   7.083084576874604e-5
375.47   57   -0.6677324063417538   0.0003236023283715963
381.13   58   -0.6677326143226326   0.00011753482785147264
387.22   59   -0.6677327408305028   8.819722063199698e-5
393.68   60   -0.667733019833006   0.00014008211162676014
400.59   61   -0.6677334342295306   0.0004310913025679922
407.72   62   -0.6677336910720248   0.00042218880152291525
414.78   63   -0.66773378110638   5.3391524720738937e-5
422.75   64   -0.6677338814923605   0.00011177233842924781
428.87   65   -0.6677339763237148   7.43282573542996e-5
434.81   66   -0.6677342760502003   0.00017019394876834396
438.7   67   -0.6677344309197315   0.00040846088562693515
444.74   68   -0.6677345343013861   4.659146405569525e-5
450.89   69   -0.6677345819223424   0.00017775254430141195
454.89   70   -0.6677346392801286   0.00016073265323755527
461.06   71   -0.6677347332115494   0.00020647890121634337
465.03   72   -0.6677347635327848   5.420981783305542e-5
471.01   73   -0.6677347939740855   6.129791151015709e-5
477.14   74   -0.6677348489961206   8.714936312059776e-5
483.61   75   -0.667734898040988   6.686716920696611e-5
490.24   76   -0.6677349920766095   9.074488628553358e-5
496.96   77   -0.6677350630637262   6.963085562276795e-5
503.94   78   -0.6677351471105872   9.662665275921188e-5
508.93   79   -0.667735219318112   0.0002195426922607001
517.18   80   -0.667735326388465   0.0002182181053840592
523.88   81   -0.6677353642313816   5.8770611132790175e-5
530.12   82   -0.667735426617509   0.0002108979612778
533.99   83   -0.6677354583255861   5.796476216736512e-5
540.01   84   -0.6677354792130243   4.7654732857265814e-5
545.97   85   -0.6677354947856151   8.74516019328341e-5
551.86   86   -0.6677355685238581   2.5473950869187023e-5
555.94   87   -0.6677355863968898   6.396277328668072e-5
559.5   88   -0.6677356044881334   6.078382157417325e-5
565.36   89   -0.6677356200066068   7.547798581098673e-5
571.04   90   -0.6677356456284188   7.153027673851836e-5
577.41   91   -0.6677356590512291   9.453678369439259e-5
583.78   92   -0.6677356998386762   0.00010183908902112318
588.12   93   -0.6677357156690309   0.00010009155903854506
594.81   94   -0.6677357368814287   3.3247379152522125e-5
601.69   95   -0.6677357575693726   8.678690017746172e-5
609.08   96   -0.6677357925468976   4.01362138773431e-5
616.97   97   -0.667735811105166   2.7650866291325368e-5
622.92   98   -0.6677358343812303   4.762547991002006e-5
628.79   99   -0.6677358588308647   6.4076528191917e-5
634.69   100   -0.6677358795247936   0.00013433125573998516
640.65   101   -0.667735919998884   4.122832668498569e-5
646.63   102   -0.667735941956149   9.111480527531724e-5
652.72   103   -0.6677359784926453   7.50312706545044e-5
656.83   104   -0.6677359886724639   5.559462494891856e-5
663.12   105   -0.6677360050277962   1.4820724731134938e-5
667.24   106   -0.6677360125821006   9.659137183937018e-5
673.65   107   -0.667736026161099   6.440488566504012e-5
679.94   108   -0.6677360456214125   2.4278805002574935e-5
684.44   109   -0.6677360551031333   8.907206894199201e-5
691.52   110   -0.6677360621793588   4.071445899342421e-5
700.89   111   -0.6677360732889285   5.096966461187917e-5
705.83   112   -0.6677360761883617   2.8488660279265358e-5
713.22   113   -0.6677360789145729   4.993081803543565e-5
720.57   114   -0.6677360847641276   6.124972229783326e-5
727.19   115   -0.6677360945916471   5.0545968991820706e-5
733.59   116   -0.6677361081700519   4.437098263944507e-5
739.4   117   -0.66773612012975   3.0513490186764427e-5
745.47   118   -0.6677361273686241   2.445012574767494e-5
753.63   119   -0.6677361752505242   4.459094140303252e-5
759.78   120   -0.6677361979033121   2.5826452305447063e-5
765.99   121   -0.6677362108414352   7.737794306358273e-5
772.36   122   -0.6677362202036662   3.4425154491007914e-5
778.63   123   -0.667736235972642   3.565762636658991e-5
785.19   124   -0.6677362552052595   0.0001576865723290745
791.97   125   -0.6677362665139763   9.491098815635477e-5
798.85   126   -0.6677362726774719   7.919043325297129e-5
808.1   127   -0.6677363209335879   0.00012033386362889229
815.52   128   -0.6677363312790632   3.11493620962882e-5
818.82   129   -0.6677363438724145   7.460267095056049e-5
824.36   130   -0.6677363379140363   0.00012129563109050074
830.73   131   -0.6677363687995493   7.292688974643174e-5
836.97   132   -0.667736386497724   0.00012766149927650994
842.96   133   -0.667736396456264   0.00011046226172504089
849.03   134   -0.6677364077685809   3.9961420097906954e-5
854.94   135   -0.6677364223379814   3.372784468930707e-5
859.03   136   -0.6677364273682498   9.502132591765617e-5
865.22   137   -0.6677364349747856   4.968445585379566e-5
871.65   138   -0.6677364357469856   2.3570044583132216e-5
877.87   139   -0.6677364385927287   9.305306392454193e-6
884.22   140   -0.6677364386947632   3.745402418316833e-5
890.69   141   -0.6677364420820431   3.5926454131321776e-5
897.32   142   -0.6677364457385019   3.543799543080112e-5
904.26   143   -0.6677364494801507   2.7755407825208402e-5
911.08   144   -0.6677364542619957   1.1617942303828845e-5
918.29   145   -0.6677364618735239   1.0855648149402974e-5
926.0   146   -0.6677364642403912   4.434067695042962e-5
930.94   147   -0.6677364657844505   9.721407208064733e-6
939.21   148   -0.6677364665887832   2.1663508572742278e-5
944.91   149   -0.6677364676441656   1.0425708244683694e-5
950.89   150   -0.6677364654946211   1.416372336855243e-5
956.83   151   -0.6677364687018928   7.4139189224840456e-6
962.73   152   -0.6677364685389062   1.5110665622427227e-5
968.6   153   -0.6677364691469994   9.613454276918292e-6
974.63   154   -0.6677364702967364   3.911883893126003e-6
980.7   155   -0.6677364711879011   2.1520089886676096e-5
985.14   156   -0.6677364712149317   2.6977519783694752e-6
991.09   157   -0.6677364715657741   2.9362424306747396e-6
998.92   158   -0.6677364716312425   1.4048084919461421e-5
1003.12   159   -0.6677364715984595   3.3616150575423137e-6
1009.27   160   -0.6677364720183677   1.7662798057066498e-6
1013.56   161   -0.6677364722463555   3.018625050990116e-6
1018.06   162   -0.6677364710238058   7.031374669053428e-6
1021.4   163   -0.6677364714213716   2.6928938710729655e-6
1028.26   164   -0.6677364718001509   5.468997694001535e-6
1034.29   165   -0.6677364719419029   6.681849783781679e-6
1040.03   166   -0.6677364720179039   5.044684547598776e-6
1046.74   167   -0.6677364719083249   5.2527226870583525e-6
1052.69   168   -0.6677364717054712   1.3431427355025503e-5
1056.91   169   -0.6677364719461014   7.967663291609614e-6
1062.44   170   -0.6677364719673872   1.5611834846829264e-6
1066.88   171   -0.667736471920819   7.062804444000001e-6
1072.13   172   -0.6677364718846746   2.362913637126704e-6
1075.88   173   -0.667736471932408   8.241715854606368e-6
1078.73   174   -0.667736471816399   6.427699015651815e-6
1083.24   175   -0.6677364719293751   4.07620128760089e-6
1088.18   176   -0.6677364719949064   6.235150049438179e-6
1093.12   177   -0.6677364719873466   3.3932846111787637e-6
1098.58   178   -0.6677364720252615   9.938285858670364e-7
1103.01   179   -0.6677364720052669   4.3126799327039156e-6
1106.89   180   -0.6677364719928071   4.52863083491136e-6
1112.33   181   -0.6677364719764488   1.6424317536596543e-6
1116.73   182   -0.6677364720000132   2.578797442718109e-5
1122.77   183   -0.667736471954643   7.896647112070377e-6
1126.48   184   -0.6677364719136271   2.6103725304574157e-6
1129.9   185   -0.6677364719050355   5.458681799480752e-6
1133.82   186   -0.6677364719801394   7.5948357475696626e-6
1137.07   187   -0.6677364719571126   4.6378738878845825e-5
1143.94   188   -0.6677364717054495   4.5572212738527075e-5
1149.48   189   -0.6677364718853628   2.8358026035181354e-6
1153.74   190   -0.6677364718775392   1.2803054231603001e-5
1159.05   191   -0.6677364718371025   1.0241056298211255e-5
1164.24   192   -0.6677364718176523   9.519709097651536e-6
1167.67   193   -0.6677364717520515   6.4910073686905155e-6
1171.07   194   -0.6677364718581851   5.951301584019908e-6
1174.03   195   -0.6677364718188173   2.6556613187235696e-5
1179.62   196   -0.6677364717475236   4.604652137334618e-6
1181.4   197   -0.6677364718008393   2.7947975972856814e-5
1184.99   198   -0.6677364718067027   1.191986212937346e-5
1188.53   199   -0.6677364717423311   5.879045586889956e-6
1191.93   200   -0.6677364717767282   0.1668357128521838
1196.23   201   -0.6677364722845066   5.642382008179183e-6
1199.8   202   -0.667736471738288   2.4569456311329327e-6
0.0   0   -0.6677364717897787   1.7119786316629772e-5
4.48   1   -0.6677364712103417   3.673995683013297e-5
10.68   2   -0.6677364716257925   5.069722132064772e-6
