0.0   0   -0.5013470147540523   0.013202968065966922
10.01   1   -0.6089538117175242   0.07609820688854568
20.44   2   -0.6113785365551601   0.018189295525354553
26.97   3   -0.6507016001167106   0.05682626613271742
31.64   4   -0.6595549243262345   0.007640559189974554
37.98   5   -0.659890946649076   0.004559266886846755
41.87   6   -0.6602208243642812   0.0024930638566566473
50.09   7   -0.6603082731888608   0.0031513244749882922
53.45   8   -0.6604364835783663   0.004974557914126266
55.96   9   -0.6607135269597931   0.005419148313604448
63.61   10   -0.6612175924371146   0.008592233062095844
65.47   11   -0.6617614767353959   0.00802814947912245
71.54   12   -0.6632877944912389   0.0062451358745234135
79.84   13   -0.6637196956974395   0.0034680906971645475
86.34   14   -0.6638590800930474   0.002727669959375676
94.85   15   -0.6640696250112289   0.003869741059341117
103.38   16   -0.664348408113183   0.002287927104946492
111.04   17   -0.6644651472572498   0.0013568450161439622
117.26   18   -0.664481789646641   0.0009860044326692877
121.6   19   -0.6645200529277492   0.0006956167883435281
125.77   20   -0.664546981622807   0.0008343201115297006
131.45   21   -0.664563156112281   0.0016556150892712148
140.38   22   -0.6646097058116333   0.0017264589735959956
149.67   23   -0.66468656334741   0.0020065685709357538
