0.0   0   -0.5036817432556719   0.043945991110595904
3.74   1   -0.5489723978913292   0.0653262967763668
5.16   2   -0.5815158549335349   0.2690502930867875
5.82   3   -0.6115926311266395   0.07835786915686418
6.2   4   -0.6499275153817621   0.03792292636247334
6.69   5   -0.652045702640697   0.042287719793590216
7.08   6   -0.6580082885355415   0.011333476932887889
11.16   7   -0.6584272621736478   0.011511147999540932
11.54   8   -0.6595703237400501   0.0041204061291705285
12.09   9   -0.6598404646273719   0.001850814740445272
12.61   10   -0.6599688273865332   0.004127802406035099
13.11   11   -0.6601208388599809   0.004977937984739728
13.61   12   -0.6601772195822667   0.0008909636259865905
14.08   13   -0.6601841595626049   0.0006988596821579812
14.57   14   -0.6601982359126327   0.0006496036634790342
15.2   15   -0.6602144361028263   0.0005660550402717401
15.7   16   -0.6602185595721499   0.0003844266522809627
16.33   17   -0.660222682096673   0.00042921281003913846
16.8   18   -0.6602307262381334   4.245441890792217e-5
17.26   19   -0.6602308699648824   0.00010441724952321489
17.71   20   -0.6602310718910223   1.4950155347181182e-5
0.0   0   -0.6602310718910196   0.06869383118533492
1.46   1   -0.660231072022995   1.9409720765537508e-5
2.48   2   -0.6602310723234488   7.66737080346025e-6
0.0   0   -0.6602310723234488   0.0686514749961087
1.88   1   -0.6602304777259146   0.0011197256255790317
2.63   2   -0.6602310724495305   6.62379954030623e-6
0.0   0   -0.6602310724495305   0.06866005003289774
1.78   1   -0.6602310724379411   6.917377904591682e-6
1.97   2   -0.6602310724403387   0.06865587167329698
