0.0   0   -0.5036817432559944   0.04394599111297192
5.04   1   -0.55727574443619   0.10048687890582245
5.95   2   -0.6373485272687585   0.008919686584239217
6.43   3   -0.6436330079696356   0.0059275850166761275
6.99   4   -0.6503304415891082   0.0015208080903040984
7.52   5   -0.6523180451868914   0.003136434322553127
8.22   6   -0.6566328230130518   0.0009041428913820986
8.63   7   -0.6580833053881868   0.001180424017080051
9.07   8   -0.6590647699390954   0.001431770028982947
9.48   9   -0.6595745535354838   0.00023163785963143028
9.9   10   -0.6597710858783419   0.00029096519125166833
10.39   11   -0.6598899850217668   0.00038353732241825733
10.85   12   -0.6599949708747225   9.61403400166404e-5
11.31   13   -0.6600555661845041   8.348751585642475e-5
11.78   14   -0.660107281381451   0.00015805180483074202
12.22   15   -0.660180867992462   6.001072927974408e-5
12.62   16   -0.6602272990104178   4.4164355906526736e-5
13.01   17   -0.6602303192047277   1.0051145457284988e-5
13.37   18   -0.6602304652193294   3.6187048277274865e-6
13.72   19   -0.6602305314657906   2.8381810447918043e-6
14.22   20   -0.6602307606302458   4.825478020233072e-6
14.59   21   -0.6602310801913214   3.7459542353899705e-6
14.95   22   -0.6602310933603267   1.968742829160667e-7
15.31   23   -0.6602310934744725   5.0065547887502644e-8
15.62   24   -0.6602310934798207   5.420133420211415e-9
