0.0   0   -0.5013470147540832   0.013202967150146782
3.35   1   -0.6089539128191949   0.07399464279107582
8.0   2   -0.6114835731294962   0.018131926877964145
11.09   3   -0.653613082390107   0.020912996896062228
12.94   4   -0.6551879714343926   0.016335358040747306
14.23   5   -0.6594082444610007   0.00832574387460027
15.74   6   -0.6599216167343873   0.002284779409000714
18.02   7   -0.6600704240248774   0.0038828133240531165
20.32   8   -0.6602359301156003   0.0010977967900803812
22.68   9   -0.6602705990574113   0.0008191029700761859
25.24   10   -0.6603052697046686   0.002151074997405845
32.27   11   -0.660851211436221   0.01862985817620717
36.47   12   -0.6629251188333581   0.004030511212443979
38.07   13   -0.6629715523539562   0.004630694696490438
40.03   14   -0.6633378421586323   0.0023228727400261585
42.89   15   -0.6635364281238153   0.0048055704979936015
45.74   16   -0.6640439447363341   0.0026062510085117408
48.86   17   -0.6642944194275391   0.002343642098989244
51.68   18   -0.6643439750299798   0.0015253956588389146
54.72   19   -0.6643695127373785   0.0008565461329447903
57.78   20   -0.6644089316172117   0.0011964270655768342
60.98   21   -0.6644282445031982   0.0004984462377300054
64.13   22   -0.6644436628352128   0.0007561325210577799
68.16   23   -0.664503311520309   0.001298089407084048
71.51   24   -0.6645303787079327   0.000570341168523905
74.41   25   -0.6645428996865418   0.0005049945871530607
79.66   26   -0.6646273678944795   0.001841448523020311
83.21   27   -0.664666154657161   0.0007092019336225157
88.04   28   -0.6647024499168952   0.0013649621261533202
91.82   29   -0.664799641379582   0.00197481288870413
94.07   30   -0.664888604054761   0.001894159670379917
96.7   31   -0.6649363483496472   0.001989603079273036
100.25   32   -0.6649740507892692   0.001777647048574797
104.05   33   -0.6650039168908928   0.0006738402707612348
107.71   34   -0.6650402558677744   0.0009081646789482863
111.02   35   -0.6651286116902254   0.0015932859980703688
115.08   36   -0.6652560021022597   0.001097114489044593
117.61   37   -0.6653662057375209   0.0014387008124692457
119.85   38   -0.665458291648879   0.001866369710108133
123.54   39   -0.6655256193106571   0.001126031275428303
127.05   40   -0.6656624902284337   0.002960712658631381
130.81   41   -0.6658681170669077   0.002329635403908418
133.0   42   -0.6661199767324976   0.007731549933819893
135.43   43   -0.6662529964554715   0.004922287677955174
137.69   44   -0.6663978508941835   0.002158514608314587
140.34   45   -0.6665102322469845   0.0017240855369957664
143.84   46   -0.6666041104349872   0.002206287672469308
147.67   47   -0.6666488673053067   0.0018034674142809787
151.02   48   -0.6666888092920714   0.0016735604938174582
154.82   49   -0.6667680065061076   0.0016605540112792354
158.17   50   -0.666809347189637   0.001222978735302443
161.85   51   -0.666840476136865   0.001530557523768137
165.57   52   -0.6668622223297973   0.0006874444813345852
169.24   53   -0.6669240906741631   0.0012768677461589553
171.67   54   -0.6669753669639487   0.0018663275699474428
173.92   55   -0.6669979056836014   0.0006724992603942323
177.62   56   -0.6670037592981922   0.00033133122097877676
181.33   57   -0.6670159533856538   0.0009351250666638002
184.81   58   -0.6670475301593751   0.0011288073682109634
188.56   59   -0.6670975171408329   0.00102577693781436
192.24   60   -0.6671567945027573   0.0011100377513358962
195.96   61   -0.6671877521506832   0.0007811278189030505
199.65   62   -0.667200720766902   0.0007398697775161875
203.37   63   -0.6672145490162373   0.0005446862094706308
206.87   64   -0.6672291011701734   0.00041618597310845077
210.56   65   -0.6672362437160181   0.0005713311144525733
214.27   66   -0.667242665119374   0.00046446203503815414
217.97   67   -0.6672478751123095   0.000912551174955463
221.62   68   -0.6672590610683173   0.0004659473561327565
225.32   69   -0.667272758370197   0.0005005548868417557
229.07   70   -0.6672803231921401   0.00032059684344711264
232.8   71   -0.6672839292172742   0.00032977526114354405
236.47   72   -0.6672893659094631   0.0004845563328758705
240.19   73   -0.6672980994139278   0.00058102503273694
243.68   74   -0.6673046056757612   0.00019086656320544998
247.47   75   -0.6673070848677387   0.00042388927514124236
251.14   76   -0.6673103785117144   0.00019257637695762293
254.86   77   -0.66731788207207   0.0003404786718259882
258.21   78   -0.6673315445199705   0.00039845540016771324
262.08   79   -0.6673436435062521   0.00025413553625955744
265.91   80   -0.6673547438614897   0.00039585939733211906
269.64   81   -0.6673582900241986   0.00025351602877993646
273.26   82   -0.6673607068627679   0.0002314511876346237
277.01   83   -0.6673663770132313   0.0004510299510339844
280.68   84   -0.6673715986287653   0.00019851289830735244
284.09   85   -0.667375758333217   0.00038465418777640153
287.82   86   -0.6673803615790403   0.000568379238343636
291.49   87   -0.6673840365308015   0.0005254030945486947
295.24   88   -0.6673863201838242   0.0002641813890845841
297.47   89   -0.6673874135584654   0.0003301983141976758
301.2   90   -0.667389311561136   0.0005667958801460357
304.85   91   -0.6673939591005856   0.0002663126656128633
308.56   92   -0.6673980813650341   0.00027008337891242364
312.31   93   -0.6674009888804953   0.00017628954487679954
316.11   94   -0.6674021174870586   0.00018582823479008158
320.86   95   -0.6674052006214436   0.00021343782219225059
324.67   96   -0.6674122042506669   0.0003387725339904326
326.88   97   -0.6674169858324805   0.0006145002718208999
330.55   98   -0.6674222991144418   0.000493513723451282
334.26   99   -0.6674243023078462   0.00015343792972605502
337.9   100   -0.6674256469877159   0.00016010220081966934
342.7   101   -0.6674277915470533   0.0008771964575281237
347.58   102   -0.6674360832486624   0.0009746507845933613
349.8   103   -0.6674425627206898   0.0006618887717346077
353.45   104   -0.6674453496602215   0.001321308334782925
356.05   105   -0.6674633942074369   0.00047139850324715623
359.63   106   -0.6674780857815883   0.0014346235794203072
362.96   107   -0.6675026185703572   0.0009826397269677338
365.56   108   -0.667514948721204   0.0009573907492680087
368.11   109   -0.667532181289531   0.0015986626162988859
370.76   110   -0.667545912912317   0.0007405878991548346
372.99   111   -0.667553203322626   0.0007857717603526547
376.77   112   -0.6675663124205176   0.0004930078622193678
380.4   113   -0.6675833849338818   0.0006404808218418488
382.64   114   -0.6675941514593058   0.001345355157425935
385.24   115   -0.6676027617474574   0.0003942012650515771
388.88   116   -0.667613641107642   0.0005403324712350867
392.61   117   -0.6676255591755892   0.000798277403181249
396.23   118   -0.6676362901344808   0.0004891568820113304
398.43   119   -0.6676434040532585   0.0004468109763072405
401.01   120   -0.6676490718561212   0.0011728475096349242
404.53   121   -0.6676584838732922   0.0007560700503162562
411.65   122   -0.6676611593399072   0.0006177844031632685
415.32   123   -0.6676663482135352   0.0006976814875675711
418.96   124   -0.6676711518829683   0.0006909186195518816
422.65   125   -0.6676751774780421   0.00020183847799276757
426.28   126   -0.6676804714011292   0.00034856478573924254
429.8   127   -0.6676843117646539   0.00024195480237574645
433.49   128   -0.6676867143577742   0.00029497223265719256
436.8   129   -0.6676906076557604   0.00040167460143916115
440.45   130   -0.6676927329952183   0.00021943193863231873
442.94   131   -0.6676938898224528   0.0003460365511063363
446.68   132   -0.6676948773433639   0.00020382683689415174
450.32   133   -0.6676965326377242   0.0002396095919960955
453.7   134   -0.6676988217045204   0.00012016414173522325
456.31   135   -0.6677005182314963   0.00044893816074122384
458.82   136   -0.6677010778834004   0.00010058644187078604
462.15   137   -0.6677029286033465   0.00014411731102512843
465.86   138   -0.6677050297641203   0.00032021570608712664
469.53   139   -0.6677061969474756   0.0003284001880185398
473.24   140   -0.6677076842090091   0.00015363385966794786
476.98   141   -0.6677089572053786   0.00015858559829244612
479.46   142   -0.6677096783163184   0.00026394265135877353
483.08   143   -0.6677106900413856   0.00010600540933718252
486.61   144   -0.667720690529046   0.00024099227564493004
489.93   145   -0.6677214733207552   0.00012119796361352689
492.47   146   -0.6677222915475204   0.00020408850723736157
496.17   147   -0.6677226740327873   0.00010581321371297066
499.52   148   -0.6677232292194062   5.5213177568763914e-5
503.23   149   -0.6677238914267519   0.00012127457611689742
507.09   150   -0.6677249114384963   0.00018671094063555066
510.75   151   -0.6677253437859954   0.00014469191385980994
514.46   152   -0.6677254959050589   0.00010524728511744024
518.23   153   -0.6677257411345788   5.8388368869104895e-5
523.12   154   -0.6677275781758883   0.00019941617600941893
525.32   155   -0.6677280947549544   0.0001785931741731655
527.85   156   -0.6677285690866485   9.053221898912664e-5
530.13   157   -0.6677286461445268   6.367131112270973e-5
533.83   158   -0.6677287641742834   3.9221555990913414e-5
537.53   159   -0.6677292178230569   0.00020654077126192887
539.8   160   -0.667729382849775   6.084992492165293e-5
543.44   161   -0.6677296056789958   0.00018737397266574388
547.16   162   -0.6677300077263526   0.00010578351699684894
550.8   163   -0.6677303200892247   0.00011511557322640013
553.02   164   -0.667730431205487   0.00010035547718184563
557.07   165   -0.6677306911503504   0.00021003619176966903
560.68   166   -0.6677309176977663   4.000579244428755e-5
564.08   167   -0.6677310427863288   3.3954515192677914e-5
567.74   168   -0.6677312260200214   0.00011063812540857282
570.35   169   -0.667731511228933   7.688738839441511e-5
574.16   170   -0.6677317814348062   3.6912064873776756e-5
577.44   171   -0.6677320720919661   8.339843950629581e-5
580.07   172   -0.6677321100612448   6.605940942831791e-5
584.07   173   -0.6677321856021612   2.476526122008841e-5
587.96   174   -0.6677322720759165   7.097464360414454e-5
591.26   175   -0.667732441544375   7.442511853164727e-5
595.38   176   -0.6677325427728151   6.0569381535692684e-5
599.34   177   -0.6677326090518744   3.847243148952001e-5
603.06   178   -0.6677326722722831   0.00012107277393244433
606.72   179   -0.6677327760138402   3.215835551878789e-5
610.4   180   -0.6677328571447027   7.821138490650638e-5
612.58   181   -0.6677329113765836   4.9919308979434155e-5
616.21   182   -0.6677330532018663   0.00011089561673145665
619.92   183   -0.6677332193852763   5.205158682289818e-5
623.21   184   -0.6677333150715078   6.486548209557674e-5
626.84   185   -0.6677334527185983   0.00012026268228172964
630.54   186   -0.6677336673111958   0.00021162853406114573
634.23   187   -0.6677339409303054   5.8555837924174346e-5
637.54   188   -0.6677340408012021   5.228479632179987e-5
641.19   189   -0.6677342260553414   6.055700963395536e-5
644.87   190   -0.6677343565539374   4.719233517712373e-5
648.57   191   -0.6677345271027746   8.553842308920022e-5
651.9   192   -0.6677348053133202   5.1469706243622284e-5
655.58   193   -0.6677350193557245   5.033876629418371e-5
659.38   194   -0.6677351523417967   3.751458859213779e-5
662.12   195   -0.6677352301398173   4.725527742169923e-5
665.65   196   -0.6677353557286975   6.942891445763913e-5
669.44   197   -0.6677354311846826   2.1396350420583867e-5
673.07   198   -0.667735492227863   8.589462314271298e-5
676.87   199   -0.6677355614272609   4.8535276488623326e-5
679.54   200   -0.6677355803412478   6.991961521625868e-5
682.88   201   -0.6677355984416136   2.7013348620200952e-5
688.01   202   -0.6677356550026212   5.623049634304328e-5
690.31   203   -0.667735680142109   4.776056700288443e-5
694.23   204   -0.6677357194192542   7.20763344881539e-5
697.84   205   -0.6677357685980023   3.8057544189797166e-5
701.6   206   -0.6677358107603557   4.717130355392784e-5
705.23   207   -0.6677358450418599   2.440736693291931e-5
708.59   208   -0.6677358741715291   5.013971988992062e-5
712.25   209   -0.6677359429571811   4.6575901624520196e-5
716.06   210   -0.6677359923323749   4.534441597299739e-5
719.4   211   -0.6677360545743797   1.2825454226417487e-5
723.08   212   -0.66773613029832   1.4674038899488792e-5
726.88   213   -0.6677361784331527   5.0159557087812437e-5
730.22   214   -0.6677362069901049   1.4345666526933832e-5
733.91   215   -0.6677362242549258   2.7540334018382686e-5
737.7   216   -0.6677362402315197   3.929711379525982e-5
740.43   217   -0.6677362569121102   3.5175475164115175e-5
745.55   218   -0.6677363040320888   5.4219260814585915e-5
749.33   219   -0.6677363242702817   2.054807142414736e-5
752.69   220   -0.667736342310697   3.551003713666554e-5
755.29   221   -0.6677363472281619   8.115473829048076e-6
759.07   222   -0.6677363503278243   1.1905085598303174e-5
763.08   223   -0.667736359330412   3.250102433160384e-5
768.05   224   -0.6677363948138956   1.0496230650245216e-5
772.05   225   -0.6677364152851887   1.2701817183076003e-5
775.7   226   -0.6677364202268494   2.6883811148501625e-5
777.93   227   -0.6677364233299091   1.1035182538288586e-5
781.68   228   -0.6677364266546465   1.2731829381476844e-5
784.52   229   -0.667736429055596   5.831699672742899e-6
788.0   230   -0.6677364332816246   8.684086232511132e-6
792.01   231   -0.667736435452971   1.3564481005415473e-5
795.88   232   -0.6677364378902123   1.6688700644426995e-5
801.28   233   -0.6677364501578948   7.141795090565006e-6
805.23   234   -0.6677364659675327   1.7524710839729303e-5
807.84   235   -0.6677364703597849   1.243026858269836e-5
811.57   236   -0.6677364765958897   7.704567159411027e-6
816.53   237   -0.667736494120731   1.925459545656509e-5
818.85   238   -0.6677365000084922   2.7283489893794133e-5
822.51   239   -0.6677365158199269   3.7661396505828514e-5
826.25   240   -0.6677365244941657   1.1485301463514048e-5
829.89   241   -0.6677365311602818   2.1266107484690537e-5
832.14   242   -0.667736538563116   1.5694772143131903e-5
835.86   243   -0.6677365448588903   8.979496214728016e-6
839.53   244   -0.667736549459885   2.9172836062455285e-5
844.82   245   -0.6677365598629448   1.1817649620587114e-5
848.93   246   -0.6677365709356403   9.289423249890863e-6
851.69   247   -0.6677365785701641   2.3665000981287484e-5
853.97   248   -0.6677365810666861   2.7401072353084767e-5
857.68   249   -0.6677365844682485   4.183100639643015e-6
861.42   250   -0.6677365867181778   6.977163479886891e-6
865.06   251   -0.6677365886380898   4.53716444292294e-6
867.32   252   -0.6677365902597843   9.233680988957386e-6
871.08   253   -0.6677365930053138   1.0077610970418872e-5
874.81   254   -0.6677365971064307   1.065786171810514e-5
878.55   255   -0.667736599792076   7.602489648010798e-6
882.21   256   -0.6677366018167811   5.765865922278204e-6
885.99   257   -0.6677366026258778   2.3707506408135615e-6
889.68   258   -0.6677366034655533   8.594289261274844e-6
893.02   259   -0.667736604848068   2.743161559657334e-6
895.64   260   -0.6677366054238785   1.4284482856346453e-5
899.25   261   -0.6677366062334881   1.3938897802430315e-5
902.94   262   -0.6677366070908894   3.2480761774008386e-6
906.24   263   -0.6677366079651395   5.5481400436674255e-6
909.94   264   -0.6677366086775266   3.0153397772473454e-6
913.56   265   -0.6677366090810746   1.950696431970767e-6
917.28   266   -0.6677366095018301   5.396722129681459e-6
921.04   267   -0.6677366111508105   3.7837946604528693e-6
923.23   268   -0.6677366112841948   2.450472006148608e-6
926.9   269   -0.6677366113574773   3.6473608172089246e-6
930.63   270   -0.6677366114782013   1.0234571181084404e-6
934.31   271   -0.6677366116396232   1.7360510667165458e-6
937.93   272   -0.6677366120080847   6.056055899280791e-6
941.3   273   -0.6677366121602248   3.050229217457217e-6
946.41   274   -0.6677366122567181   6.551936469886485e-7
949.73   275   -0.667736612369915   1.3617197209549161e-6
952.29   276   -0.6677366123983688   2.870059857421278e-6
955.99   277   -0.6677366124442765   7.955156874797675e-7
960.71   278   -0.6677366125126616   1.4988420151098555e-6
962.95   279   -0.6677366125437241   9.886686673509365e-7
966.66   280   -0.6677366125914787   2.591405706891901e-6
970.28   281   -0.667736612625137   8.496151412064815e-7
973.96   282   -0.6677366126624047   4.0844400645521917e-7
977.58   283   -0.6677366127174975   6.774469301108383e-7
979.81   284   -0.6677366127456505   8.756447608631561e-7
982.24   285   -0.6677366127548343   3.1996667410397195e-7
986.97   286   -0.6677366127843616   5.516755947712613e-7
990.66   287   -0.6677366128287422   3.230634798374966e-7
994.34   288   -0.6677366128589544   1.5914648110471754e-6
996.55   289   -0.6677366128800849   4.52758457764307e-7
999.07   290   -0.6677366128819571   3.252473711828468e-7
1003.91   291   -0.6677366128848562   2.1274038067460588e-7
1007.53   292   -0.6677366128966034   6.984602109751275e-7
1009.77   293   -0.6677366129025557   3.1389125017710495e-7
1012.38   294   -0.6677366129034549   4.929080114024724e-7
1017.09   295   -0.6677366129058073   1.4930603623591887e-7
1021.89   296   -0.667736612913412   4.554918355111274e-7
1024.44   297   -0.6677366129191381   5.257468529745585e-7
1028.13   298   -0.667736612926771   6.619800324857126e-7
1031.41   299   -0.6677366129366318   3.4916442605614087e-7
1033.98   300   -0.6677366129381552   3.3957430187538356e-7
1038.68   301   -0.6677366129415071   1.498786419463732e-7
1041.25   302   -0.6677366129423781   1.7999464611967438e-7
1046.05   303   -0.6677366129464392   1.4752054160960955e-7
1049.66   304   -0.6677366129530656   8.751741626787714e-8
1051.88   305   -0.6677366129561796   6.310203441568479e-8
1054.46   306   -0.6677366129567471   3.330197642418999e-7
1058.1   307   -0.6677366129583832   7.443549521549131e-8
1061.4   308   -0.6677366129590008   1.6503928709481476e-7
1065.08   309   -0.6677366129607016   3.571412793186902e-7
1068.72   310   -0.6677366129631876   3.6261926211173225e-7
1072.44   311   -0.6677366129638421   2.2806645278404932e-7
1076.05   312   -0.6677366129644061   9.620753402718996e-8
1079.75   313   -0.6677366129650271   5.512219753977771e-8
1083.38   314   -0.6677366129654424   1.72055631850453e-7
1085.59   315   -0.6677366129657281   6.056709050202176e-8
1090.37   316   -0.6677366129659335   6.798656714647478e-8
1095.14   317   -0.6677366129671594   1.37023226594009e-7
1097.76   318   -0.6677366129681418   1.0674495915637096e-7
1101.38   319   -0.6677366129685631   1.5930285314921552e-7
1105.13   320   -0.6677366129684679   1.0826326463856317e-7
1108.74   321   -0.6677366129687713   2.916109227786371e-7
1112.05   322   -0.667736612969119   7.318832331154601e-8
1114.59   323   -0.6677366129693073   1.1074389706010969e-7
1119.38   324   -0.6677366129699943   9.144957162322484e-8
1124.17   325   -0.6677366129711194   6.919570157679945e-8
1127.81   326   -0.667736612972064   7.007212428448256e-8
1132.62   327   -0.6677366129741658   2.478661640476071e-7
1135.13   328   -0.6677366129743991   1.896542814230915e-7
1139.93   329   -0.6677366129742011   4.752752735867589e-7
1143.52   330   -0.6677366129761894   1.4114951913009322e-7
1145.76   331   -0.6677366129774378   1.322819614107268e-7
1149.46   332   -0.6677366129779391   8.086018518455501e-7
1153.15   333   -0.667736612979586   2.34583292566442e-7
1156.9   334   -0.6677366129799795   1.9930176887382272e-7
1160.51   335   -0.6677366129826976   4.640743226037671e-7
1162.75   336   -0.6677366129841561   3.6742917593398466e-7
1167.84   337   -0.6677366129892973   9.074183030772911e-7
1171.18   338   -0.667736612995784   3.568846001563309e-7
1173.73   339   -0.6677366129978479   7.330386638655852e-7
1177.36   340   -0.6677366130003424   4.2907551784221277e-7
1182.19   341   -0.6677366130115794   4.5064258917467353e-7
1184.71   342   -0.6677366130149162   6.286546354129595e-7
1188.04   343   -0.6677366130207782   3.957615357436997e-7
1191.73   344   -0.6677366130252115   8.367976405892406e-7
1195.37   345   -0.6677366130362944   7.649958394148022e-7
1199.09   346   -0.6677366130664766   2.4826481705985078e-6
1202.68   347   -0.6677366130669421   5.661861528769275e-7
1207.43   348   -0.6677366130906287   1.1496839449395018e-6
1211.02   349   -0.6677366130973669   1.5323799933417391e-6
1213.24   350   -0.6677366131128153   5.345448084313927e-7
1216.9   351   -0.6677366131819665   1.5492864076488008e-6
1219.4   352   -0.6677366132059346   8.254124190409405e-7
1223.13   353   -0.6677366132335567   4.5642007832458795e-6
1225.32   354   -0.6677366132727697   1.9804790737389195e-6
1228.93   355   -0.667736613303965   8.941131526753924e-7
1232.6   356   -0.6677366132847382   2.544626659785929e-6
1236.22   357   -0.6677366133307231   1.9871206217792573e-6
1239.94   358   -0.6677366134272867   4.428310649315222e-6
1243.55   359   -0.6677366135406183   3.0293622173660777e-6
1245.77   360   -0.6677366136469676   3.3264001346079133e-6
1248.23   361   -0.6677366136717782   3.4553122733238166e-6
1250.54   362   -0.6677366137494811   2.47995049038456e-6
1254.16   363   -0.6677366137449009   1.4261428722774375e-6
1257.88   364   -0.6677366137778147   3.0735067049003224e-6
1261.48   365   -0.6677366139490468   2.1701050509607e-6
1263.71   366   -0.6677366140283487   1.7028269362409643e-6
1267.35   367   -0.6677366141232202   4.247104383356914e-6
1269.91   368   -0.6677366142600341   3.325103740349807e-6
1273.48   369   -0.6677366140009576   4.752404578578369e-6
1277.22   370   -0.6677366140865115   2.939025243964894e-6
1280.59   371   -0.6677366142536131   6.3222653791574095e-6
1284.28   372   -0.6677366144878871   3.156918011562039e-6
1286.78   373   -0.6677366144952526   3.7365272219095123e-6
1290.48   374   -0.6677366146370203   2.755893854622936e-6
1292.66   375   -0.6677366147614362   1.0215027509316143e-5
1296.27   376   -0.6677366149966487   2.119949337638542e-6
1299.97   377   -0.6677366150237893   5.36381631492694e-6
1303.59   378   -0.6677366152230535   3.9174724290135746e-6
1305.82   379   -0.667736615406846   8.698021785816234e-6
1308.4   380   -0.6677366157187273   1.51475678408005e-6
1312.0   381   -0.6677366159780831   7.032234516265386e-6
1314.23   382   -0.6677366160114375   3.357198212440851e-6
1317.93   383   -0.6677366161938464   3.680604709042443e-6
1321.54   384   -0.6677366164593264   1.781626337221867e-6
1324.11   385   -0.667736616603352   1.7325248917408831e-6
1326.3   386   -0.6677366167648658   3.094836017108406e-6
1328.85   387   -0.6677366168158234   1.7083045011604394e-6
1332.57   388   -0.6677366168227825   3.0712534580186242e-6
1336.17   389   -0.6677366168617728   9.486836851431901e-7
1339.5   390   -0.667736616837965   2.874261272436033e-6
1343.21   391   -0.6677366169325065   6.678578760877852e-6
1346.83   392   -0.6677366170151453   1.3757333688693956e-6
1350.56   393   -0.6677366171694815   3.5693331528075467e-6
1354.16   394   -0.6677366172487683   4.702618530215344e-6
1357.85   395   -0.6677366173446599   2.566088988034343e-6
1361.48   396   -0.6677366173566884   1.763279392822317e-6
1364.82   397   -0.66773661749808   4.076467315631229e-6
1368.49   398   -0.6677366175715473   3.700623884536873e-6
1372.12   399   -0.667736617651271   2.639633904742551e-6
1375.91   400   -0.667736617856045   3.133561675314651e-6
1378.44   401   -0.66773661787045   5.766701772703051e-6
1380.63   402   -0.6677366179272171   1.7934311461762535e-6
1384.31   403   -0.6677366178981596   2.596912744113881e-6
1387.99   404   -0.6677366179338866   1.7730570372088575e-6
1390.21   405   -0.6677366179989035   4.850006556937507e-6
1392.77   406   -0.6677366181794644   4.9010620043911736e-6
1396.38   407   -0.667736618208507   6.134492333952773e-7
1400.12   408   -0.6677366182329265   3.794530456582302e-6
1403.75   409   -0.6677366183909914   4.337033876297207e-6
1407.11   410   -0.6677366184213895   8.317147518243699e-7
1410.85   411   -0.667736618586158   1.2048800794989527e-6
1414.51   412   -0.6677366186944318   5.506495596784612e-6
1418.16   413   -0.6677366188423729   3.6793960021343445e-6
1421.78   414   -0.6677366190248463   5.255524948534498e-6
1425.52   415   -0.667736619135332   3.924673000300433e-6
1429.13   416   -0.6677366193544519   4.844925348745279e-6
1431.32   417   -0.66773661944499   1.0937391331961465e-5
1435.06   418   -0.667736619671108   1.5406544782423835e-6
1438.67   419   -0.6677366196650789   2.164177941451234e-6
1442.23   420   -0.6677366197384325   4.484290690310927e-6
1444.58   421   -0.6677366197886928   6.018563943708048e-6
