0.0   0   -0.31925605048573885   0.22674003179152885
0.26   1   -0.9925966424806849   0.11617828032580979
0.52   2   -1.0017396777178995   0.030648510348135673
0.83   3   -1.0026771654816813   0.03185800447041712
1.33   4   -1.013373902330539   0.06708138571722688
1.57   5   -1.0151012902678378   0.03550010311396393
2.12   6   -1.0192279365450059   0.027916994415615366
2.35   7   -1.0201653668918644   0.00809460779395465
2.58   8   -1.0202240444154067   0.003748819632753721
3.07   9   -1.0203329010602304   0.009099964085398572
3.46   10   -1.020694647834499   0.004012107735546105
3.83   11   -1.02072025753487   0.0008770195286812074
4.16   12   -1.0207255323673123   0.0017741374726719839
4.62   13   -1.0207542748546492   0.0024513144179737372
4.98   14   -1.0207694041806106   0.00016598015513674262
5.29   15   -1.0207694344121387   0.00010331715588813408
5.88   16   -1.020771420743872   0.001007447577295033
6.34   17   -1.0207818807954343   0.00015392197313334743
6.63   18   -1.0207823356157122   0.0002917395021763215
7.03   19   -1.0207837923905398   0.00012693558077826912
7.32   20   -1.0207839145554702   7.4129829337306775e-6
7.7   21   -1.020783916070928   2.89732428140123e-5
