0.0   0   -0.962420033940156   0.18073505100033843
4.53   1   -0.9797980111729788   0.1889426485267542
4.75   2   -1.0182582914247367   0.12465067537396579
5.62   3   -1.0941830720446717   0.1837060762394846
6.8   4   -1.110442446113154   0.24678136157093153
7.23   5   -1.141148077203833   0.38405677682859934
7.62   6   -1.1772317447914606   0.12992836574111843
7.85   7   -1.1852484300484702   0.024238612548340706
8.18   8   -1.1858101643061225   0.03580886023500943
8.66   9   -1.188442064303821   0.01280661649723863
9.03   10   -1.18883732699032   0.0068241174243022585
9.4   11   -1.1890701821746132   0.007046228637075895
9.91   12   -1.1894562106065596   0.015225196699597217
10.33   13   -1.1900200370819656   0.0027868619371337624
10.73   14   -1.190063666088966   0.0021889499800007844
11.14   15   -1.1901385695478566   0.0022151382241480605
11.55   16   -1.1901499027241556   0.001012920726865136
11.96   17   -1.1901545468035915   0.0015101458911840593
12.36   18   -1.190162606455747   0.0011623558778775906
12.89   19   -1.1901702205910758   0.000897509467557971
13.3   20   -1.1901751115842516   0.0003250095122480612
13.91   21   -1.1901808807946561   0.0015900320468196583
14.5   22   -1.190202044867223   0.0001768716179295752
14.9   23   -1.1902021586329044   4.31588743042354e-5
15.58   24   -1.1902023810927054   0.00016642608737643766
