0.0   0   -0.9624200339401711   0.18073504377870078
0.84   1   -0.9797980140774304   0.1889426457972134
1.59   2   -1.0182582922711143   0.12465067490256578
3.2   3   -1.0941830774994048   0.183705975220752
9.74   4   -1.1104424120667566   0.24678069209186185
10.68   5   -1.141147409057467   0.38405638867614106
12.06   6   -1.1772319222586674   0.129926665339164
12.55   7   -1.1852484270666417   0.024238422671737817
13.31   8   -1.1858101638944238   0.03580949452500132
15.44   9   -1.1884420799700068   0.012805941384254478
16.31   10   -1.188837337524769   0.006824987033945824
17.09   11   -1.1890701829672714   0.007046359435449167
18.14   12   -1.189456011442514   0.015220024013305149
18.96   13   -1.1900200693591336   0.002786803222000995
19.73   14   -1.1900637396118243   0.0021895073331472392
20.51   15   -1.1901385637134088   0.002218226203666722
21.25   16   -1.1901498888249227   0.0010116206455359888
22.01   17   -1.1901545227283723   0.0015115067168749252
22.76   18   -1.1901626023752119   0.001160806045233429
23.76   19   -1.1901701970639682   0.0009009849857135679
24.54   20   -1.1901751089700976   0.0003246454132821939
25.68   21   -1.1901808622718135   0.0015882108993691552
27.09   22   -1.1902020442312378   0.0001774410250047985
27.9   23   -1.1902021585856724   4.328981461085486e-5
29.11   24   -1.1902023798375145   0.00016610122718621574
