0.0   0   -2.0022225441033936   0.03678708846153002
1.29   1   -2.2490049687556724   1.3663832632356325
2.23   2   -2.484377315067946   0.22411686534006328
2.95   3   -2.4983447509271883   0.19354350961206726
3.67   4   -2.508749560198496   0.06510243389842373
4.39   5   -2.5110749394743612   0.02277809887409475
5.09   6   -2.511226267384356   0.0030496127798630875
5.78   7   -2.5112327739173694   0.0007386712530702104
6.67   8   -2.511235461142117   0.002986052822958676
7.62   9   -2.5112675802279947   0.00023171018735459667
8.3   10   -2.511267722283623   0.0002594383950328436
9.42   11   -2.5112700194333826   0.0010758311603795414
0.0   0   -2.511270019433382   0.00987046981036091
0.73   1   -2.5112704864995705   0.001127000573273476
1.59   2   -2.511270838930234   0.0007946858430042526
0.0   0   -2.511270838930234   0.009554109853127445
0.7   1   -2.511271012062521   0.0005413546676283836
1.73   2   -2.511271164236495   0.00042648740558885615
0.0   0   -2.511271164236495   0.009302293160877587
0.73   1   -2.5112712053542507   0.00023825822814316577
1.59   2   -2.5112712183587993   0.00026001996142749405
0.0   0   -2.5112712183587993   0.008850974030934326
0.96   1   -2.5112689752279134   0.00257424035206717
1.61   2   -2.5112710652035264   0.00018991767777667675
