0.0s   0   -0.25127187535721174   0.024701328114070567
3.1s   1   -0.5824329793418934   0.628663363347423
4.62s   2   -0.6000991259168723   0.25448800713323644
7.61s   3   -0.6122369945623173   0.36775310906819864
13.98s   4   -0.6768149761801978   0.19589845809425577
18.3s   5   -0.9679440249532516   0.23122984254828083
20.4s   6   -1.0019095273897054   0.1022431390238669
22.46s   7   -1.0041587182110472   0.046085591152225935
25.56s   8   -1.009170125446229   0.017998713148553457
28.71s   9   -1.0098824992237267   0.024073305459792936
30.76s   10   -1.0099725865184273   0.011393801283901626
33.89s   11   -1.01078980557625   0.08997172161569895
35.91s   12   -1.0111255729519846   0.02186060563148293
39.05s   13   -1.013009309958575   0.016093783603692135
42.14s   14   -1.0162427357720059   0.011208007981440136
44.2s   15   -1.0168104729409055   0.006586908040997815
47.26s   16   -1.0171990338748724   0.004085641360966625
51.41s   17   -1.0177229027763097   0.009331460370555612
53.49s   18   -1.0180605705429049   0.007707369613373033
55.49s   19   -1.0183378710502926   0.008450641919159677
58.47s   20   -1.0186734128627342   0.008045717467797801
62.44s   21   -1.0189125051538712   0.008533842109662394
64.42s   22   -1.0195891688722525   0.005856391708150374
66.4s   23   -1.0201156328980003   0.004392850986762602
69.35s   24   -1.0202168204574458   0.004652160189787983
72.26s   25   -1.0203325129070515   0.0008410960471686183
75.21s   26   -1.0203389785297157   0.001646898664060273
79.16s   27   -1.020359577081183   0.001170547861117168
82.11s   28   -1.0203919976231806   0.0009939717705187132
84.06s   29   -1.0204060536473587   0.000628687787109056
87.03s   30   -1.0204084419724164   0.0002404746626143788
90.01s   31   -1.0204089124664517   0.00036250734787792187
92.93s   32   -1.0204092505534437   0.00016175092553871511
0.0s   0   -1.020408439410514   0.0003864169200435969
2.07s   1   -1.020409873256349   0.0007208630657665433
5.17s   2   -1.0204106879636246   0.0006317187627408245
9.27s   3   -1.0204118474816934   0.0012564849827300204
13.45s   4   -1.0204243204524892   0.0013760362909693417
16.58s   5   -1.0204270575025405   0.0010532296132625672
19.69s   6   -1.0204289708540393   0.0014057416059788629
23.95s   7   -1.020459053153023   0.003959491800052641
26.04s   8   -1.0204732957228608   0.005280528921424224
28.08s   9   -1.0205107998208043   0.00666208245753894
31.18s   10   -1.0205522992575582   0.0011227253690260152
33.2s   11   -1.020553372317091   0.001123234380618756
36.3s   12   -1.0205591436622325   0.0027565380683689422
39.38s   13   -1.0205663053896905   0.001207332900817669
42.47s   14   -1.020575295826253   0.0024956431607684806
45.48s   15   -1.0205849754125718   0.0015849742035545867
48.58s   16   -1.020589838334122   0.00041643465976684124
51.64s   17   -1.020590370086274   0.000202696681619327
54.68s   18   -1.0205904971753095   0.00027236247271307003
0.0s   0   -1.0205902574706458   0.0004719723538568546
1.82s   1   -1.020590746242007   0.000266275293160801
13.62s   2   -1.0205902293338913   0.0002291666911096645
