0.0s   0   -1.0015243351380945   0.029567806018624153
4.62s   1   -1.0130653229095496   0.01315775914521392
10.95s   2   -1.1325454437830718   0.003385548857161646
12.74s   3   -1.1425950843794495   0.0034218723943948023
14.55s   4   -1.1727124389780936   0.0021777595490936183
15.61s   5   -1.1741207113147814   0.001132528909086742
17.45s   6   -1.178490234321083   0.0020106133846470096
19.21s   7   -1.1876568215992462   0.00043979739013357054
19.94s   8   -1.1879874162763258   0.00023099427315371893
29.88s   9   -1.1887991843700583   0.0002022506815375464
30.84s   10   -1.1894757043284276   0.0001726917730417792
32.87s   11   -1.1899357610830676   0.00010971246082297145
34.51s   12   -1.1901312467173513   4.573913586146774e-5
35.98s   13   -1.1901583049449118   3.5304400369659436e-5
37.46s   14   -1.1901642539783457   2.2643706205133007e-5
39.62s   15   -1.190174671177693   2.966517729563831e-5
41.59s   16   -1.190187117563424   3.496672018740441e-5
43.82s   17   -1.1901924807160473   7.508328349927797e-6
45.89s   18   -1.1901934046925284   3.75139542156417e-6
48.79s   19   -1.1901962190088688   1.7498813491330997e-5
51.46s   20   -1.1902009490590382   2.788916832500678e-6
53.98s   21   -1.1902009702365577   6.477275526091052e-7
58.55s   22   -1.190200990455555   7.106494203457071e-7
0.0s   0   -1.1902009904428636   4.3484550197638276e-5
1.81s   1   -1.190200992352815   2.2326979368909548e-5
5.44s   2   -1.1902010026029273   2.9665951872814844e-5
