0.0s   0   -0.5078455500998766   0.05060364688493
3.26s   1   -0.6505191987941701   0.0736550809871665
4.03s   2   -0.6567482187653069   0.017897895147112403
5.04s   3   -0.6580805030493516   0.024732092984114152
6.03s   4   -0.6594054378032227   0.007716218244692543
6.95s   5   -0.6595379996856384   0.005603669830582229
7.82s   6   -0.6596841190576045   0.0041357452762833535
8.68s   7   -0.6598904216244763   0.010286981790696259
9.56s   8   -0.6601362257071041   0.0032903775514082135
10.4s   9   -0.6601685810549173   0.00048486196915701154
11.26s   10   -0.6601732531372546   0.0008126466857332753
12.41s   11   -0.6602126868029681   0.0008857679524319761
13.3s   12   -0.660223531794583   0.0006400285010753505
14.15s   13   -0.660230062772042   0.0003015152009842056
15.05s   14   -0.6602306631736168   3.7167595021814215e-5
16.17s   15   -0.6602308537997438   0.0002179292336786568
0.0s   0   -0.31086897897313553   0.5466380550777666
0.56s   1   -0.5169942676199125   1.2576400396328735
1.26s   2   -0.7885303043060824   0.7533071983424203
1.98s   3   -0.944721023877113   0.3802363268510463
2.64s   4   -0.9996472693113453   0.022092492423158683
3.32s   5   -0.9998018969437158   0.0011936460158597187
4.4s   6   -0.9999881125365829   0.005808878419528383
4.82s   7   -0.9999997904846051   7.832123032731767e-6
5.88s   8   -0.9999998709287299   0.00016276957928434142
6.52s   9   -0.9999998872221754   3.540177711564795e-5
0.0s   0   -0.02404850740545115   0.5480420694811045
0.55s   1   -0.21086455922091454   0.43245596037821854
1.07s   2   -0.8804296835916511   0.1538432850197287
1.52s   3   -0.9894562900454213   0.039111777461415025
1.87s   4   -0.9999999998615522   4.689473078143621e-6
2.33s   5   -0.9999999999999208   5.29789742458428e-12
0.0s   0   -0.5000000643431661   9.129415857485656e-5
2.41s   1   -0.5652889268345219   0.06038312222374418
4.44s   2   -0.6568189575162834   0.06803186059711734
7.38s   3   -0.6597159648572347   0.01046530466143694
8.11s   4   -0.6600110911783414   0.005296238013093287
8.93s   5   -0.6601995717078395   0.0016396740747042643
9.72s   6   -0.6602193449697075   0.0014002888437391965
10.23s   7   -0.6602231143189995   0.0007284774733066916
11.01s   8   -0.6602241413386811   0.00045917470138168577
12.02s   9   -0.6602293640768426   0.00048582502412197683
12.83s   10   -0.660230778871168   4.6212468097935946e-5
13.62s   11   -0.6602308132230039   3.432906225179812e-5
14.65s   12   -0.6602309781743737   0.00016166461222252057
