0.0s   0   -1.0023197462170361   0.040144539629278234
1.7s   1   -1.7521988246080997   1.3195517107722878
3.35s   2   -2.1031855494542775   0.20771636078000813
4.71s   3   -2.1087625110172024   0.11694592211952208
5.65s   4   -2.1256010322830763   0.012102332854791722
6.25s   5   -2.125646814398824   0.00047073839518921355
7.13s   6   -2.125649771965904   0.0001785433301887158
7.99s   7   -2.125650507934891   0.0009717413754513713
8.81s   8   -2.125659361385752   0.0005762815673436472
9.41s   9   -2.125660705419469   0.0004171771348932542
10.0s   10   -2.1256608972307234   2.9693934246239122e-5
0.0s   0   -2.125660897230725   3.7632458974110645e-5
0.45s   1   -2.12566089784811   2.510331789191988e-5
3.15s   2   -2.1256613334589   0.000227988986343453
0.0s   0   -2.125661333458854   0.00022801123923471328
2.4s   1   -2.1256614022197566   0.0003174168548131948
4.32s   2   -2.1256615398722483   1.3102863280899752e-5
0.0s   0   -2.125661539872252   1.3102950327820639e-5
1.12s   1   -2.125661540015912   2.5819131130837476e-5
3.84s   2   -2.1256616454030257   0.00011314045772518426
0.0s   0   -2.1256616454030293   0.00011314310427103238
0.66s   1   -2.1256617126177795   4.3789634739889796e-5
1.05s   2   -2.1256617131300293   7.924477492483569e-6
0.0s   0   -2.125661713130021   7.924483639812309e-6
0.73s   1   -2.1256617137190204   4.747663063963987e-5
1.85s   2   -2.1256617498586996   7.152260888181301e-5
