0.0s   0   -0.5023683472944558   0.04182326515877348
1.49s   1   -1.4360969268067652   1.2686960505438236
1.93s   2   -1.9818719351049758   0.268712132684629
2.32s   3   -2.016083879069835   0.18204134344910283
2.98s   4   -2.021276787994854   0.05754999443434509
3.79s   5   -2.0303365266317184   0.053974972658031584
4.25s   6   -2.031288972079679   0.0008233605236150237
5.46s   7   -2.031289225086516   2.251368662563941e-5
6.62s   8   -2.031289236636838   9.942569547863052e-6
0.0s   0   -2.031289236636844   1.3836198409882107e-5
0.68s   1   -2.031289237156911   6.699730597510561e-5
2.37s   2   -2.0312897140628685   0.00011925795875403078
0.0s   0   -2.031289714062866   0.00011937877627937723
0.43s   1   -2.031289723595787   0.0003042158171394221
1.49s   2   -2.0312901256605564   5.4964453949078927e-5
0.0s   0   -2.0312901256605578   5.496477414744442e-5
0.38s   1   -2.0312901260196057   1.1501850626691799e-5
1.53s   2   -2.0312901301527573   1.1519859899941865e-5
0.0s   0   -2.2192777092212275   1.2086908017625242
0.4s   1   -2.4985830975220855   0.02123044830823309
0.78s   2   -2.5008982078068085   0.005550051372907164
2.22s   3   -2.508920379963667   0.017744149970366913
2.66s   4   -2.509262573628431   0.020237244828180685
3.2s   5   -2.510485720141889   0.0009432743047370651
4.13s   6   -2.5104916639791064   0.0010554477651158849
5.24s   7   -2.5109231484769214   0.00435983636045511
5.85s   8   -2.511127777229189   0.0023039712102624448
6.58s   9   -2.5112552779444153   0.00036669828491381676
6.99s   10   -2.5112618643184574   0.0002231383107965106
7.85s   11   -2.5112715752439927   0.001385534250488325
8.5s   12   -2.511284834381422   8.614716242617585e-5
9.14s   13   -2.5112849182666475   5.455535709379291e-5
10.16s   14   -2.51128600169287   0.00028669647174190256
0.0s   0   -1.7250500721178028   1.092193666149498
1.2s   1   -2.0030507435930653   0.5516739064370163
1.82s   2   -2.0289271507641673   0.03548654015400457
2.82s   3   -2.0312216043083993   0.019070563330056
3.23s   4   -2.031270234726831   0.0021245543797240862
4.01s   5   -2.031285840234312   0.0009610471526121898
4.63s   6   -2.031287027518754   0.0006816244681571616
5.02s   7   -2.031287112032098   5.636109481372368e-5
0.0s   0   -2.219232838029356   1.7080954134885986
0.39s   1   -2.4964877930185585   0.04612620098175711
0.79s   2   -2.500947554576843   0.006298994985210964
2.93s   3   -2.507724271000894   0.02684275067056847
3.41s   4   -2.5078984190151954   0.02891507089406665
4.11s   5   -2.5102641621748765   0.013929988393382178
4.54s   6   -2.5104971702037413   0.0009653490930526668
5.13s   7   -2.510501177514638   0.0006403315762245588
7.12s   8   -2.5111662081434805   0.0030495335017730043
7.56s   9   -2.511219414599606   0.0006748535008306436
8.89s   10   -2.511242128732302   0.00023522921437362188
9.57s   11   -2.511247571812968   0.0002069107407686371
10.23s   12   -2.5112796508653994   0.0022954651505390665
10.85s   13   -2.511288349126854   0.00013913674839345134
11.26s   14   -2.5112885213102247   3.5382710267622096e-5
12.33s   15   -2.5112908733227592   0.000413934916238591
0.0s   0   -1.7248425410362653   1.542635386133987
1.42s   1   -2.001707715111947   0.7216152500304525
2.06s   2   -2.028945865642521   0.03415049644458501
3.19s   3   -2.031103048251019   0.051819636613796356
3.6s   4   -2.0312805927979283   0.0011066852929759738
4.44s   5   -2.0312871787387126   0.0015636155165312405
5.1s   6   -2.031287675687931   0.00047374713167301006
5.73s   7   -2.031287700525395   5.4765092885237725e-5
0.0s   0   -2.21924119602325   2.193738282124288
0.44s   1   -2.4964657474345073   0.06196394299388414
0.85s   2   -2.5009484967388027   0.006371333542876067
3.12s   3   -2.507720335859159   0.036996820702917745
3.64s   4   -2.507894407488226   0.039377636491303686
4.36s   5   -2.510262966284963   0.017107556948468834
4.83s   6   -2.5104990465034627   0.0009200827259488324
5.47s   7   -2.5105029894485917   0.0006722825582418392
7.53s   8   -2.511164715712129   0.0043271056992809824
8.0s   9   -2.5112198189155968   0.0008403788307796418
9.09s   10   -2.5112432223288597   0.00018398844523558777
9.9s   11   -2.511247726434065   0.00014724026494852523
10.57s   12   -2.5112801896449484   0.002920233277893007
11.28s   13   -2.5112891611192736   0.0001285765303896212
11.75s   14   -2.5112893273391728   3.9699657487599765e-5
12.89s   15   -2.5112923793069446   0.00036519348731474556
13.58s   16   -2.5112928353477355   2.0253727797342108e-5
14.28s   17   -2.511292844311394   3.6353459324585714e-5
0.0s   0   -1.7257427823414313   2.0046607470259836
1.43s   1   -2.002079336734808   0.8524324629034153
1.99s   2   -2.028955322529335   0.029688945227176855
2.9s   3   -2.0311418821629568   0.05385900348004013
3.28s   4   -2.0312800035118634   0.0016919746251541792
3.99s   5   -2.031287395849344   0.002181419415158109
4.54s   6   -2.0312879100467853   0.0005414068300459513
5.09s   7   -2.0312879354382143   7.900979748122819e-5
0.0s   0   -2.2192409862210947   2.625052637235937
0.37s   1   -2.4963796841492614   0.07767423567635719
0.75s   2   -2.500950195855669   0.00575480167869847
2.38s   3   -2.5076773783530895   0.04707839335568204
2.81s   4   -2.5078485738433614   0.04960446742758689
3.43s   5   -2.510237235760433   0.020826594038123477
3.79s   6   -2.5104994172473973   0.0008319648898871195
4.39s   7   -2.510503189894689   0.0006867949180766027
6.28s   8   -2.5111681432917736   0.0049247208658364395
6.7s   9   -2.5112229940565727   0.0007093405661811195
7.21s   10   -2.51124389947728   0.00014064646123494468
7.87s   11   -2.511249996554391   0.00016135092339172473
8.5s   12   -2.5112819469955023   0.0031419196166683826
9.13s   13   -2.511289564575332   0.00010096017397223302
9.59s   14   -2.51128969947852   4.391959676821721e-5
10.42s   15   -2.5112929659194467   0.00016214088262934967
11.05s   16   -2.5112932113780744   4.8378628233482776e-5
11.88s   17   -2.511293707414362   0.0006203865970395135
