0.0   0   -0.5013470147540524   0.01320297048788527
19.48   1   -0.6089538877931102   0.0739934938126059
42.76   2   -0.6114835427732931   0.018131848378729786
67.23   3   -0.6536128108387611   0.020916176396558055
79.29   4   -0.6551862913626   0.01633458293140715
89.38   5   -0.6594093638814491   0.008317688053085791
95.13   6   -0.659921614399188   0.0022841736784123623
111.13   7   -0.6600704418174547   0.0038844494447636767
131.48   8   -0.6602359452813853   0.001097453663622331
146.45   9   -0.6602706007966219   0.0008191242990929141
154.68   10   -0.6603053348240406   0.002155163984539593
195.87   11   -0.6608539901485921   0.018549945545847477
214.1   12   -0.6629259155098498   0.006325622948449013
228.69   13   -0.6629552137028782   0.004534903565882542
242.11   14   -0.6633152879367508   0.0026962942360086537
261.17   15   -0.6636010694399519   0.005476477305488709
281.7   16   -0.6640197253070843   0.004520390916317358
305.86   17   -0.6642069887221808   0.002294960754190682
328.02   18   -0.6642946888963405   0.0016849701212556447
349.73   19   -0.6643666890751834   0.0007152007100406114
364.58   20   -0.6644059494614426   0.0009697362290925774
383.88   21   -0.6644353827213556   0.000400135889106595
405.43   22   -0.6644497704509322   0.0004948786660926926
424.22   23   -0.6644943341697265   0.0015264923074989848
450.13   24   -0.6645343646174278   0.0008678803745432427
473.99   25   -0.6645420147953105   0.0009319744355472608
496.36   26   -0.6645851311555758   0.0014230654106524936
512.67   27   -0.6646265132880433   0.00043588888676618115
528.59   28   -0.6646437331712327   0.0010462889660581352
554.21   29   -0.6647263669410309   0.0023019366184566757
566.77   30   -0.6647955094757547   0.002508827575957546
582.14   31   -0.664874729926477   0.0018745719352770219
596.6   32   -0.6649610372854113   0.0008999385547344656
614.62   33   -0.6651067117121506   0.0018762932643229986
627.72   34   -0.6651748323235165   0.001519272516200698
641.29   35   -0.6652322285789148   0.0014356551228359505
650.74   36   -0.6652749041806456   0.0010506792294626985
667.83   37   -0.6653214417658584   0.00106179511740258
684.1   38   -0.6653720119449487   0.0009978047378855059
699.66   39   -0.6654499732904244   0.0017306492092714115
717.53   40   -0.6655751911179233   0.000994221969082281
739.21   41   -0.6657110607807382   0.0014152142559532611
762.3   42   -0.6658637060909014   0.001717721551795546
788.02   43   -0.6661601287231375   0.0014294344900746359
805.43   44   -0.6663762047535249   0.0033484014324130324
832.13   45   -0.6665260965559217   0.0031283269738846603
850.75   46   -0.666619832516655   0.0019286483223315012
869.66   47   -0.6667180473729981   0.0021090888676301477
899.07   48   -0.6667764586919891   0.0012653108134774707
929.75   49   -0.6668248437708839   0.0006264554780049327
961.38   50   -0.6668612641457901   0.0010485245847640457
981.11   51   -0.6668872902713119   0.0014260839121579838
1014.04   52   -0.666938000815218   0.0017394189540073139
1048.19   53   -0.6670205093442689   0.0014248382875015168
1081.58   54   -0.6670524401092635   0.0012811475106006608
1100.8   55   -0.6670683177834746   0.0006703761216474893
1131.68   56   -0.6670767558397355   0.000497597600461321
1164.95   57   -0.6670858419965415   0.0003728962233745813
1201.36   58   -0.6670987446890773   0.0003658192146681636
1239.76   59   -0.6671212548822905   0.0007924400307589124
1278.57   60   -0.6671476178882576   0.0007524195472003733
1316.55   61   -0.6671767256568766   0.0006670090562355491
1357.25   62   -0.6672008301423391   0.0006316190431699644
1399.09   63   -0.6672127372610781   0.0003820973076278918
1435.5   64   -0.6672318122291122   0.0008030818183751417
1479.27   65   -0.6672621213347552   0.0012456391737298998
1523.75   66   -0.6672908813255645   0.0007628056766509512
1568.75   67   -0.6673133489129034   0.000356589138448332
1613.0   68   -0.6673172288455367   0.00025401337971178023
1657.89   69   -0.6673219755382683   0.0005417758931591038
1701.27   70   -0.6673259552393527   0.00019703010105868554
1747.71   71   -0.6673319652316787   0.00024258121982378636
1795.32   72   -0.6673476452846276   0.0006865437805048462
1844.46   73   -0.6673614587176002   0.00035065386678252117
1877.49   74   -0.6673643355492929   0.0005125461519939506
1922.7   75   -0.667367807837991   0.0001949359465080916
1975.03   76   -0.6673708364272406   0.00026368018693230505
2023.72   77   -0.6673752674373993   0.00041907928526366706
2077.14   78   -0.6673822873330311   0.0006470537865229246
2126.41   79   -0.6673924362546556   0.0004101775794078638
2150.2   80   -0.667397983957791   0.0003759884563443845
2200.09   81   -0.6674058746549139   0.0001500585911859876
2253.23   82   -0.667411508089487   0.00020038557947899203
2289.73   83   -0.667412822618774   0.00030124342990032603
2344.42   84   -0.6674165490871873   0.00022666525939455653
2403.24   85   -0.6674230425009864   0.000447146368829729
2462.27   86   -0.6674264210714822   0.00021865324269304326
2521.41   87   -0.6674271636260106   0.00010466307295577727
2582.17   88   -0.6674288522146317   0.0001704666277715644
2643.65   89   -0.6674311084410027   0.00034294293989451855
2672.33   90   -0.6674334279515417   0.000287323508012904
2692.7   91   -0.667437423017951   0.0004755933456795746
2713.01   92   -0.6674419199893566   0.0005360792613305435
2913.47   93   -0.6674393514159028   0.01744333809298346
2949.25   94   -0.6674393590496954   0.00025035629535909387
3000.6   95   -0.6674396312764546   0.00017237723842203692
0.0   0   -0.6674396311022062   0.0004759100030967689
16.73   1   -0.6674398433740486   0.000392312366484166
60.7   2   -0.667441441247599   0.0004873153023019171
78.9   3   -0.6674417370921701   0.0005972939075377934
116.78   4   -0.6674423677519654   0.0007507781530803869
146.28   5   -0.6674431893926382   0.00046817876780837913
176.75   6   -0.6674436002193797   0.0005470828278753822
218.99   7   -0.6674449868296541   0.0004174499868280526
251.84   8   -0.6674472299924776   0.0008770428683685709
286.23   9   -0.6674483157328042   0.0002467701710878072
332.99   10   -0.6674509614156219   0.0008612285909680514
368.88   11   -0.6674547197184562   0.000500531484161593
404.38   12   -0.6674572806013498   0.00084663477182394
442.05   13   -0.6674601497913992   0.0003326654305585168
493.6   14   -0.6674629718369508   0.0008336449318297883
533.13   15   -0.6674673854424243   0.0006103774749748987
587.24   16   -0.6674751636281822   0.002702192175657778
628.95   17   -0.6674813405878917   0.0011104616516803471
671.61   18   -0.6674838829884446   0.0009997109187890284
714.84   19   -0.6674981132000981   0.001995756571429991
740.27   20   -0.6675115817113288   0.002263145509996768
769.63   21   -0.6675262148860959   0.0017029220730653187
813.88   22   -0.667545417373994   0.0030010918954481293
860.3   23   -0.6675614735278806   0.002019053554925344
888.98   24   -0.6675734003022911   0.0019168576227932184
937.51   25   -0.6675871785030169   0.0013617168525739414
985.21   26   -0.6675990532239404   0.0012629230629490516
1034.02   27   -0.667605614767908   0.0013435520012422724
1084.28   28   -0.6676130387066134   0.0006056426051049037
1134.89   29   -0.6676236499937224   0.0007691444281421535
1186.13   30   -0.6676326809448319   0.0018804072361883685
1237.52   31   -0.6676409815899187   0.0016760501644966113
1289.32   32   -0.6676453324234237   0.00149094169287719
1341.91   33   -0.6676494390924916   0.001186154874515846
1395.27   34   -0.6676610898919224   0.0025439839681458028
1448.9   35   -0.6676825714514707   0.0014507866919689898
1523.87   36   -0.6676941452293113   0.0011147615392108007
1561.16   37   -0.6677012973331004   0.00234975559636789
1598.73   38   -0.6677070406087138   0.0008664019119959576
1655.36   39   -0.6677123860806862   0.0026675891998800523
1712.49   40   -0.6677167194579495   0.000909993728726358
1770.65   41   -0.6677178291320406   0.0006381229996885862
1828.33   42   -0.667722621474361   0.0006479650963329624
1888.44   43   -0.6677342289690795   0.003872519251548353
1949.18   44   -0.6677471998715894   0.002355705898119914
2011.03   45   -0.6677527679994211   0.0005771356341420188
2073.41   46   -0.6677552602995607   0.0006049336551343037
2104.56   47   -0.6677682302367478   0.0005476509412337793
2119.77   48   -0.6677687818577167   0.0008549209610981612
2141.71   49   -0.6677703794299825   0.0006639332722888524
2163.66   50   -0.6677721266364091   0.0010358635375050057
2192.58   51   -0.6677770759548183   0.0017593714902143574
2214.84   52   -0.6677831153971596   0.0015767529714344995
2236.17   53   -0.6677887109139791   0.0011501947946966301
2255.87   54   -0.6677947626221201   0.0014036065130689104
2276.93   55   -0.6678015250843776   0.001572525776542332
2289.62   56   -0.6678041118288138   0.0005723038970640325
2310.91   57   -0.6678060246533172   0.0005608921013786809
2331.95   58   -0.6678091875212662   0.001631186484549335
2354.54   59   -0.6678117857711117   0.0005221930385213959
2376.73   60   -0.6678136941452286   0.0004688777579815074
2401.77   61   -0.667815906728701   0.0016522413681829616
2428.26   62   -0.6678181764572286   0.0003569241762597055
2456.21   63   -0.6678201012059803   0.0005360991491592668
2485.46   64   -0.6678223038266444   0.001713689677121957
2516.12   65   -0.6678249324605346   0.00030413989150245854
2547.0   66   -0.6678264648518857   0.0005966346872389293
2575.03   67   -0.6678277521576093   0.000646618491247461
2604.38   68   -0.6678287008018946   0.0004971721874587886
2633.02   69   -0.6678293284629504   0.0004913507681514941
2661.25   70   -0.6678308254660046   0.0008608467533064038
2691.2   71   -0.667831926569596   0.00042542425262365527
2722.77   72   -0.6678330136782737   0.0007927894029812232
2753.07   73   -0.6678336076676137   0.0005039459050579546
2787.13   74   -0.6678341271153829   0.0001813401062323111
2820.75   75   -0.66783440485421   0.0001857613238119318
2856.79   76   -0.6678350364671811   0.00014651704419727302
2896.81   77   -0.6678364076704388   0.0005506740677073273
2938.35   78   -0.6678378105743207   0.00043130972824664105
2980.33   79   -0.6678381986955728   0.00013322866351372437
3023.29   80   -0.6678386649155272   0.00038436552020173093
3067.3   81   -0.6678391188250541   0.0004296001462902408
3112.18   82   -0.667839592277403   0.00035779536940150727
3157.84   83   -0.667839973105552   0.0002543273259954786
3204.2   84   -0.6678403874483596   0.00019957740366876778
3235.54   85   -0.6678406601753438   0.00026894894795066347
3267.38   86   -0.6678409577853995   0.00047930690402376094
3315.46   87   -0.6678415566336164   0.00029083747686490825
3364.19   88   -0.6678423127708404   0.0003587641295952921
3413.62   89   -0.6678429494929184   8.271008981468755e-5
3446.96   90   -0.6678431016875519   0.0005055801145873468
3497.49   91   -0.6678434700457951   7.293645310798003e-5
3548.39   92   -0.6678437874734418   0.00019965797963263082
3600.78   93   -0.6678441717511427   0.0002747595910788803
3637.0   94   -0.6678442050694982   0.00035062225987447896
3690.68   95   -0.667844579656841   0.0002808606933359494
3763.26   96   -0.6678507007227419   0.0005594793646949573
3798.59   97   -0.667850919820289   0.0006055392516390472
3852.56   98   -0.6678515265430967   0.00020933505084397047
3884.04   99   -0.6678517549573312   0.00011697696168851222
3940.71   100   -0.6678519781183935   0.000348858549920708
3997.62   101   -0.6678525517818502   0.00011936635122053864
4035.84   102   -0.6678528141550104   0.0003722722104175853
4094.61   103   -0.6678532308596515   0.0008445071358845523
4153.35   104   -0.6678534995069814   0.0001389801477028029
4210.41   105   -0.6678537593419552   0.0003459844992900503
4269.86   106   -0.6678545034117782   0.00024235480867069144
4310.79   107   -0.6678546096080984   0.0001341399680084567
4370.31   108   -0.6678547729238306   0.0001768556204959147
4432.06   109   -0.6678551142869041   0.0002292931949606501
4474.33   110   -0.667855343894177   0.0002801597417106908
4537.93   111   -0.6678555117024005   0.00028755097578630356
4578.32   112   -0.6678556606449506   6.629297490544994e-5
4602.04   113   -0.667855796808509   0.00013461464622269593
4625.62   114   -0.6678559176198884   0.000173978381242082
4640.25   115   -0.6678559637141764   0.0001802984393041921
4660.76   116   -0.6678560280689521   0.00014936135356604017
4682.15   117   -0.6678560792580814   4.379924686314652e-5
4704.13   118   -0.6678562282376908   0.00010717637553890003
4728.44   119   -0.6678564617481363   0.00013568918098295405
4752.88   120   -0.667856625893934   9.655335180215572e-5
4769.35   121   -0.6678566807650107   0.00011022109043653429
4802.98   122   -0.6678567985840822   9.640727957971198e-5
4828.74   123   -0.6678568838577016   0.00012978107573072446
4846.37   124   -0.6678569159200849   0.00010582247625930525
4873.21   125   -0.6678569381872193   0.0001985028212841886
4900.58   126   -0.667856978926939   3.732798862412373e-5
4928.58   127   -0.6678570170608739   0.00011010503437313086
4957.46   128   -0.6678571130829902   0.0002102410608482695
4987.85   129   -0.6678572229583153   0.00021216691774752667
5019.06   130   -0.6678573544672564   0.00012577994694273935
5051.34   131   -0.6678574452666359   6.235963110773025e-5
5085.26   132   -0.667857511745849   0.00015610795389158253
5107.9   133   -0.6678575304780763   2.7579723246916256e-5
5143.4   134   -0.6678575378616951   4.132926146106262e-5
5179.78   135   -0.6678575690161646   0.00012546743949328428
5204.56   136   -0.6678575832653852   7.472009898712999e-5
5242.12   137   -0.6678575888261422   4.091183500173566e-5
5293.17   138   -0.6678575991807445   4.5015863445581705e-5
5332.02   139   -0.6678576291454659   2.1012153515898945e-5
5371.77   140   -0.6678576631717548   2.319913207909125e-5
5412.16   141   -0.6678577219754573   2.8510574441092804e-5
5439.41   142   -0.6678577554578427   4.321901467781606e-5
5466.83   143   -0.6678577701086339   3.2559001357507434e-5
5509.2   144   -0.6678577765564238   2.5076826240857852e-5
5538.89   145   -0.6678577816938496   4.3351546833242396e-5
5565.43   146   -0.667857784061324   4.7317594548358945e-5
5611.53   147   -0.6678577870973785   4.509575356256098e-5
5657.6   148   -0.6678577901262716   2.0335055664457802e-5
5703.84   149   -0.6678577926185286   5.529823908603818e-5
5767.88   150   -0.6678577998270756   1.467490253639062e-5
5816.91   151   -0.6678578050127161   3.1533689336605366e-5
5851.69   152   -0.6678578079256032   1.8274325914202315e-5
5900.88   153   -0.6678578107957349   1.4616488974292118e-5
5931.43   154   -0.6678578124474261   4.2889524775506804e-5
5998.71   155   -0.6678578205960275   5.025622813753832e-5
6049.31   156   -0.6678578240121944   1.7275667341899317e-5
6117.55   157   -0.6678578264483368   4.716365110974927e-5
6152.12   158   -0.667857828187992   2.7071659848535358e-5
6203.65   159   -0.6678578296027287   8.26904147658257e-6
6256.47   160   -0.6678578306762253   1.1233318990489956e-5
6310.13   161   -0.667857831765861   9.927452537090954e-6
6364.58   162   -0.6678578342775909   1.0206464531036525e-5
6419.73   163   -0.6678578358287512   8.245153701110976e-6
6451.84   164   -0.6678578369518315   1.1792456281448495e-5
6508.31   165   -0.6678578381763723   2.605155002716914e-5
6565.19   166   -0.6678578392151732   7.260092010087695e-6
6620.35   167   -0.6678578401833144   2.9015761604844643e-5
6678.12   168   -0.6678578411026319   8.136741723092101e-6
6736.85   169   -0.6678578415024108   6.167361484402648e-6
6792.33   170   -0.6678578425523751   2.2667642721941737e-5
6832.3   171   -0.6678578431098061   9.979027432776364e-6
6904.54   172   -0.6678578442791057   1.9077426243456086e-5
6966.06   173   -0.6678578447658141   3.892104905437387e-6
7049.54   174   -0.6678578450722358   6.296070157952532e-6
7085.42   175   -0.6678578452233481   1.532545807886352e-5
7109.31   176   -0.6678578455303013   6.230370957018401e-6
7133.61   177   -0.6678578456776288   1.918192908455376e-6
7151.25   178   -0.6678578458805897   1.893352302034532e-5
7167.54   179   -0.6678578458353936   2.9955108002995453e-5
7191.62   180   -0.6678578460189741   4.598295709872068e-6
7214.91   181   -0.6678578460916961   5.242798553329331e-6
7244.53   182   -0.667857846254138   2.7496241824259845e-6
7269.38   183   -0.6678578465140416   2.0529379034343875e-6
7293.25   184   -0.6678578468049071   4.069412477240276e-6
7318.71   185   -0.6678578471762731   5.413457077998462e-6
7342.1   186   -0.6678578473933142   6.5187317162939935e-6
7354.42   187   -0.6678578474987871   3.1397457343264955e-6
7371.18   188   -0.667857847490542   5.253560951487722e-6
7396.11   189   -0.6678578477143428   4.986046136197325e-6
7407.67   190   -0.6678578477526538   3.815651244759498e-5
0.0   0   -0.6678578829866625   0.00019678856909928879
30.81   1   -0.6678578352878881   0.00014877442572692022
62.75   2   -0.6678578469928118   2.2630822325647167e-5
95.27   3   -0.6678578477131893   5.359217409167001e-6
134.28   4   -0.6678578478055778   4.858697654851772e-6
155.25   5   -0.6678578478426864   2.1822082647595682e-5
169.63   6   -0.6678578478192967   1.4773525618889087e-5
188.99   7   -0.6678578478326127   3.8024012838277357e-6
205.91   8   -0.6678578478319217   2.383994657683691e-5
227.86   9   -0.6678578478280581   1.6319701393060298e-5
246.61   10   -0.6678578478264954   5.4863017582571365e-6
264.71   11   -0.667857847853399   1.6027457151420625e-5
