0.0   0   -0.503681743255999   0.043945987579404266
1.71   1   -0.5572757508147445   0.10048689875938732
6.17   2   -0.6373482725268013   0.008918647877733188
8.87   3   -0.64363290165994   0.005927304705304309
11.12   4   -0.6503305613405541   0.0015207066316096276
14.46   5   -0.6523180447854197   0.0031351667716538367
18.22   6   -0.6566327657598694   0.0009042466504649275
19.02   7   -0.6580812549203418   0.00118228654644388
20.57   8   -0.659063733830963   0.001433305447803144
21.36   9   -0.6595738017722816   0.00023202369992218858
22.77   10   -0.6597708199229074   0.00029159490570490875
23.52   11   -0.6598895245109515   0.00038251536180132506
24.57   12   -0.6599942672494151   9.63505810369758e-5
25.33   13   -0.6600554753718955   8.398055667130496e-5
26.06   14   -0.660107157766038   0.00015800678593387655
27.12   15   -0.6601805550217337   6.0416953373014187e-5
27.87   16   -0.6602272875240266   4.526279878306591e-5
28.65   17   -0.6602303161820284   1.024681217094054e-5
29.36   18   -0.6602304652545913   3.6306759700798825e-6
29.99   19   -0.6602305294547182   2.8150790714304464e-6
30.92   20   -0.6602307534662112   4.990317913165941e-6
31.75   21   -0.6602310787088352   4.007204252111782e-6
32.48   22   -0.6602310933631181   1.4457463158583437e-7
33.12   23   -0.6602310934784399   2.6290865321004007e-8
33.72   24   -0.6602310934798891   3.843428735862686e-9
