0.0   0   -0.5013470147540527   0.013202967121887874
18.37   1   -0.6089539132898367   0.0739945657036439
37.95   2   -0.6114835701120416   0.018131928210802676
63.26   3   -0.6536130583917666   0.02091331958294172
74.35   4   -0.6551878024109871   0.016335299488373034
85.52   5   -0.6594083612781904   0.008324907358613406
96.96   6   -0.6599216167485407   0.002284716723234958
114.85   7   -0.6600704259734221   0.0038829698655319903
133.69   8   -0.6602359310001995   0.0010977539842769585
153.1   9   -0.6602705980584813   0.0008190734142489276
173.09   10   -0.6603052733964232   0.002151374795124652
230.66   11   -0.6608513817497778   0.018625076632670153
248.12   12   -0.6629305101473301   0.004157756183938672
256.66   13   -0.6629754185826818   0.0047381334646533005
265.39   14   -0.6633423866427149   0.0023543182023646656
278.32   15   -0.6635307870838051   0.004875458538128613
291.52   16   -0.6640575535813729   0.0025915339121303396
305.08   17   -0.6642977298237115   0.0023528192977066553
318.69   18   -0.6643438526832192   0.0014595349840560666
332.81   19   -0.6643696501397433   0.0008710205740201354
347.12   20   -0.6644106838635203   0.0012386054649959938
362.27   21   -0.6644284419900839   0.00047320841878108894
378.67   22   -0.6644418641015818   0.0006847585659507799
402.08   23   -0.6645095683821369   0.000911193561143742
420.91   24   -0.6645426515265813   0.00048494749099992865
439.92   25   -0.6645708535359242   0.000896272953578381
460.22   26   -0.6646340551788431   0.001210393582594418
481.56   27   -0.6646895493744633   0.0006563285758871204
504.32   28   -0.6647464554074812   0.001315960533087499
529.33   29   -0.6648233871273922   0.002249116846939658
545.5   30   -0.6648928449275247   0.0020455994421125514
568.88   31   -0.6649483161092423   0.0020884305930989563
581.55   32   -0.6649729732609894   0.0010206124064212052
594.32   33   -0.665000146836783   0.00073181313114902
607.55   34   -0.6650588142547081   0.0016053894327312864
621.29   35   -0.665170308310775   0.0014998775294760207
635.07   36   -0.6653109774518506   0.0025271260550957454
644.09   37   -0.665444187332302   0.0017890026536080406
653.2   38   -0.6655219999640472   0.003526966175548756
662.53   39   -0.6656175611635866   0.0023232216129824707
672.02   40   -0.6657059280709303   0.002407048779754797
686.84   41   -0.6658856534112464   0.004782860444539772
697.43   42   -0.6660126295133989   0.005535022347935665
708.94   43   -0.6662397139901647   0.0048278630745724
726.17   44   -0.6665928893932115   0.0008854505739132992
744.15   45   -0.666639093668228   0.0012615296352865909
762.62   46   -0.6667017781277464   0.000794671227693221
782.88   47   -0.6667581556307782   0.0015195281529345216
803.5   48   -0.666809511314758   0.0011943777213934866
824.82   49   -0.6668974120809993   0.0013445436123308257
846.9   50   -0.6669282593847462   0.0009346184861605819
862.15   51   -0.6669753993026307   0.00101011544242717
885.72   52   -0.6670001897672634   0.000756970727759945
911.06   53   -0.6670153323708471   0.0006764014990437792
924.81   54   -0.6670261330503665   0.0002853842114595821
938.71   55   -0.6670461282531779   0.0008469894794810502
952.68   56   -0.6670605453950228   0.0008382552972106706
966.69   57   -0.6670872449325841   0.0007955608025205048
981.0   58   -0.6671302439329296   0.0013558796281099032
995.47   59   -0.6671519625933817   0.0007801742907284332
1010.74   60   -0.6671635947397165   0.0007260687986578592
1020.81   61   -0.6671730015495677   0.0005647792937160209
1036.49   62   -0.6671837727904779   0.0004987330104563011
1047.23   63   -0.6671869391811819   0.0003621348775166414
1064.14   64   -0.6671913537948174   0.0003758272333389899
1081.96   65   -0.6671950385142148   0.0004083611167389056
1100.63   66   -0.6672193247627412   0.0008121060476914908
1120.39   67   -0.6672359268858263   0.0004743140644887407
1134.22   68   -0.6672402398201662   0.0005207741388013807
1155.7   69   -0.6672509069743572   0.0003047843007518915
1170.54   70   -0.6672564082784986   0.00029238782572074223
1193.52   71   -0.6672612408501999   0.00044407695624704244
1217.32   72   -0.6672681321218285   0.0007444401456553587
1242.24   73   -0.6672786963862091   0.0002745078709791441
1259.39   74   -0.6672823436655785   0.0003918169162164169
1285.0   75   -0.6672857456548698   0.00018009689697548085
1298.99   76   -0.6672891836691243   0.00029580631914273456
1313.13   77   -0.667299462346196   0.013904401578642837
1336.64   78   -0.6672987973326474   0.0006354203882018572
1346.12   79   -0.6673028715126536   0.00023270596083785255
1360.63   80   -0.6673082043963485   0.00042139430960590185
1370.44   81   -0.6673117003379644   0.0004034001919824225
1380.36   82   -0.6673154561859646   0.0003949050846685715
1390.44   83   -0.6673171213736234   0.0006093520965377745
1406.04   84   -0.6673194388865752   0.00028711072811047673
1422.2   85   -0.6673240252635042   0.0004619534016629549
1433.36   86   -0.6673270919175048   0.00020651548281674925
1450.88   87   -0.6673319094877465   0.00039433493642896316
1469.4   88   -0.6673399165264018   0.0002144134514183299
1482.16   89   -0.6673454060280938   0.0003510977958123337
1502.17   90   -0.6673549770267816   0.0003109056192337455
1523.23   91   -0.6673588284214301   0.0004020133236963837
1545.37   92   -0.6673629118244296   0.0002830161786638169
1568.57   93   -0.6673750929696589   0.0006733921127415528
1618.28   94   -0.6673775279371736   0.00048223220366366826
1644.42   95   -0.6673869341614288   0.000521447948457749
1693.78   96   -0.6673883927491976   0.00047116631609723917
1703.11   97   -0.6674019715687939   0.0007726170335121885
1717.33   98   -0.6674134927609023   0.0011255995588869828
1731.5   99   -0.6674261908009715   0.0006378740691398273
1745.78   100   -0.667433530637193   0.000281222314272775
1760.28   101   -0.6674378390806363   0.0003540750664815443
1770.03   102   -0.6674408261213413   0.0002467356827568069
1784.91   103   -0.6674489649303085   0.000467672304669503
1805.97   104   -0.6674568157089884   0.00041539516933918427
1816.61   105   -0.6674618548375814   0.0015784033685140272
1832.88   106   -0.667475200076677   0.0004783593430375178
1850.01   107   -0.6674944222414413   0.0005884805316542107
1861.96   108   -0.6675170228140506   0.0007710368551919454
1874.46   109   -0.6675454310647744   0.0005542017265476942
1887.5   110   -0.6675569508873498   0.0007995877469937706
1908.28   111   -0.6675647309889342   0.00038276796869696385
1930.28   112   -0.66757501585507   0.0006381161890182739
1953.33   113   -0.667584779085866   0.0006829430152054638
1977.8   114   -0.6675971003808956   0.000352529295170258
2002.91   115   -0.66760532904547   0.0011121987571399389
2029.18   116   -0.6676133383432903   0.00025283836759737444
2056.3   117   -0.6676192848893474   0.0004732253781724292
2084.3   118   -0.6676251674603035   0.0006621265748384693
2113.34   119   -0.6676321993503496   0.00040540272331672847
