0.0   0   -0.502368347335664   0.04182326418006596
1.44   1   -1.4360969092371012   1.2686960589606546
1.93   2   -1.9818719499040163   0.2687121342985393
2.41   3   -2.0160838810167747   0.18204132535701562
3.12   4   -2.0212767887885965   0.057549992018473196
4.08   5   -2.0303365267642093   0.05397496874084903
4.51   6   -2.031288972084192   0.0008233612983175751
5.1   7   -2.031289225091751   2.2514318796699903e-5
5.9   8   -2.031289236641985   9.936293297170909e-6
0.0   0   -2.0312892366419844   0.00011187677561843394
0.43   1   -2.0312892334795754   0.00016597089219265747
0.84   2   -2.0312892379327336   1.4951937343731036e-5
0.0   0   -2.0312892379327345   0.00011152956634708026
0.39   1   -2.031289234437332   0.00016421711335534958
0.79   2   -2.031289238874873   1.6732422063781587e-5
0.0   0   -2.031289238874875   0.00011084584089051961
0.41   1   -2.0312892354067804   0.00015875223859650409
0.85   2   -2.0312892396550337   1.8244304547195476e-5
0.0   0   -2.031289239655035   0.00011029206563080413
0.43   1   -2.0312892361421038   0.00015459382914198116
0.84   2   -2.0312892402696754   1.9685672051581054e-5
