0.0   0   -0.3192560504857392   0.22674003463237724
0.49   1   -0.9925966423817127   0.11617828214994894
0.97   2   -1.0017396778242218   0.030648511818829573
1.67   3   -1.00267716567361   0.031858004925420236
2.7   4   -1.0133738953184532   0.06708137202473297
3.2   5   -1.0151012835126347   0.035500122858887755
4.96   6   -1.0192279352243145   0.02791706923686055
5.45   7   -1.020165366092096   0.008094711170942228
5.95   8   -1.0202240447701791   0.0037488190148382565
6.9   9   -1.0203329015275802   0.009099929376182469
7.61   10   -1.020694648102485   0.004012086121929077
8.34   11   -1.0207202583869173   0.0008771296450955709
9.05   12   -1.0207255373604645   0.001776298904603457
9.97   13   -1.0207542588622442   0.0024440914002525466
10.67   14   -1.0207694044334807   0.00016479701758802368
11.31   15   -1.0207694346561074   0.00010236589648702531
12.59   16   -1.0207715148928673   0.0010288945283521557
13.5   17   -1.0207818752033502   0.0001484513604401559
14.21   18   -1.020782312706041   0.0002814979510786585
15.12   19   -1.0207837901563768   0.0001380732548444865
15.8   20   -1.0207839139345296   7.012665027483077e-6
16.61   21   -1.020783914822763   2.037774455556094e-5
